{"numFailedTestSuites":0,"numFailedTests":0,"numPassedTestSuites":66,"numPassedTests":171,"numPendingTestSuites":0,"numPendingTests":0,"numRuntimeErrorTestSuites":0,"numTodoTests":0,"numTotalTestSuites":66,"numTotalTests":171,"openHandles":[],"snapshot":{"added":0,"didUpdate":false,"failure":false,"filesAdded":0,"filesRemoved":0,"filesRemovedList":[],"filesUnmatched":0,"filesUpdated":0,"matched":0,"total":0,"unchecked":0,"uncheckedKeysByFile":[],"unmatched":0,"updated":0},"startTime":1710358850440,"success":true,"testResults":[{"assertionResults":[{"ancestorTitles":["AppInfiniteScrool"],"duration":55,"failureDetails":[],"failureMessages":[],"fullName":"AppInfiniteScrool Given AppInfiniteScrool When its mount Then LinearProgress is shown","invocations":1,"location":null,"numPassingAsserts":1,"retryReasons":[],"status":"passed","title":"Given AppInfiniteScrool When its mount Then LinearProgress is shown"}],"endTime":1710358852641,"message":"","name":"/home/docker/project/react-boilerplate/react-boilerplate-app/src/app/infinite-scroll/AppInfiniteScrool.test.js","startTime":1710358851232,"status":"passed","summary":""},{"assertionResults":[{"ancestorTitles":["ActivationPage"],"duration":52,"failureDetails":[],"failureMessages":[],"fullName":"ActivationPage Given ActivationPage when its mount then ","invocations":1,"location":null,"numPassingAsserts":1,"retryReasons":[],"status":"passed","title":"Given ActivationPage when its mount then "}],"endTime":1710358852653,"message":"","name":"/home/docker/project/react-boilerplate/react-boilerplate-app/src/module/auth/page/activation/ActivationPage.test.js","startTime":1710358851186,"status":"passed","summary":""},{"assertionResults":[{"ancestorTitles":["useApiService"],"duration":34,"failureDetails":[],"failureMessages":[],"fullName":"useApiService Given useApiService When httpGet Then service is called","invocations":1,"location":null,"numPassingAsserts":1,"retryReasons":[],"status":"passed","title":"Given useApiService When httpGet Then service is called"},{"ancestorTitles":["useApiService"],"duration":4,"failureDetails":[],"failureMessages":[],"fullName":"useApiService Given useApiService When httpGet Then service is called","invocations":1,"location":null,"numPassingAsserts":1,"retryReasons":[],"status":"passed","title":"Given useApiService When httpGet Then service is called"},{"ancestorTitles":["useApiService"],"duration":4,"failureDetails":[],"failureMessages":[],"fullName":"useApiService Given useApiService When httpPost Then service is called","invocations":1,"location":null,"numPassingAsserts":1,"retryReasons":[],"status":"passed","title":"Given useApiService When httpPost Then service is called"},{"ancestorTitles":["useApiService"],"duration":3,"failureDetails":[],"failureMessages":[],"fullName":"useApiService Given useApiService When fetchTools Then service is called","invocations":1,"location":null,"numPassingAsserts":1,"retryReasons":[],"status":"passed","title":"Given useApiService When fetchTools Then service is called"},{"ancestorTitles":["useApiService"],"duration":6,"failureDetails":[],"failureMessages":[],"fullName":"useApiService Given useApiService When httpPut Then service is called","invocations":1,"location":null,"numPassingAsserts":1,"retryReasons":[],"status":"passed","title":"Given useApiService When httpPut Then service is called"},{"ancestorTitles":["useApiService"],"duration":3,"failureDetails":[],"failureMessages":[],"fullName":"useApiService Given useApiService When httpPut Then service is called","invocations":1,"location":null,"numPassingAsserts":1,"retryReasons":[],"status":"passed","title":"Given useApiService When httpPut Then service is called"},{"ancestorTitles":["useApiService"],"duration":5,"failureDetails":[],"failureMessages":[],"fullName":"useApiService Given useApiService When deleteById Then service is called","invocations":1,"location":null,"numPassingAsserts":1,"retryReasons":[],"status":"passed","title":"Given useApiService When deleteById Then service is called"},{"ancestorTitles":["useApiService"],"duration":3,"failureDetails":[],"failureMessages":[],"fullName":"useApiService Given useApiService When deleteById Then service is called","invocations":1,"location":null,"numPassingAsserts":1,"retryReasons":[],"status":"passed","title":"Given useApiService When deleteById Then service is called"}],"endTime":1710358852697,"message":"","name":"/home/docker/project/react-boilerplate/react-boilerplate-app/src/api/hook/useApiService.test.js","startTime":1710358851220,"status":"passed","summary":""},{"assertionResults":[{"ancestorTitles":["CustomNotification"],"duration":48,"failureDetails":[],"failureMessages":[],"fullName":"CustomNotification Given CustomNotification when its mount then ","invocations":1,"location":null,"numPassingAsserts":1,"retryReasons":[],"status":"passed","title":"Given CustomNotification when its mount then "}],"endTime":1710358852707,"message":"","name":"/home/docker/project/react-boilerplate/react-boilerplate-app/src/module/custom/notification/component/CustomNotification.test.js","startTime":1710358851240,"status":"passed","summary":""},{"assertionResults":[{"ancestorTitles":["ForgetPasswordPage"],"duration":88,"failureDetails":[],"failureMessages":[],"fullName":"ForgetPasswordPage Given ForgetPasswordPage when its mount then ","invocations":1,"location":null,"numPassingAsserts":2,"retryReasons":[],"status":"passed","title":"Given ForgetPasswordPage when its mount then "}],"endTime":1710358852718,"message":"","name":"/home/docker/project/react-boilerplate/react-boilerplate-app/src/module/auth/page/forget-password/ForgetPasswordPage.test.js","startTime":1710358851230,"status":"passed","summary":""},{"assertionResults":[{"ancestorTitles":["NewsListPage"],"duration":85,"failureDetails":[],"failureMessages":[],"fullName":"NewsListPage Given NewsListPage when its mount then ","invocations":1,"location":null,"numPassingAsserts":1,"retryReasons":[],"status":"passed","title":"Given NewsListPage when its mount then "}],"endTime":1710358852792,"message":"","name":"/home/docker/project/react-boilerplate/react-boilerplate-app/src/module/news/page/list/NewsListPage.test.js","startTime":1710358851225,"status":"passed","summary":""},{"assertionResults":[{"ancestorTitles":["NewsShowPage"],"duration":199,"failureDetails":[],"failureMessages":[],"fullName":"NewsShowPage Given NewsShowPage when its mount then ","invocations":1,"location":null,"numPassingAsserts":1,"retryReasons":[],"status":"passed","title":"Given NewsShowPage when its mount then "}],"endTime":1710358852886,"message":"","name":"/home/docker/project/react-boilerplate/react-boilerplate-app/src/module/news/page/show/NewsShowPage.test.js","startTime":1710358851183,"status":"passed","summary":""},{"assertionResults":[{"ancestorTitles":["ProfileShow"],"duration":131,"failureDetails":[],"failureMessages":[],"fullName":"ProfileShow Given ProfileShow when its mount then CardContent is shown","invocations":1,"location":null,"numPassingAsserts":1,"retryReasons":[],"status":"passed","title":"Given ProfileShow when its mount then CardContent is shown"}],"endTime":1710358852990,"message":"","name":"/home/docker/project/react-boilerplate/react-boilerplate-app/src/module/user/profile/component/ProfileShow.test.js","startTime":1710358851214,"status":"passed","summary":""},{"assertionResults":[{"ancestorTitles":["ProfilePage"],"duration":119,"failureDetails":[],"failureMessages":[],"fullName":"ProfilePage Given ProfilePage when its mount then CardContent is shown","invocations":1,"location":null,"numPassingAsserts":0,"retryReasons":[],"status":"passed","title":"Given ProfilePage when its mount then CardContent is shown"},{"ancestorTitles":["ProfilePage"],"duration":6,"failureDetails":[],"failureMessages":[],"fullName":"ProfilePage Given ProfilePage when its mount then CardContent is not shown","invocations":1,"location":null,"numPassingAsserts":1,"retryReasons":[],"status":"passed","title":"Given ProfilePage when its mount then CardContent is not shown"}],"endTime":1710358852982,"message":"","name":"/home/docker/project/react-boilerplate/react-boilerplate-app/src/module/user/profile/page/ProfilePage.test.js","startTime":1710358851232,"status":"passed","summary":""},{"assertionResults":[{"ancestorTitles":["NewsUpdatePage"],"duration":260,"failureDetails":[],"failureMessages":[],"fullName":"NewsUpdatePage Given NewsUpdatePage when its mount then ","invocations":1,"location":null,"numPassingAsserts":1,"retryReasons":[],"status":"passed","title":"Given NewsUpdatePage when its mount then "}],"endTime":1710358853126,"message":"","name":"/home/docker/project/react-boilerplate/react-boilerplate-app/src/module/news/page/update/NewsUpdatePage.test.js","startTime":1710358851228,"status":"passed","summary":""},{"assertionResults":[{"ancestorTitles":["LoginPage"],"duration":347,"failureDetails":[],"failureMessages":[],"fullName":"LoginPage Given LoginPage when its mount then ","invocations":1,"location":null,"numPassingAsserts":1,"retryReasons":[],"status":"passed","title":"Given LoginPage when its mount then "}],"endTime":1710358853131,"message":"","name":"/home/docker/project/react-boilerplate/react-boilerplate-app/src/module/auth/page/login/LoginPage.test.js","startTime":1710358851226,"status":"passed","summary":""},{"assertionResults":[{"ancestorTitles":["RegisterPage"],"duration":362,"failureDetails":[],"failureMessages":[],"fullName":"RegisterPage Given RegisterPage when its mount then ","invocations":1,"location":null,"numPassingAsserts":1,"retryReasons":[],"status":"passed","title":"Given RegisterPage when its mount then "}],"endTime":1710358853189,"message":"","name":"/home/docker/project/react-boilerplate/react-boilerplate-app/src/module/auth/page/register/RegisterPage.test.js","startTime":1710358851218,"status":"passed","summary":""},{"assertionResults":[{"ancestorTitles":["AdminService"],"duration":4,"failureDetails":[],"failureMessages":[],"fullName":"AdminService Given AdminService when findBy then ApiService is called","invocations":1,"location":null,"numPassingAsserts":1,"retryReasons":[],"status":"passed","title":"Given AdminService when findBy then ApiService is called"},{"ancestorTitles":["AdminService"],"duration":1,"failureDetails":[],"failureMessages":[],"fullName":"AdminService Given AdminService when findById then ApiService is called","invocations":1,"location":null,"numPassingAsserts":1,"retryReasons":[],"status":"passed","title":"Given AdminService when findById then ApiService is called"},{"ancestorTitles":["AdminService"],"duration":1,"failureDetails":[],"failureMessages":[],"fullName":"AdminService Given AdminService when create then ApiService is called","invocations":1,"location":null,"numPassingAsserts":1,"retryReasons":[],"status":"passed","title":"Given AdminService when create then ApiService is called"},{"ancestorTitles":["AdminService"],"duration":1,"failureDetails":[],"failureMessages":[],"fullName":"AdminService Given AdminService when update then ApiService is called","invocations":1,"location":null,"numPassingAsserts":1,"retryReasons":[],"status":"passed","title":"Given AdminService when update then ApiService is called"}],"endTime":1710358853198,"message":"","name":"/home/docker/project/react-boilerplate/react-boilerplate-app/src/module/admin/service/AdminService.test.js","startTime":1710358852942,"status":"passed","summary":""},{"assertionResults":[{"ancestorTitles":["ShowMessage"],"duration":18,"failureDetails":[],"failureMessages":[],"fullName":"ShowMessage Given ShowMessage when its mount then Table is shown","invocations":1,"location":null,"numPassingAsserts":1,"retryReasons":[],"status":"passed","title":"Given ShowMessage when its mount then Table is shown"}],"endTime":1710358853219,"message":"","name":"/home/docker/project/react-boilerplate/react-boilerplate-app/src/template/message/ShowMessage.test.js","startTime":1710358852711,"status":"passed","summary":""},{"assertionResults":[{"ancestorTitles":["AdminTabPage"],"duration":46,"failureDetails":[],"failureMessages":[],"fullName":"AdminTabPage Given AdminTabPage when its mount then ","invocations":1,"location":null,"numPassingAsserts":0,"retryReasons":[],"status":"passed","title":"Given AdminTabPage when its mount then "}],"endTime":1710358853302,"message":"","name":"/home/docker/project/react-boilerplate/react-boilerplate-app/src/module/admin/page/tab/AdminTabPage.test.js","startTime":1710358852730,"status":"passed","summary":""},{"assertionResults":[{"ancestorTitles":["CustomList"],"duration":35,"failureDetails":[],"failureMessages":[],"fullName":"CustomList Given CustomList when its mount with no data then list is empty","invocations":1,"location":null,"numPassingAsserts":1,"retryReasons":[],"status":"passed","title":"Given CustomList when its mount with no data then list is empty"},{"ancestorTitles":["CustomList"],"duration":34,"failureDetails":[],"failureMessages":[],"fullName":"CustomList Given CustomList when its mount with datas then list not empty","invocations":1,"location":null,"numPassingAsserts":3,"retryReasons":[],"status":"passed","title":"Given CustomList when its mount with datas then list not empty"}],"endTime":1710358853301,"message":"","name":"/home/docker/project/react-boilerplate/react-boilerplate-app/src/module/custom/list/component/CustomList.test.js","startTime":1710358852747,"status":"passed","summary":""},{"assertionResults":[{"ancestorTitles":["useUser"],"duration":37,"failureDetails":[],"failureMessages":[],"fullName":"useUser Given useUser when is mount with an id Then ","invocations":1,"location":null,"numPassingAsserts":7,"retryReasons":[],"status":"passed","title":"Given useUser when is mount with an id Then "}],"endTime":1710358853350,"message":"","name":"/home/docker/project/react-boilerplate/react-boilerplate-app/src/module/user/user/hook/useUser.test.js","startTime":1710358852750,"status":"passed","summary":""},{"assertionResults":[{"ancestorTitles":["CheckIdentityPage"],"duration":66,"failureDetails":[],"failureMessages":[],"fullName":"CheckIdentityPage Given CheckIdentityPage when its mount then ","invocations":1,"location":null,"numPassingAsserts":2,"retryReasons":[],"status":"passed","title":"Given CheckIdentityPage when its mount then "}],"endTime":1710358853399,"message":"","name":"/home/docker/project/react-boilerplate/react-boilerplate-app/src/module/auth/page/check-identity/CheckIdentityPage.test.js","startTime":1710358852846,"status":"passed","summary":""},{"assertionResults":[{"ancestorTitles":["NewsCard"],"duration":186,"failureDetails":[],"failureMessages":[],"fullName":"NewsCard Given NewsCard when its mount then MdCard is shown","invocations":1,"location":null,"numPassingAsserts":1,"retryReasons":[],"status":"passed","title":"Given NewsCard when its mount then MdCard is shown"}],"endTime":1710358853439,"message":"","name":"/home/docker/project/react-boilerplate/react-boilerplate-app/src/module/news/component/card/NewsCard.test.js","startTime":1710358852718,"status":"passed","summary":""},{"assertionResults":[{"ancestorTitles":["AppButtonRefresh"],"duration":34,"failureDetails":[],"failureMessages":[],"fullName":"AppButtonRefresh Given AppButtonRefresh when its mount then MdButton is shown","invocations":1,"location":null,"numPassingAsserts":1,"retryReasons":[],"status":"passed","title":"Given AppButtonRefresh when its mount then MdButton is shown"}],"endTime":1710358853680,"message":"","name":"/home/docker/project/react-boilerplate/react-boilerplate-app/src/app/button/component/refresh/AppButtonRefresh.test.js","startTime":1710358853193,"status":"passed","summary":""},{"assertionResults":[{"ancestorTitles":["useModal"],"duration":141,"failureDetails":[],"failureMessages":[],"fullName":"useModal Given useModal when is mount with an id Then ","invocations":1,"location":null,"numPassingAsserts":2,"retryReasons":[],"status":"passed","title":"Given useModal when is mount with an id Then "}],"endTime":1710358853684,"message":"","name":"/home/docker/project/react-boilerplate/react-boilerplate-app/src/hook/modal/useModal.test.js","startTime":1710358853063,"status":"passed","summary":""},{"assertionResults":[{"ancestorTitles":["CrudPage"],"duration":24,"failureDetails":[],"failureMessages":[],"fullName":"CrudPage Given CrudPage when its mount then ButtonGroup is shown","invocations":1,"location":null,"numPassingAsserts":1,"retryReasons":[],"status":"passed","title":"Given CrudPage when its mount then ButtonGroup is shown"}],"endTime":1710358853733,"message":"","name":"/home/docker/project/react-boilerplate/react-boilerplate-app/src/page/CrudPage.test.js","startTime":1710358853239,"status":"passed","summary":""},{"assertionResults":[{"ancestorTitles":["NotFoundPage"],"duration":54,"failureDetails":[],"failureMessages":[],"fullName":"NotFoundPage Given NotFoundPage when its mount then MdCard is shown ","invocations":1,"location":null,"numPassingAsserts":1,"retryReasons":[],"status":"passed","title":"Given NotFoundPage when its mount then MdCard is shown "}],"endTime":1710358853733,"message":"","name":"/home/docker/project/react-boilerplate/react-boilerplate-app/src/module/not-found/page/NotFoundPage.test.js","startTime":1710358853179,"status":"passed","summary":""},{"assertionResults":[{"ancestorTitles":["CustomFormManyToMany"],"duration":131,"failureDetails":[],"failureMessages":[],"fullName":"CustomFormManyToMany Given CustomFormManyToMany when its mount then ","invocations":1,"location":null,"numPassingAsserts":2,"retryReasons":[],"status":"passed","title":"Given CustomFormManyToMany when its mount then "}],"endTime":1710358853750,"message":"","name":"/home/docker/project/react-boilerplate/react-boilerplate-app/src/module/custom/form/component/CustomFormManyToMany.test.js","startTime":1710358853068,"status":"passed","summary":""},{"assertionResults":[{"ancestorTitles":["AppContent"],"duration":36,"failureDetails":[],"failureMessages":[],"fullName":"AppContent Given AppContent when its mount then ButtonGroup is shown","invocations":1,"location":null,"numPassingAsserts":1,"retryReasons":[],"status":"passed","title":"Given AppContent when its mount then ButtonGroup is shown"}],"endTime":1710358853773,"message":"","name":"/home/docker/project/react-boilerplate/react-boilerplate-app/src/app/content/AppContent.test.js","startTime":1710358853238,"status":"passed","summary":""},{"assertionResults":[{"ancestorTitles":["useApiServiceCrud"],"duration":21,"failureDetails":[],"failureMessages":[],"fullName":"useApiServiceCrud Given useApiServiceCrud When createOrUpdate Then service is called","invocations":1,"location":null,"numPassingAsserts":2,"retryReasons":[],"status":"passed","title":"Given useApiServiceCrud When createOrUpdate Then service is called"},{"ancestorTitles":["useApiServiceCrud"],"duration":4,"failureDetails":[],"failureMessages":[],"fullName":"useApiServiceCrud Given useApiServiceCrud When createOrUpdate Then service is called","invocations":1,"location":null,"numPassingAsserts":2,"retryReasons":[],"status":"passed","title":"Given useApiServiceCrud When createOrUpdate Then service is called"},{"ancestorTitles":["useApiServiceCrud"],"duration":6,"failureDetails":[],"failureMessages":[],"fullName":"useApiServiceCrud Given useApiServiceCrud When createOrUpdate Then service is called","invocations":1,"location":null,"numPassingAsserts":2,"retryReasons":[],"status":"passed","title":"Given useApiServiceCrud When createOrUpdate Then service is called"}],"endTime":1710358853794,"message":"","name":"/home/docker/project/react-boilerplate/react-boilerplate-app/src/api/hook/useApiServiceCrud.test.js","startTime":1710358853241,"status":"passed","summary":""},{"assertionResults":[{"ancestorTitles":["SuspenceLoader"],"duration":27,"failureDetails":[],"failureMessages":[],"fullName":"SuspenceLoader Give SuspenceLoader When component is mount Then loader class name is found","invocations":1,"location":null,"numPassingAsserts":1,"retryReasons":[],"status":"passed","title":"Give SuspenceLoader When component is mount Then loader class name is found"}],"endTime":1710358853911,"message":"","name":"/home/docker/project/react-boilerplate/react-boilerplate-app/src/suspence/SuspenceLoader.test.js","startTime":1710358853447,"status":"passed","summary":""},{"assertionResults":[{"ancestorTitles":["useCreateNews"],"duration":22,"failureDetails":[],"failureMessages":[],"fullName":"useCreateNews Given useCreateNews when fetchById Then service is called","invocations":1,"location":null,"numPassingAsserts":1,"retryReasons":[],"status":"passed","title":"Given useCreateNews when fetchById Then service is called"},{"ancestorTitles":["useCreateNews"],"duration":3,"failureDetails":[],"failureMessages":[],"fullName":"useCreateNews Given useCreateNews when createOrUpdateNews Then service is called","invocations":1,"location":null,"numPassingAsserts":1,"retryReasons":[],"status":"passed","title":"Given useCreateNews when createOrUpdateNews Then service is called"}],"endTime":1710358853896,"message":"","name":"/home/docker/project/react-boilerplate/react-boilerplate-app/src/module/news/hook/useCreateNews.test.js","startTime":1710358853337,"status":"passed","summary":""},{"assertionResults":[{"ancestorTitles":["CustomFormModale"],"duration":37,"failureDetails":[],"failureMessages":[],"fullName":"CustomFormModale Given CustomFormModale when its mount then ","invocations":1,"location":null,"numPassingAsserts":0,"retryReasons":[],"status":"passed","title":"Given CustomFormModale when its mount then "},{"ancestorTitles":["CustomFormModale"],"duration":19,"failureDetails":[],"failureMessages":[],"fullName":"CustomFormModale Given CustomFormModale when its mount with data then ","invocations":1,"location":null,"numPassingAsserts":0,"retryReasons":[],"status":"passed","title":"Given CustomFormModale when its mount with data then "}],"endTime":1710358853945,"message":"","name":"/home/docker/project/react-boilerplate/react-boilerplate-app/src/module/custom/form/component/CustomFormModale.test.js","startTime":1710358853331,"status":"passed","summary":""},{"assertionResults":[{"ancestorTitles":["AppInputWithButton"],"duration":46,"failureDetails":[],"failureMessages":[],"fullName":"AppInputWithButton Given AppInputWithButton When its mount Then MdInputTextSimple is shown","invocations":1,"location":null,"numPassingAsserts":3,"retryReasons":[],"status":"passed","title":"Given AppInputWithButton When its mount Then MdInputTextSimple is shown"}],"endTime":1710358853952,"message":"","name":"/home/docker/project/react-boilerplate/react-boilerplate-app/src/app/input-with-button/component/AppInputWithButton.test.js","startTime":1710358853383,"status":"passed","summary":""},{"assertionResults":[{"ancestorTitles":["LoginGoogle"],"duration":31,"failureDetails":[],"failureMessages":[],"fullName":"LoginGoogle Given LoginGoogle when its mount then ","invocations":1,"location":null,"numPassingAsserts":1,"retryReasons":[],"status":"passed","title":"Given LoginGoogle when its mount then "}],"endTime":1710358853978,"message":"","name":"/home/docker/project/react-boilerplate/react-boilerplate-app/src/module/auth/page/login/google/LoginGoogle.test.js","startTime":1710358853460,"status":"passed","summary":""},{"assertionResults":[{"ancestorTitles":["useHandleKey"],"duration":17,"failureDetails":[],"failureMessages":[],"fullName":"useHandleKey Given useHandleKey when key is Escape then callback is called","invocations":1,"location":null,"numPassingAsserts":1,"retryReasons":[],"status":"passed","title":"Given useHandleKey when key is Escape then callback is called"},{"ancestorTitles":["useHandleKey"],"duration":3,"failureDetails":[],"failureMessages":[],"fullName":"useHandleKey Given useHandleKey when there is no key then callback is not called","invocations":1,"location":null,"numPassingAsserts":1,"retryReasons":[],"status":"passed","title":"Given useHandleKey when there is no key then callback is not called"}],"endTime":1710358854162,"message":"","name":"/home/docker/project/react-boilerplate/react-boilerplate-app/src/hook/handle/useHandleKey.test.js","startTime":1710358853699,"status":"passed","summary":""},{"assertionResults":[{"ancestorTitles":["CustomModaleConfirm"],"duration":34,"failureDetails":[],"failureMessages":[],"fullName":"CustomModaleConfirm Given CustomModaleConfirm when its mount with no data then list is empty","invocations":1,"location":null,"numPassingAsserts":1,"retryReasons":[],"status":"passed","title":"Given CustomModaleConfirm when its mount with no data then list is empty"}],"endTime":1710358854186,"message":"","name":"/home/docker/project/react-boilerplate/react-boilerplate-app/src/module/custom/modale/component/CustomModaleConfirm.test.js","startTime":1710358853702,"status":"passed","summary":""},{"assertionResults":[{"ancestorTitles":["useMessage"],"duration":21,"failureDetails":[],"failureMessages":[],"fullName":"useMessage Given useMessage when location is / then dispatch is called","invocations":1,"location":null,"numPassingAsserts":0,"retryReasons":[],"status":"passed","title":"Given useMessage when location is / then dispatch is called"}],"endTime":1710358854193,"message":"","name":"/home/docker/project/react-boilerplate/react-boilerplate-app/src/hook/message/useMessage.test.js","startTime":1710358853751,"status":"passed","summary":""},{"assertionResults":[{"ancestorTitles":["useCustomFormUpload"],"duration":22,"failureDetails":[],"failureMessages":[],"fullName":"useCustomFormUpload Given useCustomFormUpload when uploadImage then ApiService is called","invocations":1,"location":null,"numPassingAsserts":1,"retryReasons":[],"status":"passed","title":"Given useCustomFormUpload when uploadImage then ApiService is called"}],"endTime":1710358854302,"message":"","name":"/home/docker/project/react-boilerplate/react-boilerplate-app/src/module/custom/form/hook/useCustomFormUpload.test.js","startTime":1710358853826,"status":"passed","summary":""},{"assertionResults":[{"ancestorTitles":["useUserAuth"],"duration":24,"failureDetails":[],"failureMessages":[],"fullName":"useUserAuth Given useUserAuth When handleLogout Then service is called","invocations":1,"location":null,"numPassingAsserts":1,"retryReasons":[],"status":"passed","title":"Given useUserAuth When handleLogout Then service is called"}],"endTime":1710358854311,"message":"","name":"/home/docker/project/react-boilerplate/react-boilerplate-app/src/hook/user/useUserAuth.test.js","startTime":1710358853796,"status":"passed","summary":""},{"assertionResults":[{"ancestorTitles":["useAdminList"],"duration":19,"failureDetails":[],"failureMessages":[],"fullName":"useAdminList Given useAdminList When fetchTools with empty parameters Then service is not called","invocations":1,"location":null,"numPassingAsserts":1,"retryReasons":[],"status":"passed","title":"Given useAdminList When fetchTools with empty parameters Then service is not called"},{"ancestorTitles":["useAdminList"],"duration":4,"failureDetails":[],"failureMessages":[],"fullName":"useAdminList Given useAdminList When fetchTools Then service is called","invocations":1,"location":null,"numPassingAsserts":1,"retryReasons":[],"status":"passed","title":"Given useAdminList When fetchTools Then service is called"}],"endTime":1710358854319,"message":"","name":"/home/docker/project/react-boilerplate/react-boilerplate-app/src/module/admin/hook/useAdminList.test.js","startTime":1710358853834,"status":"passed","summary":""},{"assertionResults":[{"ancestorTitles":["NewsCardSmall"],"duration":55,"failureDetails":[],"failureMessages":[],"fullName":"NewsCardSmall Given NewsCardSmall when its mount then CardContent is shown","invocations":1,"location":null,"numPassingAsserts":1,"retryReasons":[],"status":"passed","title":"Given NewsCardSmall when its mount then CardContent is shown"}],"endTime":1710358854313,"message":"","name":"/home/docker/project/react-boilerplate/react-boilerplate-app/src/module/news/component/card/NewsCardSmall.test.js","startTime":1710358853757,"status":"passed","summary":""},{"assertionResults":[{"ancestorTitles":["useClickOutside"],"duration":33,"failureDetails":[],"failureMessages":[],"fullName":"useClickOutside Given useClickOutside When click outside Then close method is called","invocations":1,"location":null,"numPassingAsserts":2,"retryReasons":[],"status":"passed","title":"Given useClickOutside When click outside Then close method is called"}],"endTime":1710358854411,"message":"","name":"/home/docker/project/react-boilerplate/react-boilerplate-app/src/hook/click/useClickOutside.test.js","startTime":1710358853929,"status":"passed","summary":""},{"assertionResults":[{"ancestorTitles":["API INTERCEPTOR"],"duration":8,"failureDetails":[],"failureMessages":[],"fullName":"API INTERCEPTOR Given axios request When its called without jwt token Then request is not changed","invocations":1,"location":null,"numPassingAsserts":1,"retryReasons":[],"status":"passed","title":"Given axios request When its called without jwt token Then request is not changed"},{"ancestorTitles":["API INTERCEPTOR"],"duration":1,"failureDetails":[],"failureMessages":[],"fullName":"API INTERCEPTOR Given axios request When its called with a jwt token Then request is upgrade","invocations":1,"location":null,"numPassingAsserts":1,"retryReasons":[],"status":"passed","title":"Given axios request When its called with a jwt token Then request is upgrade"},{"ancestorTitles":["API INTERCEPTOR"],"duration":24,"failureDetails":[],"failureMessages":[],"fullName":"API INTERCEPTOR Given axios request When its on error Then error is keeped","invocations":1,"location":null,"numPassingAsserts":1,"retryReasons":[],"status":"passed","title":"Given axios request When its on error Then error is keeped"},{"ancestorTitles":["API INTERCEPTOR"],"duration":2,"failureDetails":[],"failureMessages":[],"fullName":"API INTERCEPTOR Given axios response When its in success Then response if retrieved","invocations":1,"location":null,"numPassingAsserts":1,"retryReasons":[],"status":"passed","title":"Given axios response When its in success Then response if retrieved"},{"ancestorTitles":["API INTERCEPTOR"],"duration":2,"failureDetails":[],"failureMessages":[],"fullName":"API INTERCEPTOR Given axios response When its in error Then error is keeped","invocations":1,"location":null,"numPassingAsserts":1,"retryReasons":[],"status":"passed","title":"Given axios response When its in error Then error is keeped"},{"ancestorTitles":["API INTERCEPTOR"],"duration":24,"failureDetails":[],"failureMessages":[],"fullName":"API INTERCEPTOR Given axios response When its in error 401 and not retry Then refresh token is called","invocations":1,"location":null,"numPassingAsserts":1,"retryReasons":[],"status":"passed","title":"Given axios response When its in error 401 and not retry Then refresh token is called"},{"ancestorTitles":["API INTERCEPTOR"],"duration":1,"failureDetails":[],"failureMessages":[],"fullName":"API INTERCEPTOR Given axios response When its in error 401 and in retry Then refresh token is not called","invocations":1,"location":null,"numPassingAsserts":1,"retryReasons":[],"status":"passed","title":"Given axios response When its in error 401 and in retry Then refresh token is not called"},{"ancestorTitles":["API INTERCEPTOR"],"duration":0,"failureDetails":[],"failureMessages":[],"fullName":"API INTERCEPTOR Given axios response When its in error 401 and in retry with message Then refresh token is not called","invocations":1,"location":null,"numPassingAsserts":1,"retryReasons":[],"status":"passed","title":"Given axios response When its in error 401 and in retry with message Then refresh token is not called"},{"ancestorTitles":["API INTERCEPTOR"],"duration":1,"failureDetails":[],"failureMessages":[],"fullName":"API INTERCEPTOR Given axios response When its in error 401 and in retry without message Then refresh token is not called","invocations":1,"location":null,"numPassingAsserts":1,"retryReasons":[],"status":"passed","title":"Given axios response When its in error 401 and in retry without message Then refresh token is not called"}],"endTime":1710358854478,"message":"","name":"/home/docker/project/react-boilerplate/react-boilerplate-app/src/api/interceptor/AxiosInterceptor.test.js","startTime":1710358854220,"status":"passed","summary":""},{"assertionResults":[{"ancestorTitles":["useCustomNotification"],"duration":92,"failureDetails":[],"failureMessages":[],"fullName":"useCustomNotification Given useCustomNotification when is mount with an id Then ","invocations":1,"location":null,"numPassingAsserts":2,"retryReasons":[],"status":"passed","title":"Given useCustomNotification when is mount with an id Then "}],"endTime":1710358854490,"message":"","name":"/home/docker/project/react-boilerplate/react-boilerplate-app/src/module/custom/notification/hook/useCustomNotification.test.js","startTime":1710358853971,"status":"passed","summary":""},{"assertionResults":[{"ancestorTitles":["ShowPage"],"duration":22,"failureDetails":[],"failureMessages":[],"fullName":"ShowPage Given ShowPage when its mount then ButtonGroup is shown","invocations":1,"location":null,"numPassingAsserts":1,"retryReasons":[],"status":"passed","title":"Given ShowPage when its mount then ButtonGroup is shown"}],"endTime":1710358854496,"message":"","name":"/home/docker/project/react-boilerplate/react-boilerplate-app/src/page/ShowPage.test.js","startTime":1710358853983,"status":"passed","summary":""},{"assertionResults":[{"ancestorTitles":["useFetchNews"],"duration":83,"failureDetails":[],"failureMessages":[],"fullName":"useFetchNews Given useFetchNews when is mount with an id Then ","invocations":1,"location":null,"numPassingAsserts":2,"retryReasons":[],"status":"passed","title":"Given useFetchNews when is mount with an id Then "}],"endTime":1710358854498,"message":"","name":"/home/docker/project/react-boilerplate/react-boilerplate-app/src/module/news/hook/useFetchNews.test.js","startTime":1710358853932,"status":"passed","summary":""},{"assertionResults":[{"ancestorTitles":["CustomForm"],"duration":137,"failureDetails":[],"failureMessages":[],"fullName":"CustomForm Given CustomForm when its mount then ","invocations":1,"location":null,"numPassingAsserts":1,"retryReasons":[],"status":"passed","title":"Given CustomForm when its mount then "}],"endTime":1710358854504,"message":"","name":"/home/docker/project/react-boilerplate/react-boilerplate-app/src/module/custom/form/component/CustomForm.test.js","startTime":1710358851225,"status":"passed","summary":""},{"assertionResults":[{"ancestorTitles":["useApiServiceFindBy"],"duration":21,"failureDetails":[],"failureMessages":[],"fullName":"useApiServiceFindBy Given useApiServiceFindBy When fetchBy Then service is called","invocations":1,"location":null,"numPassingAsserts":1,"retryReasons":[],"status":"passed","title":"Given useApiServiceFindBy When fetchBy Then service is called"},{"ancestorTitles":["useApiServiceFindBy"],"duration":2,"failureDetails":[],"failureMessages":[],"fullName":"useApiServiceFindBy Given useApiServiceFindBy When fetchBy Then service is called","invocations":1,"location":null,"numPassingAsserts":2,"retryReasons":[],"status":"passed","title":"Given useApiServiceFindBy When fetchBy Then service is called"},{"ancestorTitles":["useApiServiceFindBy"],"duration":4,"failureDetails":[],"failureMessages":[],"fullName":"useApiServiceFindBy Given useApiServiceFindBy When fetchBy Then service is called","invocations":1,"location":null,"numPassingAsserts":1,"retryReasons":[],"status":"passed","title":"Given useApiServiceFindBy When fetchBy Then service is called"}],"endTime":1710358854544,"message":"","name":"/home/docker/project/react-boilerplate/react-boilerplate-app/src/api/hook/useApiServiceFindBy.test.js","startTime":1710358854028,"status":"passed","summary":""},{"assertionResults":[{"ancestorTitles":["ProfileService"],"duration":3,"failureDetails":[],"failureMessages":[],"fullName":"ProfileService Given ProfileService when loadRoles then ApiService is called","invocations":1,"location":null,"numPassingAsserts":1,"retryReasons":[],"status":"passed","title":"Given ProfileService when loadRoles then ApiService is called"},{"ancestorTitles":["ProfileService"],"duration":0,"failureDetails":[],"failureMessages":[],"fullName":"ProfileService Given ProfileService when countRoles then ApiService is called","invocations":1,"location":null,"numPassingAsserts":1,"retryReasons":[],"status":"passed","title":"Given ProfileService when countRoles then ApiService is called"},{"ancestorTitles":["ProfileService"],"duration":0,"failureDetails":[],"failureMessages":[],"fullName":"ProfileService Given ProfileService when loadRole then ApiService is called","invocations":1,"location":null,"numPassingAsserts":1,"retryReasons":[],"status":"passed","title":"Given ProfileService when loadRole then ApiService is called"},{"ancestorTitles":["ProfileService"],"duration":1,"failureDetails":[],"failureMessages":[],"fullName":"ProfileService Given ProfileService when create then ApiService is called","invocations":1,"location":null,"numPassingAsserts":1,"retryReasons":[],"status":"passed","title":"Given ProfileService when create then ApiService is called"},{"ancestorTitles":["ProfileService"],"duration":3,"failureDetails":[],"failureMessages":[],"fullName":"ProfileService Given ProfileService when update then ApiService is called","invocations":1,"location":null,"numPassingAsserts":1,"retryReasons":[],"status":"passed","title":"Given ProfileService when update then ApiService is called"}],"endTime":1710358854558,"message":"","name":"/home/docker/project/react-boilerplate/react-boilerplate-app/src/module/user/profile/service/ProfileService.test.js","startTime":1710358854350,"status":"passed","summary":""},{"assertionResults":[{"ancestorTitles":["AuthService"],"duration":2,"failureDetails":[],"failureMessages":[],"fullName":"AuthService Given AuthService when register then ApiService is called","invocations":1,"location":null,"numPassingAsserts":1,"retryReasons":[],"status":"passed","title":"Given AuthService when register then ApiService is called"},{"ancestorTitles":["AuthService"],"duration":1,"failureDetails":[],"failureMessages":[],"fullName":"AuthService Given AuthService when login then ApiService is called","invocations":1,"location":null,"numPassingAsserts":1,"retryReasons":[],"status":"passed","title":"Given AuthService when login then ApiService is called"},{"ancestorTitles":["AuthService"],"duration":1,"failureDetails":[],"failureMessages":[],"fullName":"AuthService Given AuthService when activation then ApiService is called","invocations":1,"location":null,"numPassingAsserts":1,"retryReasons":[],"status":"passed","title":"Given AuthService when activation then ApiService is called"},{"ancestorTitles":["AuthService"],"duration":1,"failureDetails":[],"failureMessages":[],"fullName":"AuthService Given AuthService when createIdentityToken then ApiService is called","invocations":1,"location":null,"numPassingAsserts":1,"retryReasons":[],"status":"passed","title":"Given AuthService when createIdentityToken then ApiService is called"},{"ancestorTitles":["AuthService"],"duration":0,"failureDetails":[],"failureMessages":[],"fullName":"AuthService Given AuthService when checkIdentityToken then ApiService is called","invocations":1,"location":null,"numPassingAsserts":1,"retryReasons":[],"status":"passed","title":"Given AuthService when checkIdentityToken then ApiService is called"},{"ancestorTitles":["AuthService"],"duration":1,"failureDetails":[],"failureMessages":[],"fullName":"AuthService Given AuthService when resetPassword then ApiService is called","invocations":1,"location":null,"numPassingAsserts":1,"retryReasons":[],"status":"passed","title":"Given AuthService when resetPassword then ApiService is called"},{"ancestorTitles":["AuthService"],"duration":0,"failureDetails":[],"failureMessages":[],"fullName":"AuthService Given AuthService when googleConnect then ApiService is called","invocations":1,"location":null,"numPassingAsserts":1,"retryReasons":[],"status":"passed","title":"Given AuthService when googleConnect then ApiService is called"},{"ancestorTitles":["AuthService"],"duration":1,"failureDetails":[],"failureMessages":[],"fullName":"AuthService Given AuthService when facebookConnect then ApiService is called","invocations":1,"location":null,"numPassingAsserts":1,"retryReasons":[],"status":"passed","title":"Given AuthService when facebookConnect then ApiService is called"},{"ancestorTitles":["AuthService"],"duration":0,"failureDetails":[],"failureMessages":[],"fullName":"AuthService Given AuthService when logout then ","invocations":1,"location":null,"numPassingAsserts":0,"retryReasons":[],"status":"passed","title":"Given AuthService when logout then "},{"ancestorTitles":["AuthService"],"duration":1,"failureDetails":[],"failureMessages":[],"fullName":"AuthService Given AuthService when updateLocalStorage then ","invocations":1,"location":null,"numPassingAsserts":0,"retryReasons":[],"status":"passed","title":"Given AuthService when updateLocalStorage then "}],"endTime":1710358854646,"message":"","name":"/home/docker/project/react-boilerplate/react-boilerplate-app/src/module/auth/service/AuthService.test.js","startTime":1710358854435,"status":"passed","summary":""},{"assertionResults":[{"ancestorTitles":["AdminShowPage"],"duration":84,"failureDetails":[],"failureMessages":[],"fullName":"AdminShowPage Given AdminShowPage when its mount then ","invocations":1,"location":null,"numPassingAsserts":0,"retryReasons":[],"status":"passed","title":"Given AdminShowPage when its mount then "}],"endTime":1710358854630,"message":"","name":"/home/docker/project/react-boilerplate/react-boilerplate-app/src/module/admin/page/show/AdminShowPage.test.js","startTime":1710358851242,"status":"passed","summary":""},{"assertionResults":[{"ancestorTitles":["ApiCrudService"],"duration":3,"failureDetails":[],"failureMessages":[],"fullName":"ApiCrudService Given ApiCrudService when createOrUpdate then ApiService is called","invocations":1,"location":null,"numPassingAsserts":1,"retryReasons":[],"status":"passed","title":"Given ApiCrudService when createOrUpdate then ApiService is called"},{"ancestorTitles":["ApiCrudService"],"duration":1,"failureDetails":[],"failureMessages":[],"fullName":"ApiCrudService Given ApiCrudService when createOrUpdate then ApiService is called","invocations":1,"location":null,"numPassingAsserts":1,"retryReasons":[],"status":"passed","title":"Given ApiCrudService when createOrUpdate then ApiService is called"}],"endTime":1710358854726,"message":"","name":"/home/docker/project/react-boilerplate/react-boilerplate-app/src/api/service/crud/ApiCrudService.test.js","startTime":1710358854512,"status":"passed","summary":""},{"assertionResults":[{"ancestorTitles":["i18n"],"duration":2,"failureDetails":[],"failureMessages":[],"fullName":"i18n Given Trans from i18n When component is mount Then he is find in the DOM","invocations":1,"location":null,"numPassingAsserts":1,"retryReasons":[],"status":"passed","title":"Given Trans from i18n When component is mount Then he is find in the DOM"}],"endTime":1710358854768,"message":"","name":"/home/docker/project/react-boilerplate/react-boilerplate-app/src/i18n/i18.test.js","startTime":1710358854519,"status":"passed","summary":""},{"assertionResults":[{"ancestorTitles":["AppChartBar"],"duration":48,"failureDetails":[],"failureMessages":[],"fullName":"AppChartBar Given AppChartBar when its mount then MdCard is shown","invocations":1,"location":null,"numPassingAsserts":1,"retryReasons":[],"status":"passed","title":"Given AppChartBar when its mount then MdCard is shown"}],"endTime":1710358854770,"message":"","name":"/home/docker/project/react-boilerplate/react-boilerplate-app/src/app/chart/bar/component/AppChartBar.test.js","startTime":1710358854183,"status":"passed","summary":""},{"assertionResults":[{"ancestorTitles":["StorageUtils set get remove"],"duration":9,"failureDetails":[],"failureMessages":[],"fullName":"StorageUtils set get remove Given StorageUtils When current user is set Then localstorage is called","invocations":1,"location":null,"numPassingAsserts":1,"retryReasons":[],"status":"passed","title":"Given StorageUtils When current user is set Then localstorage is called"},{"ancestorTitles":["StorageUtils setCurrentUser"],"duration":3,"failureDetails":[],"failureMessages":[],"fullName":"StorageUtils setCurrentUser Given StorageUtils When current user is set Then localstorage is called","invocations":1,"location":null,"numPassingAsserts":1,"retryReasons":[],"status":"passed","title":"Given StorageUtils When current user is set Then localstorage is called"},{"ancestorTitles":["StorageUtils removeCurrentUser"],"duration":0,"failureDetails":[],"failureMessages":[],"fullName":"StorageUtils removeCurrentUser Given StorageUtils When current user is removed Then localstorage is called","invocations":1,"location":null,"numPassingAsserts":1,"retryReasons":[],"status":"passed","title":"Given StorageUtils When current user is removed Then localstorage is called"},{"ancestorTitles":["storage getCurrentUser"],"duration":16,"failureDetails":[],"failureMessages":[],"fullName":"storage getCurrentUser Given Storage When current user is get Then localstorage is called","invocations":1,"location":null,"numPassingAsserts":2,"retryReasons":[],"status":"passed","title":"Given Storage When current user is get Then localstorage is called"},{"ancestorTitles":["storage getCurrentUser"],"duration":1,"failureDetails":[],"failureMessages":[],"fullName":"storage getCurrentUser Given StorageUtils When current user is get with data Then localstorage is called","invocations":1,"location":null,"numPassingAsserts":2,"retryReasons":[],"status":"passed","title":"Given StorageUtils When current user is get with data Then localstorage is called"},{"ancestorTitles":["storage getCurrentUser"],"duration":1,"failureDetails":[],"failureMessages":[],"fullName":"storage getCurrentUser Given StorageUtils When current user is get with wrong data Then localstorage is in error","invocations":1,"location":null,"numPassingAsserts":2,"retryReasons":[],"status":"passed","title":"Given StorageUtils When current user is get with wrong data Then localstorage is in error"},{"ancestorTitles":["StorageUtils getJwt"],"duration":1,"failureDetails":[],"failureMessages":[],"fullName":"StorageUtils getJwt Given StorageUtils When jwt is get with data Then localstorage is called","invocations":1,"location":null,"numPassingAsserts":2,"retryReasons":[],"status":"passed","title":"Given StorageUtils When jwt is get with data Then localstorage is called"},{"ancestorTitles":["StorageUtils getJwt"],"duration":1,"failureDetails":[],"failureMessages":[],"fullName":"StorageUtils getJwt Given StorageUtils When empty current user Then jwt is empty","invocations":1,"location":null,"numPassingAsserts":2,"retryReasons":[],"status":"passed","title":"Given StorageUtils When empty current user Then jwt is empty"}],"endTime":1710358854774,"message":"","name":"/home/docker/project/react-boilerplate/react-boilerplate-app/src/utils/storage/StorageUtils.test.js","startTime":1710358854523,"status":"passed","summary":""},{"assertionResults":[{"ancestorTitles":["NewsService"],"duration":2,"failureDetails":[],"failureMessages":[],"fullName":"NewsService Given NewsService when fetchNews then ApiService is called","invocations":1,"location":null,"numPassingAsserts":1,"retryReasons":[],"status":"passed","title":"Given NewsService when fetchNews then ApiService is called"},{"ancestorTitles":["NewsService"],"duration":1,"failureDetails":[],"failureMessages":[],"fullName":"NewsService Given NewsService when fetchById then ApiService is called","invocations":1,"location":null,"numPassingAsserts":1,"retryReasons":[],"status":"passed","title":"Given NewsService when fetchById then ApiService is called"},{"ancestorTitles":["NewsService"],"duration":0,"failureDetails":[],"failureMessages":[],"fullName":"NewsService Given NewsService when createOrUpdate then ApiService is called","invocations":1,"location":null,"numPassingAsserts":1,"retryReasons":[],"status":"passed","title":"Given NewsService when createOrUpdate then ApiService is called"},{"ancestorTitles":["NewsService"],"duration":1,"failureDetails":[],"failureMessages":[],"fullName":"NewsService Given NewsService when createOrUpdate then ApiService is called","invocations":1,"location":null,"numPassingAsserts":1,"retryReasons":[],"status":"passed","title":"Given NewsService when createOrUpdate then ApiService is called"}],"endTime":1710358854790,"message":"","name":"/home/docker/project/react-boilerplate/react-boilerplate-app/src/module/news/service/NewsService.test.js","startTime":1710358854502,"status":"passed","summary":""},{"assertionResults":[{"ancestorTitles":["CustomFormSelect"],"duration":33,"failureDetails":[],"failureMessages":[],"fullName":"CustomFormSelect Given CustomFormSelect when its mount then ","invocations":1,"location":null,"numPassingAsserts":0,"retryReasons":[],"status":"passed","title":"Given CustomFormSelect when its mount then "}],"endTime":1710358854774,"message":"","name":"/home/docker/project/react-boilerplate/react-boilerplate-app/src/module/custom/form/component/CustomFormSelect.test.js","startTime":1710358854220,"status":"passed","summary":""},{"assertionResults":[{"ancestorTitles":["UserService"],"duration":3,"failureDetails":[],"failureMessages":[],"fullName":"UserService Given UserService when loadUsers then ApiService is called","invocations":1,"location":null,"numPassingAsserts":1,"retryReasons":[],"status":"passed","title":"Given UserService when loadUsers then ApiService is called"},{"ancestorTitles":["UserService"],"duration":1,"failureDetails":[],"failureMessages":[],"fullName":"UserService Given UserService when countUsers then ApiService is called","invocations":1,"location":null,"numPassingAsserts":1,"retryReasons":[],"status":"passed","title":"Given UserService when countUsers then ApiService is called"},{"ancestorTitles":["UserService"],"duration":1,"failureDetails":[],"failureMessages":[],"fullName":"UserService Given UserService when loadUser then ApiService is called","invocations":1,"location":null,"numPassingAsserts":1,"retryReasons":[],"status":"passed","title":"Given UserService when loadUser then ApiService is called"},{"ancestorTitles":["UserService"],"duration":1,"failureDetails":[],"failureMessages":[],"fullName":"UserService Given UserService when create then ApiService is called","invocations":1,"location":null,"numPassingAsserts":1,"retryReasons":[],"status":"passed","title":"Given UserService when create then ApiService is called"},{"ancestorTitles":["UserService"],"duration":1,"failureDetails":[],"failureMessages":[],"fullName":"UserService Given UserService when update then ApiService is called","invocations":1,"location":null,"numPassingAsserts":1,"retryReasons":[],"status":"passed","title":"Given UserService when update then ApiService is called"}],"endTime":1710358854823,"message":"","name":"/home/docker/project/react-boilerplate/react-boilerplate-app/src/module/user/user/service/UserService.test.js","startTime":1710358854547,"status":"passed","summary":""},{"assertionResults":[{"ancestorTitles":["YUP UTILS - REQUIRED"],"duration":6,"failureDetails":[],"failureMessages":[],"fullName":"YUP UTILS - REQUIRED Given Json Datas When data is required and there is no Value Then Yup Schema is not valid","invocations":1,"location":null,"numPassingAsserts":1,"retryReasons":[],"status":"passed","title":"Given Json Datas When data is required and there is no Value Then Yup Schema is not valid"},{"ancestorTitles":["YUP UTILS - email"],"duration":1,"failureDetails":[],"failureMessages":[],"fullName":"YUP UTILS - email Given Json Datas When data is not email Then Yup Schema is not valid","invocations":1,"location":null,"numPassingAsserts":1,"retryReasons":[],"status":"passed","title":"Given Json Datas When data is not email Then Yup Schema is not valid"},{"ancestorTitles":["YUP UTILS - regexp"],"duration":1,"failureDetails":[],"failureMessages":[],"fullName":"YUP UTILS - regexp Given Json Datas When data is not email Then Yup Schema is not valid","invocations":1,"location":null,"numPassingAsserts":1,"retryReasons":[],"status":"passed","title":"Given Json Datas When data is not email Then Yup Schema is not valid"},{"ancestorTitles":["YUP UTILS - min"],"duration":1,"failureDetails":[],"failureMessages":[],"fullName":"YUP UTILS - min Given Json Datas When data length is short Then Yup Schema is not valid","invocations":1,"location":null,"numPassingAsserts":1,"retryReasons":[],"status":"passed","title":"Given Json Datas When data length is short Then Yup Schema is not valid"},{"ancestorTitles":["YUP UTILS - max"],"duration":2,"failureDetails":[],"failureMessages":[],"fullName":"YUP UTILS - max Given Json Datas When data length is too long Then Yup Schema is not valid","invocations":1,"location":null,"numPassingAsserts":1,"retryReasons":[],"status":"passed","title":"Given Json Datas When data length is too long Then Yup Schema is not valid"},{"ancestorTitles":["YUP UTILS - same"],"duration":3,"failureDetails":[],"failureMessages":[],"fullName":"YUP UTILS - same Given Json Datas are not the same Then Yup Schema is not valid","invocations":1,"location":null,"numPassingAsserts":1,"retryReasons":[],"status":"passed","title":"Given Json Datas are not the same Then Yup Schema is not valid"},{"ancestorTitles":["YUP UTILS - same"],"duration":1,"failureDetails":[],"failureMessages":[],"fullName":"YUP UTILS - same Given Json Datas are not the same Then Yup Schema is not valid","invocations":1,"location":null,"numPassingAsserts":1,"retryReasons":[],"status":"passed","title":"Given Json Datas are not the same Then Yup Schema is not valid"},{"ancestorTitles":["YUP UTILS - listId"],"duration":1,"failureDetails":[],"failureMessages":[],"fullName":"YUP UTILS - listId Given Json Datas are not the same Then Yup Schema is not valid","invocations":1,"location":null,"numPassingAsserts":1,"retryReasons":[],"status":"passed","title":"Given Json Datas are not the same Then Yup Schema is not valid"},{"ancestorTitles":["YUP UTILS - listId requiredWhen"],"duration":2,"failureDetails":[],"failureMessages":[],"fullName":"YUP UTILS - listId requiredWhen Given Json Datas are not the same Then Yup Schema is not valid","invocations":1,"location":null,"numPassingAsserts":1,"retryReasons":[],"status":"passed","title":"Given Json Datas are not the same Then Yup Schema is not valid"},{"ancestorTitles":["YUP UTILS - listId requiredWhen string"],"duration":2,"failureDetails":[],"failureMessages":[],"fullName":"YUP UTILS - listId requiredWhen string Given Json Datas are not the same Then Yup Schema is not valid","invocations":1,"location":null,"numPassingAsserts":1,"retryReasons":[],"status":"passed","title":"Given Json Datas are not the same Then Yup Schema is not valid"}],"endTime":1710358854830,"message":"","name":"/home/docker/project/react-boilerplate/react-boilerplate-app/src/utils/yup/YupUtils.test.js","startTime":1710358854564,"status":"passed","summary":""},{"assertionResults":[{"ancestorTitles":["AppFabAdd"],"duration":23,"failureDetails":[],"failureMessages":[],"fullName":"AppFabAdd Given AppFabAdd when its mount then ButtonGroup is shown","invocations":1,"location":null,"numPassingAsserts":1,"retryReasons":[],"status":"passed","title":"Given AppFabAdd when its mount then ButtonGroup is shown"}],"endTime":1710358854844,"message":"","name":"/home/docker/project/react-boilerplate/react-boilerplate-app/src/app/fab/add/AppFabAdd.test.js","startTime":1710358854319,"status":"passed","summary":""},{"assertionResults":[{"ancestorTitles":["ApiService - get"],"duration":4,"failureDetails":[],"failureMessages":[],"fullName":"ApiService - get HTTP GET ","invocations":1,"location":null,"numPassingAsserts":2,"retryReasons":[],"status":"passed","title":"HTTP GET "},{"ancestorTitles":["ApiService - get"],"duration":1,"failureDetails":[],"failureMessages":[],"fullName":"ApiService - get HTTP GET WITHOUT HEADER WITH ERROR","invocations":1,"location":null,"numPassingAsserts":2,"retryReasons":[],"status":"passed","title":"HTTP GET WITHOUT HEADER WITH ERROR"},{"ancestorTitles":["ApiService - put"],"duration":1,"failureDetails":[],"failureMessages":[],"fullName":"ApiService - put HTTP PUT WITHOUT HEADER","invocations":1,"location":null,"numPassingAsserts":2,"retryReasons":[],"status":"passed","title":"HTTP PUT WITHOUT HEADER"},{"ancestorTitles":["ApiService - put"],"duration":1,"failureDetails":[],"failureMessages":[],"fullName":"ApiService - put HTTP PUT WITHOUT HEADER WITH ERROR","invocations":1,"location":null,"numPassingAsserts":2,"retryReasons":[],"status":"passed","title":"HTTP PUT WITHOUT HEADER WITH ERROR"},{"ancestorTitles":["ApiService - patch"],"duration":1,"failureDetails":[],"failureMessages":[],"fullName":"ApiService - patch HTTP PATCH WITHOUT HEADER","invocations":1,"location":null,"numPassingAsserts":2,"retryReasons":[],"status":"passed","title":"HTTP PATCH WITHOUT HEADER"},{"ancestorTitles":["ApiService - patch"],"duration":0,"failureDetails":[],"failureMessages":[],"fullName":"ApiService - patch HTTP PATCH WITHOUT HEADER WITH ERROR","invocations":1,"location":null,"numPassingAsserts":2,"retryReasons":[],"status":"passed","title":"HTTP PATCH WITHOUT HEADER WITH ERROR"},{"ancestorTitles":["ApiService - post"],"duration":0,"failureDetails":[],"failureMessages":[],"fullName":"ApiService - post HTTP POST WITHOUT HEADER","invocations":1,"location":null,"numPassingAsserts":2,"retryReasons":[],"status":"passed","title":"HTTP POST WITHOUT HEADER"},{"ancestorTitles":["ApiService - post"],"duration":1,"failureDetails":[],"failureMessages":[],"fullName":"ApiService - post HTTP POST WITHOUT HEADER WITH ERROR","invocations":1,"location":null,"numPassingAsserts":2,"retryReasons":[],"status":"passed","title":"HTTP POST WITHOUT HEADER WITH ERROR"},{"ancestorTitles":["ApiService - findBy"],"duration":2,"failureDetails":[],"failureMessages":[],"fullName":"ApiService - findBy HTTP GET ","invocations":1,"location":null,"numPassingAsserts":2,"retryReasons":[],"status":"passed","title":"HTTP GET "},{"ancestorTitles":["ApiService - findBy"],"duration":0,"failureDetails":[],"failureMessages":[],"fullName":"ApiService - findBy HTTP GET ","invocations":1,"location":null,"numPassingAsserts":2,"retryReasons":[],"status":"passed","title":"HTTP GET "},{"ancestorTitles":["ApiService - findBy"],"duration":0,"failureDetails":[],"failureMessages":[],"fullName":"ApiService - findBy HTTP GET ","invocations":1,"location":null,"numPassingAsserts":2,"retryReasons":[],"status":"passed","title":"HTTP GET "},{"ancestorTitles":["ApiService - findBy"],"duration":1,"failureDetails":[],"failureMessages":[],"fullName":"ApiService - findBy HTTP GET WITHOUT HEADER WITH ERROR","invocations":1,"location":null,"numPassingAsserts":1,"retryReasons":[],"status":"passed","title":"HTTP GET WITHOUT HEADER WITH ERROR"},{"ancestorTitles":["ApiService - countBy"],"duration":1,"failureDetails":[],"failureMessages":[],"fullName":"ApiService - countBy HTTP countBy ","invocations":1,"location":null,"numPassingAsserts":2,"retryReasons":[],"status":"passed","title":"HTTP countBy "},{"ancestorTitles":["ApiService - countBy"],"duration":0,"failureDetails":[],"failureMessages":[],"fullName":"ApiService - countBy HTTP countBy WITHOUT HEADER WITH ERROR","invocations":1,"location":null,"numPassingAsserts":1,"retryReasons":[],"status":"passed","title":"HTTP countBy WITHOUT HEADER WITH ERROR"},{"ancestorTitles":["ApiService - findById"],"duration":1,"failureDetails":[],"failureMessages":[],"fullName":"ApiService - findById HTTP countBy ","invocations":1,"location":null,"numPassingAsserts":2,"retryReasons":[],"status":"passed","title":"HTTP countBy "},{"ancestorTitles":["ApiService - findById"],"duration":1,"failureDetails":[],"failureMessages":[],"fullName":"ApiService - findById HTTP countBy WITHOUT HEADER WITH ERROR","invocations":1,"location":null,"numPassingAsserts":1,"retryReasons":[],"status":"passed","title":"HTTP countBy WITHOUT HEADER WITH ERROR"},{"ancestorTitles":["ApiService - delete"],"duration":1,"failureDetails":[],"failureMessages":[],"fullName":"ApiService - delete HTTP delete ","invocations":1,"location":null,"numPassingAsserts":2,"retryReasons":[],"status":"passed","title":"HTTP delete "},{"ancestorTitles":["ApiService - delete"],"duration":0,"failureDetails":[],"failureMessages":[],"fullName":"ApiService - delete HTTP delete WITHOUT HEADER WITH ERROR","invocations":1,"location":null,"numPassingAsserts":2,"retryReasons":[],"status":"passed","title":"HTTP delete WITHOUT HEADER WITH ERROR"}],"endTime":1710358854870,"message":"","name":"/home/docker/project/react-boilerplate/react-boilerplate-app/src/api/service/ApiService.test.js","startTime":1710358854602,"status":"passed","summary":""},{"assertionResults":[{"ancestorTitles":["AuthReducers"],"duration":3,"failureDetails":[],"failureMessages":[],"fullName":"AuthReducers Given AuthReducers when setLoginSuccess then state is merged","invocations":1,"location":null,"numPassingAsserts":1,"retryReasons":[],"status":"passed","title":"Given AuthReducers when setLoginSuccess then state is merged"},{"ancestorTitles":["AuthReducers"],"duration":0,"failureDetails":[],"failureMessages":[],"fullName":"AuthReducers Given AuthReducers when setLoginSuccess then state is merged","invocations":1,"location":null,"numPassingAsserts":1,"retryReasons":[],"status":"passed","title":"Given AuthReducers when setLoginSuccess then state is merged"}],"endTime":1710358854875,"message":"","name":"/home/docker/project/react-boilerplate/react-boilerplate-app/src/module/auth/reducer/AuthReducers.test.js","startTime":1710358854667,"status":"passed","summary":""},{"assertionResults":[{"ancestorTitles":["useApiServiceFetchBy"],"duration":18,"failureDetails":[],"failureMessages":[],"fullName":"useApiServiceFetchBy Given useApiServiceFetchBy When fetchBy Then service is called","invocations":1,"location":null,"numPassingAsserts":6,"retryReasons":[],"status":"passed","title":"Given useApiServiceFetchBy When fetchBy Then service is called"}],"endTime":1710358854900,"message":"","name":"/home/docker/project/react-boilerplate/react-boilerplate-app/src/api/hook/useApiServiceFetchBy.test.js","startTime":1710358854346,"status":"passed","summary":""},{"assertionResults":[{"ancestorTitles":["CustomModale"],"duration":24,"failureDetails":[],"failureMessages":[],"fullName":"CustomModale Given CustomModale when its mount with no data then list is empty","invocations":1,"location":null,"numPassingAsserts":1,"retryReasons":[],"status":"passed","title":"Given CustomModale when its mount with no data then list is empty"}],"endTime":1710358854915,"message":"","name":"/home/docker/project/react-boilerplate/react-boilerplate-app/src/module/custom/modale/component/CustomModale.test.js","startTime":1710358854348,"status":"passed","summary":""},{"assertionResults":[{"ancestorTitles":["NewsReducers"],"duration":5,"failureDetails":[],"failureMessages":[],"fullName":"NewsReducers Given NewsReducers when setLoginSuccess then state is merged","invocations":1,"location":null,"numPassingAsserts":1,"retryReasons":[],"status":"passed","title":"Given NewsReducers when setLoginSuccess then state is merged"}],"endTime":1710358854917,"message":"","name":"/home/docker/project/react-boilerplate/react-boilerplate-app/src/module/news/reducer/NewsReducers.test.js","startTime":1710358854716,"status":"passed","summary":""},{"assertionResults":[{"ancestorTitles":["CommonReducer"],"duration":3,"failureDetails":[],"failureMessages":[],"fullName":"CommonReducer Given CommonReducer When setMessage Then message from state is update","invocations":1,"location":null,"numPassingAsserts":2,"retryReasons":[],"status":"passed","title":"Given CommonReducer When setMessage Then message from state is update"},{"ancestorTitles":["CommonReducer"],"duration":0,"failureDetails":[],"failureMessages":[],"fullName":"CommonReducer Given CommonReducer When clearMessage Then message from state is empty","invocations":1,"location":null,"numPassingAsserts":1,"retryReasons":[],"status":"passed","title":"Given CommonReducer When clearMessage Then message from state is empty"},{"ancestorTitles":["CommonReducer"],"duration":1,"failureDetails":[],"failureMessages":[],"fullName":"CommonReducer Given CommonReducer When setLoading Then loading from state is update","invocations":1,"location":null,"numPassingAsserts":1,"retryReasons":[],"status":"passed","title":"Given CommonReducer When setLoading Then loading from state is update"},{"ancestorTitles":["CommonReducer"],"duration":1,"failureDetails":[],"failureMessages":[],"fullName":"CommonReducer Given CommonReducer When setHistory Then history from state is update","invocations":1,"location":null,"numPassingAsserts":1,"retryReasons":[],"status":"passed","title":"Given CommonReducer When setHistory Then history from state is update"},{"ancestorTitles":["CommonReducer"],"duration":0,"failureDetails":[],"failureMessages":[],"fullName":"CommonReducer Given CommonReducer When addHistory Then history from state is update","invocations":1,"location":null,"numPassingAsserts":1,"retryReasons":[],"status":"passed","title":"Given CommonReducer When addHistory Then history from state is update"},{"ancestorTitles":["CommonReducer"],"duration":1,"failureDetails":[],"failureMessages":[],"fullName":"CommonReducer Given CommonReducer When addHistory Then history from state is update","invocations":1,"location":null,"numPassingAsserts":1,"retryReasons":[],"status":"passed","title":"Given CommonReducer When addHistory Then history from state is update"},{"ancestorTitles":["CommonReducer"],"duration":0,"failureDetails":[],"failureMessages":[],"fullName":"CommonReducer Given CommonReducer When addHistory with existing title in history Then history from state is update","invocations":1,"location":null,"numPassingAsserts":1,"retryReasons":[],"status":"passed","title":"Given CommonReducer When addHistory with existing title in history Then history from state is update"},{"ancestorTitles":["CommonReducer"],"duration":1,"failureDetails":[],"failureMessages":[],"fullName":"CommonReducer Given CommonReducer When sliceHistoryOnce Then history from state is update","invocations":1,"location":null,"numPassingAsserts":1,"retryReasons":[],"status":"passed","title":"Given CommonReducer When sliceHistoryOnce Then history from state is update"},{"ancestorTitles":["CommonReducer"],"duration":0,"failureDetails":[],"failureMessages":[],"fullName":"CommonReducer Given CommonReducer When sliceHistory Then history from state is update","invocations":1,"location":null,"numPassingAsserts":1,"retryReasons":[],"status":"passed","title":"Given CommonReducer When sliceHistory Then history from state is update"},{"ancestorTitles":["CommonReducer"],"duration":1,"failureDetails":[],"failureMessages":[],"fullName":"CommonReducer Given CommonReducer When setScrools Then scroll from state is update","invocations":1,"location":null,"numPassingAsserts":1,"retryReasons":[],"status":"passed","title":"Given CommonReducer When setScrools Then scroll from state is update"}],"endTime":1710358854939,"message":"","name":"/home/docker/project/react-boilerplate/react-boilerplate-app/src/reducer/common/CommonReducer.test.js","startTime":1710358854756,"status":"passed","summary":""},{"assertionResults":[{"ancestorTitles":["AppTheme"],"duration":193,"failureDetails":[],"failureMessages":[],"fullName":"AppTheme renders AppTheme","invocations":1,"location":null,"numPassingAsserts":1,"retryReasons":[],"status":"passed","title":"renders AppTheme"}],"endTime":1710358854929,"message":"","name":"/home/docker/project/react-boilerplate/react-boilerplate-app/src/template/AppTheme.test.js","startTime":1710358851254,"status":"passed","summary":""},{"assertionResults":[{"ancestorTitles":["BASE REDUCER"],"duration":2,"failureDetails":[],"failureMessages":[],"fullName":"BASE REDUCER Given ReducersActions When setDatas Then datas from state are update","invocations":1,"location":null,"numPassingAsserts":1,"retryReasons":[],"status":"passed","title":"Given ReducersActions When setDatas Then datas from state are update"},{"ancestorTitles":["BASE REDUCER"],"duration":0,"failureDetails":[],"failureMessages":[],"fullName":"BASE REDUCER Given ReducersActions When addDatas Then datas from state are update","invocations":1,"location":null,"numPassingAsserts":1,"retryReasons":[],"status":"passed","title":"Given ReducersActions When addDatas Then datas from state are update"},{"ancestorTitles":["BASE REDUCER"],"duration":1,"failureDetails":[],"failureMessages":[],"fullName":"BASE REDUCER Given ReducersActions When updataDatas with another id Then datas from state are not update","invocations":1,"location":null,"numPassingAsserts":1,"retryReasons":[],"status":"passed","title":"Given ReducersActions When updataDatas with another id Then datas from state are not update"},{"ancestorTitles":["BASE REDUCER"],"duration":0,"failureDetails":[],"failureMessages":[],"fullName":"BASE REDUCER Given ReducersActions When updataDatas Then datas from state are update","invocations":1,"location":null,"numPassingAsserts":1,"retryReasons":[],"status":"passed","title":"Given ReducersActions When updataDatas Then datas from state are update"},{"ancestorTitles":["BASE REDUCER"],"duration":1,"failureDetails":[],"failureMessages":[],"fullName":"BASE REDUCER Given ReducersActions When setData Then data from state is update","invocations":1,"location":null,"numPassingAsserts":1,"retryReasons":[],"status":"passed","title":"Given ReducersActions When setData Then data from state is update"},{"ancestorTitles":["BASE REDUCER"],"duration":0,"failureDetails":[],"failureMessages":[],"fullName":"BASE REDUCER Given ReducersActions When setCount Then count from state is update","invocations":1,"location":null,"numPassingAsserts":1,"retryReasons":[],"status":"passed","title":"Given ReducersActions When setCount Then count from state is update"},{"ancestorTitles":["BASE REDUCER"],"duration":0,"failureDetails":[],"failureMessages":[],"fullName":"BASE REDUCER Given ReducersActions When setSearch Then search from state is update","invocations":1,"location":null,"numPassingAsserts":1,"retryReasons":[],"status":"passed","title":"Given ReducersActions When setSearch Then search from state is update"},{"ancestorTitles":["BASE REDUCER"],"duration":1,"failureDetails":[],"failureMessages":[],"fullName":"BASE REDUCER Given ReducersActions When setSearch Then order from state is update","invocations":1,"location":null,"numPassingAsserts":2,"retryReasons":[],"status":"passed","title":"Given ReducersActions When setSearch Then order from state is update"},{"ancestorTitles":["BASE REDUCER"],"duration":0,"failureDetails":[],"failureMessages":[],"fullName":"BASE REDUCER Given ReducersActions When setPage Then datas from state is equals to datas","invocations":1,"location":null,"numPassingAsserts":1,"retryReasons":[],"status":"passed","title":"Given ReducersActions When setPage Then datas from state is equals to datas"}],"endTime":1710358854944,"message":"","name":"/home/docker/project/react-boilerplate/react-boilerplate-app/src/reducer/BaseReducer.test.js","startTime":1710358854788,"status":"passed","summary":""},{"assertionResults":[{"ancestorTitles":["AdminReducer"],"duration":3,"failureDetails":[],"failureMessages":[],"fullName":"AdminReducer Given AdminReducer when setState then state is merged","invocations":1,"location":null,"numPassingAsserts":1,"retryReasons":[],"status":"passed","title":"Given AdminReducer when setState then state is merged"},{"ancestorTitles":["AdminReducer"],"duration":0,"failureDetails":[],"failureMessages":[],"fullName":"AdminReducer Given AdminReducer when setDatas then state is merged","invocations":1,"location":null,"numPassingAsserts":1,"retryReasons":[],"status":"passed","title":"Given AdminReducer when setDatas then state is merged"},{"ancestorTitles":["AdminReducer"],"duration":1,"failureDetails":[],"failureMessages":[],"fullName":"AdminReducer Given AdminReducer when setCount then state is merged","invocations":1,"location":null,"numPassingAsserts":1,"retryReasons":[],"status":"passed","title":"Given AdminReducer when setCount then state is merged"},{"ancestorTitles":["AdminReducer"],"duration":2,"failureDetails":[],"failureMessages":[],"fullName":"AdminReducer Given AdminReducer when setData then state is merged","invocations":1,"location":null,"numPassingAsserts":1,"retryReasons":[],"status":"passed","title":"Given AdminReducer when setData then state is merged"},{"ancestorTitles":["AdminReducer"],"duration":0,"failureDetails":[],"failureMessages":[],"fullName":"AdminReducer Given AdminReducer when setFilter then state is merged","invocations":1,"location":null,"numPassingAsserts":1,"retryReasons":[],"status":"passed","title":"Given AdminReducer when setFilter then state is merged"},{"ancestorTitles":["AdminReducer"],"duration":1,"failureDetails":[],"failureMessages":[],"fullName":"AdminReducer Given AdminReducer when setPage then state is merged","invocations":1,"location":null,"numPassingAsserts":1,"retryReasons":[],"status":"passed","title":"Given AdminReducer when setPage then state is merged"}],"endTime":1710358854955,"message":"","name":"/home/docker/project/react-boilerplate/react-boilerplate-app/src/module/admin/reducer/AdminReducer.test.js","startTime":1710358854787,"status":"passed","summary":""}],"wasInterrupted":false,"coverageMap":{"/home/docker/project/react-boilerplate/react-boilerplate-app/src/reducer/common/CommonReducer.ts":{"path":"/home/docker/project/react-boilerplate/react-boilerplate-app/src/reducer/common/CommonReducer.ts","statementMap":{"0":{"start":{"line":23,"column":29},"end":{"line":23,"column":38}},"1":{"start":{"line":24,"column":21},"end":{"line":24,"column":24}},"2":{"start":{"line":26,"column":32},"end":{"line":32,"column":1}},"3":{"start":{"line":34,"column":29},"end":{"line":120,"column":2}},"4":{"start":{"line":39,"column":6},"end":{"line":42,"column":8}},"5":{"start":{"line":45,"column":6},"end":{"line":48,"column":8}},"6":{"start":{"line":51,"column":6},"end":{"line":54,"column":8}},"7":{"start":{"line":57,"column":6},"end":{"line":60,"column":8}},"8":{"start":{"line":63,"column":32},"end":{"line":63,"column":50}},"9":{"start":{"line":64,"column":23},"end":{"line":64,"column":42}},"10":{"start":{"line":66,"column":20},"end":{"line":66,"column":85}},"11":{"start":{"line":66,"column":55},"end":{"line":66,"column":84}},"12":{"start":{"line":67,"column":6},"end":{"line":74,"column":7}},"13":{"start":{"line":68,"column":8},"end":{"line":70,"column":9}},"14":{"start":{"line":69,"column":10},"end":{"line":69,"column":85}},"15":{"start":{"line":71,"column":8},"end":{"line":71,"column":37}},"16":{"start":{"line":73,"column":8},"end":{"line":73,"column":46}},"17":{"start":{"line":75,"column":6},"end":{"line":78,"column":8}},"18":{"start":{"line":81,"column":22},"end":{"line":81,"column":40}},"19":{"start":{"line":82,"column":6},"end":{"line":82,"column":20}},"20":{"start":{"line":83,"column":6},"end":{"line":86,"column":8}},"21":{"start":{"line":89,"column":22},"end":{"line":89,"column":40}},"22":{"start":{"line":90,"column":6},"end":{"line":90,"column":20}},"23":{"start":{"line":91,"column":6},"end":{"line":91,"column":20}},"24":{"start":{"line":92,"column":6},"end":{"line":95,"column":8}},"25":{"start":{"line":98,"column":20},"end":{"line":98,"column":38}},"26":{"start":{"line":99,"column":6},"end":{"line":107,"column":7}},"27":{"start":{"line":99,"column":35},"end":{"line":99,"column":78}},"28":{"start":{"line":100,"column":8},"end":{"line":104,"column":10}},"29":{"start":{"line":101,"column":10},"end":{"line":103,"column":20}},"30":{"start":{"line":106,"column":8},"end":{"line":106,"column":95}},"31":{"start":{"line":108,"column":6},"end":{"line":111,"column":8}},"32":{"start":{"line":114,"column":6},"end":{"line":117,"column":8}},"33":{"start":{"line":121,"column":28},"end":{"line":121,"column":56}},"34":{"start":{"line":122,"column":23},"end":{"line":122,"column":44}}},"fnMap":{"0":{"name":"(anonymous_0)","decl":{"start":{"line":38,"column":16},"end":{"line":38,"column":17}},"loc":{"start":{"line":38,"column":76},"end":{"line":43,"column":5}},"line":38},"1":{"name":"(anonymous_1)","decl":{"start":{"line":44,"column":18},"end":{"line":44,"column":19}},"loc":{"start":{"line":44,"column":40},"end":{"line":49,"column":5}},"line":44},"2":{"name":"(anonymous_2)","decl":{"start":{"line":50,"column":16},"end":{"line":50,"column":17}},"loc":{"start":{"line":50,"column":70},"end":{"line":55,"column":5}},"line":50},"3":{"name":"(anonymous_3)","decl":{"start":{"line":56,"column":16},"end":{"line":56,"column":17}},"loc":{"start":{"line":56,"column":73},"end":{"line":61,"column":5}},"line":56},"4":{"name":"(anonymous_4)","decl":{"start":{"line":62,"column":16},"end":{"line":62,"column":17}},"loc":{"start":{"line":62,"column":71},"end":{"line":79,"column":5}},"line":62},"5":{"name":"(anonymous_5)","decl":{"start":{"line":66,"column":38},"end":{"line":66,"column":39}},"loc":{"start":{"line":66,"column":55},"end":{"line":66,"column":84}},"line":66},"6":{"name":"(anonymous_6)","decl":{"start":{"line":80,"column":22},"end":{"line":80,"column":23}},"loc":{"start":{"line":80,"column":44},"end":{"line":87,"column":5}},"line":80},"7":{"name":"(anonymous_7)","decl":{"start":{"line":88,"column":18},"end":{"line":88,"column":19}},"loc":{"start":{"line":88,"column":40},"end":{"line":96,"column":5}},"line":88},"8":{"name":"(anonymous_8)","decl":{"start":{"line":97,"column":16},"end":{"line":97,"column":17}},"loc":{"start":{"line":97,"column":74},"end":{"line":112,"column":5}},"line":97},"9":{"name":"(anonymous_9)","decl":{"start":{"line":99,"column":23},"end":{"line":99,"column":24}},"loc":{"start":{"line":99,"column":35},"end":{"line":99,"column":78}},"line":99},"10":{"name":"(anonymous_10)","decl":{"start":{"line":100,"column":30},"end":{"line":100,"column":31}},"loc":{"start":{"line":101,"column":10},"end":{"line":103,"column":20}},"line":101},"11":{"name":"(anonymous_11)","decl":{"start":{"line":113,"column":18},"end":{"line":113,"column":19}},"loc":{"start":{"line":113,"column":71},"end":{"line":118,"column":5}},"line":113}},"branchMap":{"0":{"loc":{"start":{"line":67,"column":6},"end":{"line":74,"column":7}},"type":"if","locations":[{"start":{"line":67,"column":6},"end":{"line":74,"column":7}},{"start":{"line":72,"column":13},"end":{"line":74,"column":7}}],"line":67},"1":{"loc":{"start":{"line":68,"column":8},"end":{"line":70,"column":9}},"type":"if","locations":[{"start":{"line":68,"column":8},"end":{"line":70,"column":9}},{"start":{},"end":{}}],"line":68},"2":{"loc":{"start":{"line":68,"column":12},"end":{"line":68,"column":53}},"type":"binary-expr","locations":[{"start":{"line":68,"column":12},"end":{"line":68,"column":32}},{"start":{"line":68,"column":36},"end":{"line":68,"column":53}}],"line":68},"3":{"loc":{"start":{"line":99,"column":6},"end":{"line":107,"column":7}},"type":"if","locations":[{"start":{"line":99,"column":6},"end":{"line":107,"column":7}},{"start":{"line":105,"column":13},"end":{"line":107,"column":7}}],"line":99},"4":{"loc":{"start":{"line":101,"column":10},"end":{"line":103,"column":20}},"type":"cond-expr","locations":[{"start":{"line":102,"column":14},"end":{"line":102,"column":86}},{"start":{"line":103,"column":14},"end":{"line":103,"column":20}}],"line":101}},"s":{"0":30,"1":30,"2":30,"3":30,"4":1,"5":1,"6":1,"7":1,"8":3,"9":3,"10":3,"11":1,"12":3,"13":2,"14":1,"15":2,"16":1,"17":3,"18":1,"19":1,"20":1,"21":1,"22":1,"23":1,"24":1,"25":1,"26":1,"27":1,"28":0,"29":0,"30":1,"31":1,"32":0,"33":30,"34":30},"f":{"0":1,"1":1,"2":1,"3":1,"4":3,"5":1,"6":1,"7":1,"8":1,"9":1,"10":0,"11":0},"b":{"0":[2,1],"1":[1,1],"2":[2,2],"3":[0,1],"4
[...]
":11},"end":{"line":83,"column":22}},{"start":{"line":83,"column":26},"end":{"line":83,"column":40}},{"start":{"line":84,"column":12},"end":{"line":84,"column":108}}],"line":83},"2":{"loc":{"start":{"line":86,"column":11},"end":{"line":90,"column":11}},"type":"binary-expr","locations":[{"start":{"line":86,"column":11},"end":{"line":86,"column":23}},{"start":{"line":87,"column":12},"end":{"line":89,"column":18}}],"line":86},"3":{"loc":{"start":{"line":88,"column":15},"end":{"line":88,"column":94}},"type":"binary-expr","locations":[{"start":{"line":88,"column":15},"end":{"line":88,"column":33}},{"start":{"line":88,"column":37},"end":{"line":88,"column":94}}],"line":88},"4":{"loc":{"start":{"line":101,"column":31},"end":{"line":101,"column":63}},"type":"cond-expr","locations":[{"start":{"line":101,"column":49},"end":{"line":101,"column":54}},{"start":{"line":101,"column":57},"end":{"line":101,"column":63}}],"line":101},"5":{"loc":{"start":{"line":102,"column":11},"end":{"line":107,"column":11}},"type":"binary-expr","locations":[{"start":{"line":102,"column":11},"end":{"line":102,"column":15}},{"start":{"line":103,"column":12},"end":{"line":106,"column":21}}],"line":102},"6":{"loc":{"start":{"line":108,"column":11},"end":{"line":117,"column":11}},"type":"binary-expr","locations":[{"start":{"line":108,"column":11},"end":{"line":108,"column":27}},{"start":{"line":108,"column":31},"end":{"line":108,"column":41}},{"start":{"line":109,"column":12},"end":{"line":116,"column":25}}],"line":108},"7":{"loc":{"start":{"line":120,"column":11},"end":{"line":126,"column":11}},"type":"binary-expr","locations":[{"start":{"line":120,"column":11},"end":{"line":120,"column":21}},{"start":{"line":121,"column":12},"end":{"line":125,"column":14}}],"line":120},"8":{"loc":{"start":{"line":127,"column":11},"end":{"line":127,"column":102}},"type":"binary-expr","locations":[{"start":{"line":127,"column":11},"end":{"line":127,"column":21}},{"start":{"line":127,"column":25},"end":{"line":127,"column":102}}],"line":127},"9":{"loc":{"start":{"line":129,"column":9},"end":{"line":150,"column":9}},"type":"binary-expr","locations":[{"start":{"line":129,"column":9},"end":{"line":129,"column":21}},{"start":{"line":130,"column":10},"end":{"line":149,"column":22}}],"line":129},"10":{"loc":{"start":{"line":153,"column":7},"end":{"line":153,"column":80}},"type":"cond-expr","locations":[{"start":{"line":153,"column":17},"end":{"line":153,"column":37}},{"start":{"line":153,"column":40},"end":{"line":153,"column":80}}],"line":153}},"s":{"0":1,"1":3,"2":3,"3":3,"4":3,"5":3,"6":3,"7":3,"8":3,"9":3,"10":3,"11":3,"12":1,"13":3,"14":0,"15":0,"16":0,"17":3,"18":0,"19":0,"20":0,"21":3,"22":3,"23":0},"f":{"0":3,"1":3,"2":3,"3":1,"4":0,"5":0,"6":3,"7":0},"b":{"0":[3,3],"1":[3,3,1],"2":[3,0],"3":[0,0],"4":[3,0],"5":[3,0],"6":[3,0,0],"7":[3,0],"8":[3,0],"9":[3,0],"10":[0,3]},"_coverageSchema":"1a1c01bbd47fc00a2c39e90264f33305004495a9","hash":"a4e40a11143464d2f6bf8267805bd2b734e77500"},"/home/docker/project/react-boilerplate/react-boilerplate-app/src/template/MenuDrawer.tsx":{"path":"/home/docker/project/react-boilerplate/react-boilerplate-app/src/template/MenuDrawer.tsx","statementMap":{"0":{"start":{"line":18,"column":43},"end":{"line":104,"column":1}},"1":{"start":{"line":19,"column":16},"end":{"line":19,"column":33}},"2":{"start":{"line":20,"column":22},"end":{"line":20,"column":31}},"3":{"start":{"line":21,"column":39},"end":{"line":21,"column":53}},"4":{"start":{"line":22,"column":25},"end":{"line":22,"column":34}},"5":{"start":{"line":23,"column":48},"end":{"line":23,"column":83}},"6":{"start":{"line":25,"column":2},"end":{"line":27,"column":17}},"7":{"start":{"line":26,"column":4},"end":{"line":26,"column":42}},"8":{"start":{"line":29,"column":26},"end":{"line":34,"column":3}},"9":{"start":{"line":30,"column":36},"end":{"line":32,"column":5}},"10":{"start":{"line":31,"column":6},"end":{"line":31,"column":24}},"11":{"start":{"line":36,"column":28},"end":{"line":44,"column":3}},"12":{"start":{"line":38,"column":6},"end":{"line":40,"column":7}},"13":{"start":{"line":39,"column":8},"end":{"line":39,"column":39}},"14":{"start":{"line":41,"column":6},"end":{"line":41,"column":46}},"15":{"start":{"line":46,"column":2},"end":{"line":103,"column":4}},"16":{"start":{"line":61,"column":12},"end":{"line":98,"column":19}},"17":{"start":{"line":77,"column":26},"end":{"line":90,"column":36}}},"fnMap":{"0":{"name":"(anonymous_0)","decl":{"start":{"line":18,"column":43},"end":{"line":18,"column":44}},"loc":{"start":{"line":18,"column":112},"end":{"line":104,"column":1}},"line":18},"1":{"name":"(anonymous_1)","decl":{"start":{"line":25,"column":12},"end":{"line":25,"column":13}},"loc":{"start":{"line":25,"column":18},"end":{"line":27,"column":3}},"line":25},"2":{"name":"(anonymous_2)","decl":{"start":{"line":30,"column":4},"end":{"line":30,"column":5}},"loc":{"start":{"line":30,"column":36},"end":{"line":32,"column":5}},"line":30},"3":{"name":"(anonymous_3)","decl":{"start":{"line":30,"column":36},"end":{"line":30,"column":37}},"loc":{"start":{"line":30,"column":42},"end":{"line":32,"column":5}},"line":30},"4":{"name":"(anonymous_4)","decl":{"start":{"line":37,"column":4},"end":{"line":37,"column":5}},"loc":{"start":{"line":37,"column":21},"end":{"line":42,"column":5}},"line":37},"5":{"name":"(anonymous_5)","decl":{"start":{"line":60,"column":21},"end":{"line":60,"column":22}},"loc":{"start":{"line":61,"column":12},"end":{"line":98,"column":19}},"line":61},"6":{"name":"(anonymous_6)","decl":{"start":{"line":76,"column":45},"end":{"line":76,"column":46}},"loc":{"start":{"line":77,"column":26},"end":{"line":90,"column":36}},"line":77}},"branchMap":{"0":{"loc":{"start":{"line":38,"column":6},"end":{"line":40,"column":7}},"type":"if","locations":[{"start":{"line":38,"column":6},"end":{"line":40,"column":7}},{"start":{},"end":{}}],"line":38},"1":{"loc":{"start":{"line":63,"column":17},"end":{"line":96,"column":17}},"type":"binary-expr","locations":[{"start":{"line":63,"column":18},"end":{"line":63,"column":36}},{"start":{"line":63,"column":41},"end":{"line":63,"column":58}},{"start":{"line":63,"column":62},"end":{"line":63,"column":73}},{"start":{"line":64,"column":18},"end":{"line":95,"column":21}}],"line":63},"2":{"loc":{"start":{"line":68,"column":33},"end":{"line":68,"column":89}},"type":"cond-expr","locations":[{"start":{"line":68,"column":64},"end":{"line":68,"column":84}},{"start":{"line":68,"column":87},"end":{"line":68,"column":89}}],"line":68},"3":{"loc":{"start":{"line":70,"column":25},"end":{"line":70,"column":100}},"type":"binary-expr","locations":[{"start":{"line":70,"column":25},"end":{"line":70,"column":34}},{"start":{"line":70,"column":38},"end":{"line":70,"column":100}}],"line":70},"4":{"loc":{"start":{"line":74,"column":21},"end":{"line":93,"column":21}},"type":"binary-expr","locations":[{"start":{"line":74,"column":21},"end":{"line":74,"column":35}},{"start":{"line":75,"column":22},"end":{"line":92,"column":29}}],"line":74},"5":{"loc":{"start":{"line":84,"column":41},"end":{"line":84,"column":96}},"type":"cond-expr","locations":[{"start":{"line":84,"column":73},"end":{"line":84,"column":91}},{"start":{"line":84,"column":94},"end":{"line":84,"column":96}}],"line":84},"6":{"loc":{"start":{"line":86,"column":33},"end":{"line":86,"column":107}},"type":"binary-expr","locations":[{"start":{"line":86,"column":33},"end":{"line":86,"column":42}},{"start":{"line":86,"column":46},"end":{"line":86,"column":107}}],"line":86}},"s":{"0":1,"1":3,"2":3,"3":3,"4":3,"5":3,"6":3,"7":1,"8":3,"9":6,"10":0,"11":3,"12":21,"13":0,"14":21,"15":3,"16":12,"17":9},"f":{"0":3,"1":1,"2":6,"3":0,"4":21,"5":12,"6":9},"b":{"0":[0,21],"1":[12,0,0,12],"2":[0,12],"3":[12,0],"4":[12,3],"5":[0,9],"6":[9,0]},"_coverageSchema":"1a1c01bbd47fc00a2c39e90264f33305004495a9","hash":"4e07bd8b8fec9bc077cc766fdd2e499b28a43570"},"/home/docker/project/react-boilerplate/react-boilerplate-app/src/app/resize/hook/useAppResize.ts":{"path":"/home/docker/project/react-boilerplate/react-boilerplate-app/src/app/resize/hook/useAppResize.ts","statementMap":{"0":{"start":{"line":3,"column":28},"end":{"line":23,"column":1}},"1":{"start":{"line":4,"column":38},"end":{"line":7,"column":4}},"2":{"start":{"line":9,"column":23},"end":{"line":14,"column":8}},"3":{"start":{"line":10,"column":4},"end":{"line":13,"column":7}},"4":{"start":{"line":16,"column":2},"end":{"line":20,"column":21}},"5":{"start":{"line":17,"column":4},"end":{"line":17,"column":19}},"6":{"start":{"line":18,"column":4},"end":{"line":18,"column":52}},"7":{"start":{"line":19,"column":4},"end":{"line":19,"column":68}},"8":{"start":{"line":19,"column":17},"end":{"line":19,"column":67}},"9":{"start":{"line":22,"column":2},"end":{"line":22,"column":24}}},"fnMap":{"0":{"name":"(anonymous_0)","decl":{"start":{"line":3,"column":28},"end":{"line":3,"column":29}},"loc":{"start":{"line":3,"column":34},"end":{"line":23,"column":1}},"line":3},"1":{"name":"(anonymous_1)","decl":{"start":{"line":9,"column":35},"end":{"line":9,"column":36}},"loc":{"start":{"line":9,"column":41},"end":{"line":14,"column":3}},"line":9},"2":{"name":"(anonymous_2)","decl":{"start":{"line":16,"column":12},"end":{"line":16,"column":13}},"loc":{"start":{"line":16,"column":18},"end":{"line":20,"column":3}},"line":16},"3":{"name":"(anonymous_3)","decl":{"start":{"line":19,"column":11},"end":{"line":19,"column":12}},"loc":{"start":{"line":19,"column":17},"end":{"line":19,"column":67}},"line":19}},"branchMap":{},"s":{"0":1,"1":3,"2":3,"3":1,"4":3,"5":1,"6":1,"7":1,"8":1,"9":3},"f":{"0":3,"1":1,"2":1,"3":1},"b":{},"_coverageSchema":"1a1c01bbd47fc00a2c39e90264f33305004495a9","hash":"5f195d0d39cc73cae4e36843d7f74829dfcfdbe1"},"/home/docker/project/react-boilerplate/react-boilerplate-app/src/template/hook/useAppTheme.tsx":{"path":"/home/docker/project/react-boilerplate/react-boilerplate-app/src/template/hook/useAppTheme.tsx","statementMap":{"0":{"start":{"line":7,"column":20},"end":{"line":7,"column":23}},"1":{"start":{"line":9,"column":27},"end":{"line":78,"column":1}},"2":{"start":{"line":10,"column":19},"end":{"line":10,"column":35}},"3":{"start":{"line":11,"column":22},"end":{"line":11,"column":61}},"4":{"start":{"line":11,"column":48},"end":{"line":11,"column":60}},"5":{"start":{"line":12,"column":25},"end":{"line":12,"column":39}},"6":{"start":{"line":13,"column":38},"end":{"line":13,"column":53}},"7":{"start":{"line":14,"column":44},"end":{"line":14,"column":107}},"8":{"start":{"line":15,"column":46},"end":{"line":15,"column":61}},"9":{"start":{"line":17,"column":2},"end":{"line":27,"column":19}},"10":{"start":{"line":18,"column":4},"end":{"line":26,"column":5}},"11":{"start":{"line":19,"column":6},"end":{"line":19,"column":26}},"12":{"start":{"line":20,"column":6},"end":{"line":20,"column":36}},"13":{"start":{"line":21,"column":6},"end":{"line":21,"column":31}},"14":{"start":{"line":23,"column":6},"end":{"line":23,"column":27}},"15":{"start":{"line":24,"column":6},"end":{"line":24,"column":36}},"16":{"start":{"line":25,"column":6},"end":{"line":25,"column":30}},"17":{"start":{"line":29,"column":27},"end":{"line":34,"column":3}},"18":{"start":{"line":30,"column":26},"end":{"line":32,"column":5}},"19":{"start":{"line":31,"column":6},"end":{"line":31,"column":30}},"20":{"start":{"line":36,"column":30},"end":{"line":39,"column":3}},"21":{"start":{"line":37,"column":33},"end":{"line":37,"column":93}},"22":{"start":{"line":37,"column":56},"end":{"line":37,"column":81}},"23":{"start":{"line":41,"column":24},"end":{"line":58,"column":3}},"24":{"start":{"line":43,"column":21},"end":{"line":43,"column":91}},"25":{"start":{"line":43,"column":62},"end":{"line":43,"column":90}},"26":{"start":{"line":44,"column":22},"end":{"line":44,"column":71}},"27":{"start":{"line":45,"column":17},"end":{"line":45,"column":22}},"28":{"start":{"line":46,"column":6},"end":{"line":49,"column":7}},"29":{"start":{"line":47,"column":8},"end":{"line":47,"column":64}},"30":{"start":{"line":48,"column":8},"end":{"line":48,"column":20}},"31":{"start":{"line":50,"column":30},"end":{"line":50,"column":83}},"32":{"start":{"line":51,"column":6},"end":{"line":54,"column":7}},"33":{"start":{"line":52,"column":8},"end":{"line":52,"column":72}},"34":{"start":{"line":53,"column":8},"end":{"line":53,"column":20}},"35":{"start":{"line":55,"column":6},"end":{"line":55,"column":86}},"36":{"start":{"line":60,"column":23},"end":{"line":66,"column":3}},"37":{"start":{"line":61,"column":82},"end":{"line":64,"column":5}},"38":{"start":{"line":62,"column":24},"end":{"line":62,"column":62}},"39":{"start":{"line":63,"column":6},"end":{"line":63,"column":85}},"40":{"start":{"line":68,"column":2},"end":{"line":77,"column":4}}},"fnMap":{"0":{"name":"(anonymous_0)","decl":{"start":{"line":9,"column":27},"end":{"line":9,"column":28}},"loc":{"start":{"line":9,"column":33},"end":{"line":78,"column":1}},"line":9},"1":{"name":"(anonymous_1)","decl":{"start":{"line":11,"column":37},"end":{"line":11,"column":38}},"loc":{"start":{"line":11,"column":48},"end":{"line":11,"column":60}},"line":11},"2":{"name":"(anonymous_2)","decl":{"start":{"line":17,"column":12},"end":{"line":17,"column":13}},"loc":{"start":{"line":17,"column":18},"end":{"line":27,"column":3}},"line":17},"3":{"name":"(anonymous_3)","decl":{"start":{"line":30,"column":4},"end":{"line":30,"column":5}},"loc":{"start":{"line":30,"column":26},"end":{"line":32,"column":5}},"line":30},"4":{"name":"(anonymous_4)","decl":{"start":{"line":30,"column":26},"end":{"line":30,"column":27}},"loc":{"start":{"line":30,"column":32},"end":{"line":32,"column":5}},"line":30},"5":{"name":"(anonymous_5)","decl":{"start":{"line":37,"column":4},"end":{"line":37,"column":5}},"loc":{"start":{"line":37,"column":33},"end":{"line":37,"column":93}},"line":37},"6":{"name":"(anonymous_6)","decl":{"start":{"line":37,"column":50},"end":{"line":37,"column":51}},"loc":{"start":{"line":37,"column":56},"end":{"line":37,"column":81}},"line":37},"7":{"name":"(anonymous_7)","decl":{"start":{"line":42,"column":4},"end":{"line":42,"column":5}},"loc":{"start":{"line":42,"column":26},"end":{"line":56,"column":5}},"line":42},"8":{"name":"(anonymous_8)","decl":{"start":{"line":43,"column":37},"end":{"line":43,"column":38}},"loc":{"start":{"line":43,"column":62},"end":{"line":43,"column":90}},"line":43},"9":{"name":"(anonymous_9)","decl":{"start":{"line":61,"column":4},"end":{"line":61,"column":5}},"loc":{"start":{"line":61,"column":82},"end":{"line":64,"column":5}},"line":61},"10":{"name":"(anonymous_10)","decl":{"start":{"line":61,"column":82},"end":{"line":61,"column":83}},"loc":{"start":{"line":61,"column":88},"end":{"line":64,"column":5}},"line":61}},"branchMap":{"0":{"loc":{"start":{"line":18,"column":4},"end":{"line":26,"column":5}},"type":"if","locations":[{"start":{"line":18,"column":4},"end":{"line":26,"column":5}},{"start":{"line":22,"column":11},"end":{"line":26,"column":5}}],"line":18},"1":{"loc":{"start":{"line":18,"column":8},"end":{"line":18,"column":51}},"type":"binary-expr","locations":[{"start":{"line":18,"column":8},"end":{"line":18,"column":24}},{"start":{"line":18,"column":28},"end":{"line":18,"column":51}}],"line":18},"2":{"loc":{"start":{"line":46,"column":6},"end":{"line":49,"column":7}},"type":"if","locations":[{"start":{"line":46,"column":6},"end":{"line":49,"column":7}},{"start":{},"end":{}}],"line":46},"3":{"loc":{"start":{"line":46,"column":10},"end":{"line":46,"column":51}},"type":"binary-expr","locations":[{"start":{"line":46,"column":10},"end":{"line":46,"column":29}},{"start":{"line":46,"column":33},"end":{"line":46,"column":51}}],"line":46},"4":{"loc":{"start":{"line":47,"column":31},"end":{"line":47,"column":62}},"type":"cond-expr","locations":[{"start":{"line":47,"column":40},"end":{"line":47,"column":58}},{"start":{"line":47,"column":61},"end":{"line":47,"column":62}}],"line":47},"5":{"loc":{"start":{"line":51,"column":6},"end":{"line":54,"column":7}},"type":"if","locations":[{"start":{"line":51,"column":6},"end":{"line":54,"column":7}},{"start":{},"end":{}}],"line":51},"6":{"loc":{"start":{"line":51,"column":10},"end":{"line":51,"column":59}},"type":"binary-expr","locations":[{"start":{"line":51,"column":10},"end":{"line":51,"column":37}},{"start":{"line":51,"column":41},"end":{"line":51,"column":59}}],"line":51},"7":{"loc":{"start":{"line":52,"column":39},"end":{"line":52,"column":70}},"type":"cond-expr","locations":[{"start":{"line":52,"column":48},"end":{"line":52,"column":66}},{"start":{"line":52,"column":69},"end":{"line":52,"column":70}}],"line":52},"8":{"loc":{"start":{"line":55,"column":6},"end":{"line":55,"column":85}},"type":"binary-expr","locations":[{"start":{"line":55,"column":6},"end":{"line":55,"column":11}},{"start":{"line":55,"column":15},"end":{"line":55,"column":85}}],"line":55},"9":{"loc":{"start":{"line":62,"column":24},"end":{"line":62,"column":62}},"type":"binary-expr","locations":[{"start":{"line":62,"column":24},"end":{"line":62,"column":57}},{"start":{"line":62,"column":61},"end":{"line":62,"column":62}}],"line":62}},"s":{"0":1,"1":1,"2":3,"3":3,"4":3,"5":3,"6":3,"7":3,"8":3,"9":3,"10":2,"11":1,"12":1,"13":1,"14":1,"15":1,"16":1,"17":3,"18":6,"19":0,"20":3,"21":0,"22":0,"23":3,"24":1,"25":0,"26":1,"27":1,"28":1,"29":0,"30":0,"31":1,"32":1,"33":0,"34":0,"35":1,"36":3,"37":3,"38":0,"39":0,"40":3},"f":{"0":3,"1":3,"2":2,"3":6,"4":0,"5":0,"6":0,"7":1,"8":0,"9":3,"10":0},"b":{"0":[1,1],"1":[2,1],"2":[0,1],"3":[1,1],"4":[0,0],"5":[0,1],"6":[1,0],"7":[0,0],"8":[1,1],"9":[0,0]},"_coverageSchema":"1a1c01bbd47fc00a2c39e90264f33305004495a9","hash":"084a9029bdd41dec589128161230e0542441186d"},"/home/docker/project/react-boilerplate/react-boilerplate-app/src/template/AppTheme.tsx":{"path":"/home/docker/project/react-boilerplate/react-boilerplate-app/src/template/AppTheme.tsx","statementMap":{"0":{"start":{"line":39,"column":43},"end":{"line":123,"column":1}},"1":{"start":{"line":49,"column":19},"end":{"line":49,"column":35}},"2":{"start":{"line":50,"column":23},"end":{"line":50,"column":37}},"3":{"start":{"line":51,"column":39},"end":{"line":51,"column":56}},"4":{"start":{"line":61,"column":6},"end":{"line":61,"column":19}},"5":{"start":{"line":62,"column":24},"end":{"line":62,"column":59}},"6":{"start":{"line":64,"column":2},"end":{"line":66,"column":41}},"7":{"start":{"line":65,"column":4},"end":{"line":65,"column":37}},"8":{"start":{"line":68,"column":2},"end":{"line":73,"column":23}},"9":{"start":{"line":69,"column":4},"end":{"line":69,"column":48}},"10":{"start":{"line":70,"column":4},"end":{"line":70,"column":49}},"11":{"start":{"line":71,"column":4},"end":{"line":71,"column":48}},"12":{"start":{"line":72,"column":4},"end":{"line":72,"column":46}},"13":{"start":{"line":75,"column":2},"end":{"line":78,"column":27}},"14":{"start":{"line":76,"column":4},"end":{"line":76,"column":42}},"15":{"start":{"line":77,"column":4},"end":{"line":77,"column":86}},"16":{"start":{"line":80,"column":2},"end":{"line":122,"column":4}}},"fnMap":{"0":{"name":"(anonymous_0)","decl":{"start":{"line":39,"column":43},"end":{"line":39,"column":44}},"loc":{"start":{"line":48,"column":6},"end":{"line":123,"column":1}},"line":48},"1":{"name":"(anonymous_1)","decl":{"start":{"line":64,"column":12},"end":{"line":64,"column":13}},"loc":{"start":{"line":64,"column":18},"end":{"line":66,"column":3}},"line":64},"2":{"name":"(anonymous_2)","decl":{"start":{"line":68,"column":12},"end":{"line":68,"column":13}},"loc":{"start":{"line":68,"column":18},"end":{"line":73,"column":3}},"line":68},"3":{"name":"(anonymous_3)","decl":{"start":{"line":75,"column":12},"end":{"line":75,"column":13}},"loc":{"start":{"line":75,"column":18},"end":{"line":78,"column":3}},"line":75}},"branchMap":{},"s":{"0":1,"1":3,"2":3,"3":3,"4":3,"5":3,"6":3,"7":1,"8":3,"9":1,"10":1,"11":1,"12":1,"13":3,"14":1,"15":1,"16":3},"f":{"0":3,"1":1,"2":1,"3":1},"b":{},"_coverageSchema":"1a1c01bbd47fc00a2c39e90264f33305004495a9","hash":"78c0dc9d6d50d421d0eb6715430a914737bbfe16"}}}
