{"numFailedTestSuites":0,"numFailedTests":0,"numPassedTestSuites":66,"numPassedTests":169,"numPendingTestSuites":0,"numPendingTests":0,"numRuntimeErrorTestSuites":0,"numTodoTests":0,"numTotalTestSuites":66,"numTotalTests":169,"openHandles":[],"snapshot":{"added":0,"didUpdate":false,"failure":false,"filesAdded":0,"filesRemoved":0,"filesRemovedList":[],"filesUnmatched":0,"filesUpdated":0,"matched":0,"total":0,"unchecked":0,"uncheckedKeysByFile":[],"unmatched":0,"updated":0},"startTime":1708800405050,"success":true,"testResults":[{"assertionResults":[{"ancestorTitles":["AdminShowPage"],"duration":37,"failureDetails":[],"failureMessages":[],"fullName":"AdminShowPage Given AdminShowPage when its mount then ","invocations":1,"location":null,"numPassingAsserts":0,"retryReasons":[],"status":"passed","title":"Given AdminShowPage when its mount then "}],"endTime":1708800407915,"message":"","name":"/home/docker/project/react-boilerplate/react-boilerplate-app/src/module/admin/page/show/AdminShowPage.test.js","startTime":1708800405586,"status":"passed","summary":""},{"assertionResults":[{"ancestorTitles":["CustomForm"],"duration":93,"failureDetails":[],"failureMessages":[],"fullName":"CustomForm Given CustomForm when its mount then ","invocations":1,"location":null,"numPassingAsserts":1,"retryReasons":[],"status":"passed","title":"Given CustomForm when its mount then "}],"endTime":1708800408236,"message":"","name":"/home/docker/project/react-boilerplate/react-boilerplate-app/src/module/custom/form/component/CustomForm.test.js","startTime":1708800405691,"status":"passed","summary":""},{"assertionResults":[{"ancestorTitles":["AppTheme"],"duration":143,"failureDetails":[],"failureMessages":[],"fullName":"AppTheme renders AppTheme","invocations":1,"location":null,"numPassingAsserts":1,"retryReasons":[],"status":"passed","title":"renders AppTheme"}],"endTime":1708800408341,"message":"","name":"/home/docker/project/react-boilerplate/react-boilerplate-app/src/template/AppTheme.test.js","startTime":1708800405607,"status":"passed","summary":""},{"assertionResults":[{"ancestorTitles":["LoginPage"],"duration":199,"failureDetails":[],"failureMessages":[],"fullName":"LoginPage Given LoginPage when its mount then ","invocations":1,"location":null,"numPassingAsserts":1,"retryReasons":[],"status":"passed","title":"Given LoginPage when its mount then "}],"endTime":1708800408537,"message":"","name":"/home/docker/project/react-boilerplate/react-boilerplate-app/src/module/auth/page/login/LoginPage.test.js","startTime":1708800407966,"status":"passed","summary":""},{"assertionResults":[{"ancestorTitles":["CustomList"],"duration":15,"failureDetails":[],"failureMessages":[],"fullName":"CustomList Given CustomList when its mount with no data then list is empty","invocations":1,"location":null,"numPassingAsserts":1,"retryReasons":[],"status":"passed","title":"Given CustomList when its mount with no data then list is empty"},{"ancestorTitles":["CustomList"],"duration":20,"failureDetails":[],"failureMessages":[],"fullName":"CustomList Given CustomList when its mount with datas then list not empty","invocations":1,"location":null,"numPassingAsserts":3,"retryReasons":[],"status":"passed","title":"Given CustomList when its mount with datas then list not empty"}],"endTime":1708800408665,"message":"","name":"/home/docker/project/react-boilerplate/react-boilerplate-app/src/module/custom/list/component/CustomList.test.js","startTime":1708800408296,"status":"passed","summary":""},{"assertionResults":[{"ancestorTitles":["NewsUpdatePage"],"duration":118,"failureDetails":[],"failureMessages":[],"fullName":"NewsUpdatePage Given NewsUpdatePage when its mount then ","invocations":1,"location":null,"numPassingAsserts":1,"retryReasons":[],"status":"passed","title":"Given NewsUpdatePage when its mount then "}],"endTime":1708800408912,"message":"","name":"/home/docker/project/react-boilerplate/react-boilerplate-app/src/module/news/page/update/NewsUpdatePage.test.js","startTime":1708800408387,"status":"passed","summary":""},{"assertionResults":[{"ancestorTitles":["RegisterPage"],"duration":169,"failureDetails":[],"failureMessages":[],"fullName":"RegisterPage Given RegisterPage when its mount then ","invocations":1,"location":null,"numPassingAsserts":1,"retryReasons":[],"status":"passed","title":"Given RegisterPage when its mount then "}],"endTime":1708800409159,"message":"","name":"/home/docker/project/react-boilerplate/react-boilerplate-app/src/module/auth/page/register/RegisterPage.test.js","startTime":1708800408579,"status":"passed","summary":""},{"assertionResults":[{"ancestorTitles":["ProfilePage"],"duration":67,"failureDetails":[],"failureMessages":[],"fullName":"ProfilePage Given ProfilePage when its mount then CardContent is shown","invocations":1,"location":null,"numPassingAsserts":0,"retryReasons":[],"status":"passed","title":"Given ProfilePage when its mount then CardContent is shown"},{"ancestorTitles":["ProfilePage"],"duration":4,"failureDetails":[],"failureMessages":[],"fullName":"ProfilePage Given ProfilePage when its mount then CardContent is not shown","invocations":1,"location":null,"numPassingAsserts":1,"retryReasons":[],"status":"passed","title":"Given ProfilePage when its mount then CardContent is not shown"}],"endTime":1708800409271,"message":"","name":"/home/docker/project/react-boilerplate/react-boilerplate-app/src/module/user/profile/page/ProfilePage.test.js","startTime":1708800408682,"status":"passed","summary":""},{"assertionResults":[{"ancestorTitles":["ProfileShow"],"duration":100,"failureDetails":[],"failureMessages":[],"fullName":"ProfileShow Given ProfileShow when its mount then CardContent is shown","invocations":1,"location":null,"numPassingAsserts":1,"retryReasons":[],"status":"passed","title":"Given ProfileShow when its mount then CardContent is shown"}],"endTime":1708800409453,"message":"","name":"/home/docker/project/react-boilerplate/react-boilerplate-app/src/module/user/profile/component/ProfileShow.test.js","startTime":1708800408943,"status":"passed","summary":""},{"assertionResults":[{"ancestorTitles":["NewsShowPage"],"duration":95,"failureDetails":[],"failureMessages":[],"fullName":"NewsShowPage Given NewsShowPage when its mount then ","invocations":1,"location":null,"numPassingAsserts":1,"retryReasons":[],"status":"passed","title":"Given NewsShowPage when its mount then "}],"endTime":1708800409667,"message":"","name":"/home/docker/project/react-boilerplate/react-boilerplate-app/src/module/news/page/show/NewsShowPage.test.js","startTime":1708800409187,"status":"passed","summary":""},{"assertionResults":[{"ancestorTitles":["useUser"],"duration":30,"failureDetails":[],"failureMessages":[],"fullName":"useUser Given useUser when is mount with an id Then ","invocations":1,"location":null,"numPassingAsserts":7,"retryReasons":[],"status":"passed","title":"Given useUser when is mount with an id Then "}],"endTime":1708800409710,"message":"","name":"/home/docker/project/react-boilerplate/react-boilerplate-app/src/module/user/user/hook/useUser.test.js","startTime":1708800409329,"status":"passed","summary":""},{"assertionResults":[{"ancestorTitles":["ForgetPasswordPage"],"duration":53,"failureDetails":[],"failureMessages":[],"fullName":"ForgetPasswordPage Given ForgetPasswordPage when its mount then ","invocations":1,"location":null,"numPassingAsserts":2,"retryReasons":[],"status":"passed","title":"Given ForgetPasswordPage when its mount then "}],"endTime":1708800409977,"message":"","name":"/home/docker/project/react-boilerplate/react-boilerplate-app/src/module/auth/page/forget-password/ForgetPasswordPage.test.js","startTime":1708800409509,"status":"passed","summary":""},{"assertionResults":[{"ancestorTitles":["LoginGoogle"],"duration":35,"failureDetails":[],"failureMessages":[],"fullName":"LoginGoogle Given LoginGoogle when its mount then ","invocations":1,"location":null,"numPassingAsserts":1,"retryReasons":[],"status":"passed","title":"Given LoginGoogle when its mount then "}],"endTime":1708800410042,"message":"","name":"/home/docker/project/react-boilerplate/react-boilerplate-app/src/module/auth/page/login/google/LoginGoogle.test.js","startTime":1708800409689,"status":"passed","summary":""},{"assertionResults":[{"ancestorTitles":["AdminTabPage"],"duration":29,"failureDetails":[],"failureMessages":[],"fullName":"AdminTabPage Given AdminTabPage when its mount then ","invocations":1,"location":null,"numPassingAsserts":0,"retryReasons":[],"status":"passed","title":"Given AdminTabPage when its mount then "}],"endTime":1708800410101,"message":"","name":"/home/docker/project/react-boilerplate/react-boilerplate-app/src/module/admin/page/tab/AdminTabPage.test.js","startTime":1708800409729,"status":"passed","summary":""},{"assertionResults":[{"ancestorTitles":["CustomFormManyToMany"],"duration":80,"failureDetails":[],"failureMessages":[],"fullName":"CustomFormManyToMany Given CustomFormManyToMany when its mount then ","invocations":1,"location":null,"numPassingAsserts":2,"retryReasons":[],"status":"passed","title":"Given CustomFormManyToMany when its mount then "}],"endTime":1708800410429,"message":"","name":"/home/docker/project/react-boilerplate/react-boilerplate-app/src/module/custom/form/component/CustomFormManyToMany.test.js","startTime":1708800409990,"status":"passed","summary":""},{"assertionResults":[{"ancestorTitles":["CustomFormModale"],"duration":16,"failureDetails":[],"failureMessages":[],"fullName":"CustomFormModale Given CustomFormModale when its mount then ","invocations":1,"location":null,"numPassingAsserts":0,"retryReasons":[],"status":"passed","title":"Given CustomFormModale when its mount then "},{"ancestorTitles":["CustomFormModale"],"duration":10,"failureDetails":[],"failureMessages":[],"fullName":"CustomFormModale Given CustomFormModale when its mount with data then ","invocations":1,"location":null,"numPassingAsserts":0,"retryReasons":[],"status":"passed","title":"Given CustomFormModale when its mount with data then "}],"endTime":1708800410476,"message":"","name":"/home/docker/project/react-boilerplate/react-boilerplate-app/src/module/custom/form/component/CustomFormModale.test.js","startTime":1708800410131,"status":"passed","summary":""},{"assertionResults":[{"ancestorTitles":["NewsCard"],"duration":76,"failureDetails":[],"failureMessages":[],"fullName":"NewsCard Given NewsCard when its mount then MdCard is shown","invocations":1,"location":null,"numPassingAsserts":1,"retryReasons":[],"status":"passed","title":"Given NewsCard when its mount then MdCard is shown"}],"endTime":1708800410492,"message":"","name":"/home/docker/project/react-boilerplate/react-boilerplate-app/src/module/news/component/card/NewsCard.test.js","startTime":1708800410132,"status":"passed","summary":""},{"assertionResults":[{"ancestorTitles":["useApiServiceFindBy"],"duration":11,"failureDetails":[],"failureMessages":[],"fullName":"useApiServiceFindBy Given useApiServiceFindBy When fetchBy Then service is called","invocations":1,"location":null,"numPassingAsserts":1,"retryReasons":[],"status":"passed","title":"Given useApiServiceFindBy When fetchBy Then service is called"},{"ancestorTitles":["useApiServiceFindBy"],"duration":2,"failureDetails":[],"failureMessages":[],"fullName":"useApiServiceFindBy Given useApiServiceFindBy When fetchBy Then service is called","invocations":1,"location":null,"numPassingAsserts":2,"retryReasons":[],"status":"passed","title":"Given useApiServiceFindBy When fetchBy Then service is called"},{"ancestorTitles":["useApiServiceFindBy"],"duration":2,"failureDetails":[],"failureMessages":[],"fullName":"useApiServiceFindBy Given useApiServiceFindBy When fetchBy Then service is called","invocations":1,"location":null,"numPassingAsserts":1,"retryReasons":[],"status":"passed","title":"Given useApiServiceFindBy When fetchBy Then service is called"}],"endTime":1708800410937,"message":"","name":"/home/docker/project/react-boilerplate/react-boilerplate-app/src/api/hook/useApiServiceFindBy.test.js","startTime":1708800410508,"status":"passed","summary":""},{"assertionResults":[{"ancestorTitles":["CustomNotification"],"duration":20,"failureDetails":[],"failureMessages":[],"fullName":"CustomNotification Given CustomNotification when its mount then ","invocations":1,"location":null,"numPassingAsserts":1,"retryReasons":[],"status":"passed","title":"Given CustomNotification when its mount then "}],"endTime":1708800411067,"message":"","name":"/home/docker/project/react-boilerplate/react-boilerplate-app/src/module/custom/notification/component/CustomNotification.test.js","startTime":1708800410505,"status":"passed","summary":""},{"assertionResults":[{"ancestorTitles":["NewsListPage"],"duration":23,"failureDetails":[],"failureMessages":[],"fullName":"NewsListPage Given NewsListPage when its mount then ","invocations":1,"location":null,"numPassingAsserts":1,"retryReasons":[],"status":"passed","title":"Given NewsListPage when its mount then "}],"endTime":1708800411094,"message":"","name":"/home/docker/project/react-boilerplate/react-boilerplate-app/src/module/news/page/list/NewsListPage.test.js","startTime":1708800410508,"status":"passed","summary":""},{"assertionResults":[{"ancestorTitles":["useModal"],"duration":84,"failureDetails":[],"failureMessages":[],"fullName":"useModal Given useModal when is mount with an id Then ","invocations":1,"location":null,"numPassingAsserts":2,"retryReasons":[],"status":"passed","title":"Given useModal when is mount with an id Then "}],"endTime":1708800411318,"message":"","name":"/home/docker/project/react-boilerplate/react-boilerplate-app/src/hook/modal/useModal.test.js","startTime":1708800410959,"status":"passed","summary":""},{"assertionResults":[{"ancestorTitles":["AppInfiniteScrool"],"duration":32,"failureDetails":[],"failureMessages":[],"fullName":"AppInfiniteScrool Given AppInfiniteScrool When its mount Then LinearProgress is shown","invocations":1,"location":null,"numPassingAsserts":1,"retryReasons":[],"status":"passed","title":"Given AppInfiniteScrool When its mount Then LinearProgress is shown"}],"endTime":1708800411392,"message":"","name":"/home/docker/project/react-boilerplate/react-boilerplate-app/src/app/infinite-scroll/AppInfiniteScrool.test.js","startTime":1708800411114,"status":"passed","summary":""},{"assertionResults":[{"ancestorTitles":["useCustomNotification"],"duration":12,"failureDetails":[],"failureMessages":[],"fullName":"useCustomNotification Given useCustomNotification when is mount with an id Then ","invocations":1,"location":null,"numPassingAsserts":2,"retryReasons":[],"status":"passed","title":"Given useCustomNotification when is mount with an id Then "}],"endTime":1708800411399,"message":"","name":"/home/docker/project/react-boilerplate/react-boilerplate-app/src/module/custom/notification/hook/useCustomNotification.test.js","startTime":1708800411088,"status":"passed","summary":""},{"assertionResults":[{"ancestorTitles":["AppFabAdd"],"duration":18,"failureDetails":[],"failureMessages":[],"fullName":"AppFabAdd Given AppFabAdd when its mount then ButtonGroup is shown","invocations":1,"location":null,"numPassingAsserts":1,"retryReasons":[],"status":"passed","title":"Given AppFabAdd when its mount then ButtonGroup is shown"}],"endTime":1708800411591,"message":"","name":"/home/docker/project/react-boilerplate/react-boilerplate-app/src/app/fab/add/AppFabAdd.test.js","startTime":1708800411332,"status":"passed","summary":""},{"assertionResults":[{"ancestorTitles":["NewsCardSmall"],"duration":23,"failureDetails":[],"failureMessages":[],"fullName":"NewsCardSmall Given NewsCardSmall when its mount then CardContent is shown","invocations":1,"location":null,"numPassingAsserts":1,"retryReasons":[],"status":"passed","title":"Given NewsCardSmall when its mount then CardContent is shown"}],"endTime":1708800411701,"message":"","name":"/home/docker/project/react-boilerplate/react-boilerplate-app/src/module/news/component/card/NewsCardSmall.test.js","startTime":1708800411412,"status":"passed","summary":""},{"assertionResults":[{"ancestorTitles":["useApiServiceFetchBy"],"duration":16,"failureDetails":[],"failureMessages":[],"fullName":"useApiServiceFetchBy Given useApiServiceFetchBy When fetchBy Then service is called","invocations":1,"location":null,"numPassingAsserts":5,"retryReasons":[],"status":"passed","title":"Given useApiServiceFetchBy When fetchBy Then service is called"}],"endTime":1708800411883,"message":"","name":"/home/docker/project/react-boilerplate/react-boilerplate-app/src/api/hook/useApiServiceFetchBy.test.js","startTime":1708800411413,"status":"passed","summary":""},{"assertionResults":[{"ancestorTitles":["CustomModaleConfirm"],"duration":15,"failureDetails":[],"failureMessages":[],"fullName":"CustomModaleConfirm Given CustomModaleConfirm when its mount with no data then list is empty","invocations":1,"location":null,"numPassingAsserts":1,"retryReasons":[],"status":"passed","title":"Given CustomModaleConfirm when its mount with no data then list is empty"}],"endTime":1708800411945,"message":"","name":"/home/docker/project/react-boilerplate/react-boilerplate-app/src/module/custom/modale/component/CustomModaleConfirm.test.js","startTime":1708800411607,"status":"passed","summary":""},{"assertionResults":[{"ancestorTitles":["ActivationPage"],"duration":16,"failureDetails":[],"failureMessages":[],"fullName":"ActivationPage Given ActivationPage when its mount then ","invocations":1,"location":null,"numPassingAsserts":1,"retryReasons":[],"status":"passed","title":"Given ActivationPage when its mount then "}],"endTime":1708800412017,"message":"","name":"/home/docker/project/react-boilerplate/react-boilerplate-app/src/module/auth/page/activation/ActivationPage.test.js","startTime":1708800411715,"status":"passed","summary":""},{"assertionResults":[{"ancestorTitles":["ShowPage"],"duration":14,"failureDetails":[],"failureMessages":[],"fullName":"ShowPage Given ShowPage when its mount then ButtonGroup is shown","invocations":1,"location":null,"numPassingAsserts":1,"retryReasons":[],"status":"passed","title":"Given ShowPage when its mount then ButtonGroup is shown"}],"endTime":1708800412176,"message":"","name":"/home/docker/project/react-boilerplate/react-boilerplate-app/src/page/ShowPage.test.js","startTime":1708800411900,"status":"passed","summary":""},{"assertionResults":[{"ancestorTitles":["CustomFormSelect"],"duration":17,"failureDetails":[],"failureMessages":[],"fullName":"CustomFormSelect Given CustomFormSelect when its mount then ","invocations":1,"location":null,"numPassingAsserts":0,"retryReasons":[],"status":"passed","title":"Given CustomFormSelect when its mount then "}],"endTime":1708800412274,"message":"","name":"/home/docker/project/react-boilerplate/react-boilerplate-app/src/module/custom/form/component/CustomFormSelect.test.js","startTime":1708800411955,"status":"passed","summary":""},{"assertionResults":[{"ancestorTitles":["AppChartBar"],"duration":17,"failureDetails":[],"failureMessages":[],"fullName":"AppChartBar Given AppChartBar when its mount then MdCard is shown","invocations":1,"location":null,"numPassingAsserts":1,"retryReasons":[],"status":"passed","title":"Given AppChartBar when its mount then MdCard is shown"}],"endTime":1708800412309,"message":"","name":"/home/docker/project/react-boilerplate/react-boilerplate-app/src/app/chart/bar/component/AppChartBar.test.js","startTime":1708800412045,"status":"passed","summary":""},{"assertionResults":[{"ancestorTitles":["useApiServiceCrud"],"duration":13,"failureDetails":[],"failureMessages":[],"fullName":"useApiServiceCrud Given useApiServiceCrud When createOrUpdate Then service is called","invocations":1,"location":null,"numPassingAsserts":2,"retryReasons":[],"status":"passed","title":"Given useApiServiceCrud When createOrUpdate Then service is called"},{"ancestorTitles":["useApiServiceCrud"],"duration":2,"failureDetails":[],"failureMessages":[],"fullName":"useApiServiceCrud Given useApiServiceCrud When createOrUpdate Then service is called","invocations":1,"location":null,"numPassingAsserts":2,"retryReasons":[],"status":"passed","title":"Given useApiServiceCrud When createOrUpdate Then service is called"},{"ancestorTitles":["useApiServiceCrud"],"duration":3,"failureDetails":[],"failureMessages":[],"fullName":"useApiServiceCrud Given useApiServiceCrud When createOrUpdate Then service is called","invocations":1,"location":null,"numPassingAsserts":2,"retryReasons":[],"status":"passed","title":"Given useApiServiceCrud When createOrUpdate Then service is called"}],"endTime":1708800412517,"message":"","name":"/home/docker/project/react-boilerplate/react-boilerplate-app/src/api/hook/useApiServiceCrud.test.js","startTime":1708800412203,"status":"passed","summary":""},{"assertionResults":[{"ancestorTitles":["useAdminList"],"duration":15,"failureDetails":[],"failureMessages":[],"fullName":"useAdminList Given useAdminList When fetchTools with empty parameters Then service is not called","invocations":1,"location":null,"numPassingAsserts":1,"retryReasons":[],"status":"passed","title":"Given useAdminList When fetchTools with empty parameters Then service is not called"},{"ancestorTitles":["useAdminList"],"duration":2,"failureDetails":[],"failureMessages":[],"fullName":"useAdminList Given useAdminList When fetchTools Then service is called","invocations":1,"location":null,"numPassingAsserts":1,"retryReasons":[],"status":"passed","title":"Given useAdminList When fetchTools Then service is called"}],"endTime":1708800412582,"message":"","name":"/home/docker/project/react-boilerplate/react-boilerplate-app/src/module/admin/hook/useAdminList.test.js","startTime":1708800412292,"status":"passed","summary":""},{"assertionResults":[{"ancestorTitles":["useFetchNews"],"duration":15,"failureDetails":[],"failureMessages":[],"fullName":"useFetchNews Given useFetchNews when is mount with an id Then ","invocations":1,"location":null,"numPassingAsserts":2,"retryReasons":[],"status":"passed","title":"Given useFetchNews when is mount with an id Then "}],"endTime":1708800412614,"message":"","name":"/home/docker/project/react-boilerplate/react-boilerplate-app/src/module/news/hook/useFetchNews.test.js","startTime":1708800412323,"status":"passed","summary":""},{"assertionResults":[{"ancestorTitles":["useUserAuth"],"duration":14,"failureDetails":[],"failureMessages":[],"fullName":"useUserAuth Given useUserAuth When handleLogout Then service is called","invocations":1,"location":null,"numPassingAsserts":1,"retryReasons":[],"status":"passed","title":"Given useUserAuth When handleLogout Then service is called"}],"endTime":1708800412865,"message":"","name":"/home/docker/project/react-boilerplate/react-boilerplate-app/src/hook/user/useUserAuth.test.js","startTime":1708800412528,"status":"passed","summary":""},{"assertionResults":[{"ancestorTitles":["CheckIdentityPage"],"duration":28,"failureDetails":[],"failureMessages":[],"fullName":"CheckIdentityPage Given CheckIdentityPage when its mount then ","invocations":1,"location":null,"numPassingAsserts":2,"retryReasons":[],"status":"passed","title":"Given CheckIdentityPage when its mount then "}],"endTime":1708800412905,"message":"","name":"/home/docker/project/react-boilerplate/react-boilerplate-app/src/module/auth/page/check-identity/CheckIdentityPage.test.js","startTime":1708800412599,"status":"passed","summary":""},{"assertionResults":[{"ancestorTitles":["ShowMessage"],"duration":23,"failureDetails":[],"failureMessages":[],"fullName":"ShowMessage Given ShowMessage when its mount then Table is shown","invocations":1,"location":null,"numPassingAsserts":0,"retryReasons":[],"status":"passed","title":"Given ShowMessage when its mount then Table is shown"}],"endTime":1708800413013,"message":"","name":"/home/docker/project/react-boilerplate/react-boilerplate-app/src/template/message/ShowMessage.test.js","startTime":1708800412648,"status":"passed","summary":""},{"assertionResults":[{"ancestorTitles":["useMessage"],"duration":13,"failureDetails":[],"failureMessages":[],"fullName":"useMessage Given useMessage when location is / then dispatch is called","invocations":1,"location":null,"numPassingAsserts":0,"retryReasons":[],"status":"passed","title":"Given useMessage when location is / then dispatch is called"}],"endTime":1708800413156,"message":"","name":"/home/docker/project/react-boilerplate/react-boilerplate-app/src/hook/message/useMessage.test.js","startTime":1708800412879,"status":"passed","summary":""},{"assertionResults":[{"ancestorTitles":["useCreateNews"],"duration":16,"failureDetails":[],"failureMessages":[],"fullName":"useCreateNews Given useCreateNews when fetchById Then service is called","invocations":1,"location":null,"numPassingAsserts":1,"retryReasons":[],"status":"passed","title":"Given useCreateNews when fetchById Then service is called"},{"ancestorTitles":["useCreateNews"],"duration":3,"failureDetails":[],"failureMessages":[],"fullName":"useCreateNews Given useCreateNews when createOrUpdateNews Then service is called","invocations":1,"location":null,"numPassingAsserts":1,"retryReasons":[],"status":"passed","title":"Given useCreateNews when createOrUpdateNews Then service is called"}],"endTime":1708800413240,"message":"","name":"/home/docker/project/react-boilerplate/react-boilerplate-app/src/module/news/hook/useCreateNews.test.js","startTime":1708800412925,"status":"passed","summary":""},{"assertionResults":[{"ancestorTitles":["useApiService"],"duration":11,"failureDetails":[],"failureMessages":[],"fullName":"useApiService Given useApiService When httpGet Then service is called","invocations":1,"location":null,"numPassingAsserts":1,"retryReasons":[],"status":"passed","title":"Given useApiService When httpGet Then service is called"},{"ancestorTitles":["useApiService"],"duration":2,"failureDetails":[],"failureMessages":[],"fullName":"useApiService Given useApiService When httpGet Then service is called","invocations":1,"location":null,"numPassingAsserts":1,"retryReasons":[],"status":"passed","title":"Given useApiService When httpGet Then service is called"},{"ancestorTitles":["useApiService"],"duration":2,"failureDetails":[],"failureMessages":[],"fullName":"useApiService Given useApiService When httpPost Then service is called","invocations":1,"location":null,"numPassingAsserts":1,"retryReasons":[],"status":"passed","title":"Given useApiService When httpPost Then service is called"},{"ancestorTitles":["useApiService"],"duration":5,"failureDetails":[],"failureMessages":[],"fullName":"useApiService Given useApiService When fetchTools Then service is called","invocations":1,"location":null,"numPassingAsserts":1,"retryReasons":[],"status":"passed","title":"Given useApiService When fetchTools Then service is called"},{"ancestorTitles":["useApiService"],"duration":1,"failureDetails":[],"failureMessages":[],"fullName":"useApiService Given useApiService When httpPut Then service is called","invocations":1,"location":null,"numPassingAsserts":1,"retryReasons":[],"status":"passed","title":"Given useApiService When httpPut Then service is called"},{"ancestorTitles":["useApiService"],"duration":5,"failureDetails":[],"failureMessages":[],"fullName":"useApiService Given useApiService When httpPut Then service is called","invocations":1,"location":null,"numPassingAsserts":1,"retryReasons":[],"status":"passed","title":"Given useApiService When httpPut Then service is called"},{"ancestorTitles":["useApiService"],"duration":2,"failureDetails":[],"failureMessages":[],"fullName":"useApiService Given useApiService When deleteById Then service is called","invocations":1,"location":null,"numPassingAsserts":1,"retryReasons":[],"status":"passed","title":"Given useApiService When deleteById Then service is called"},{"ancestorTitles":["useApiService"],"duration":2,"failureDetails":[],"failureMessages":[],"fullName":"useApiService Given useApiService When deleteById Then service is called","invocations":1,"location":null,"numPassingAsserts":1,"retryReasons":[],"status":"passed","title":"Given useApiService When deleteById Then service is called"}],"endTime":1708800413312,"message":"","name":"/home/docker/project/react-boilerplate/react-boilerplate-app/src/api/hook/useApiService.test.js","startTime":1708800413031,"status":"passed","summary":""},{"assertionResults":[{"ancestorTitles":["AppInputWithButton"],"duration":23,"failureDetails":[],"failureMessages":[],"fullName":"AppInputWithButton Given AppInputWithButton When its mount Then MdInputTextSimple is shown","invocations":1,"location":null,"numPassingAsserts":3,"retryReasons":[],"status":"passed","title":"Given AppInputWithButton When its mount Then MdInputTextSimple is shown"}],"endTime":1708800413414,"message":"","name":"/home/docker/project/react-boilerplate/react-boilerplate-app/src/app/input-with-button/component/AppInputWithButton.test.js","startTime":1708800413174,"status":"passed","summary":""},{"assertionResults":[{"ancestorTitles":["SuspenceLoader"],"duration":18,"failureDetails":[],"failureMessages":[],"fullName":"SuspenceLoader Give SuspenceLoader When component is mount Then loader class name is found","invocations":1,"location":null,"numPassingAsserts":1,"retryReasons":[],"status":"passed","title":"Give SuspenceLoader When component is mount Then loader class name is found"}],"endTime":1708800413503,"message":"","name":"/home/docker/project/react-boilerplate/react-boilerplate-app/src/suspence/SuspenceLoader.test.js","startTime":1708800413251,"status":"passed","summary":""},{"assertionResults":[{"ancestorTitles":["AppButtonRefresh"],"duration":11,"failureDetails":[],"failureMessages":[],"fullName":"AppButtonRefresh Given AppButtonRefresh when its mount then MdButton is shown","invocations":1,"location":null,"numPassingAsserts":1,"retryReasons":[],"status":"passed","title":"Given AppButtonRefresh when its mount then MdButton is shown"}],"endTime":1708800413594,"message":"","name":"/home/docker/project/react-boilerplate/react-boilerplate-app/src/app/button/component/refresh/AppButtonRefresh.test.js","startTime":1708800413332,"status":"passed","summary":""},{"assertionResults":[{"ancestorTitles":["useCustomFormUpload"],"duration":10,"failureDetails":[],"failureMessages":[],"fullName":"useCustomFormUpload Given useCustomFormUpload when uploadImage then ApiService is called","invocations":1,"location":null,"numPassingAsserts":1,"retryReasons":[],"status":"passed","title":"Given useCustomFormUpload when uploadImage then ApiService is called"}],"endTime":1708800413647,"message":"","name":"/home/docker/project/react-boilerplate/react-boilerplate-app/src/module/custom/form/hook/useCustomFormUpload.test.js","startTime":1708800413423,"status":"passed","summary":""},{"assertionResults":[{"ancestorTitles":["useHandleKey"],"duration":10,"failureDetails":[],"failureMessages":[],"fullName":"useHandleKey Given useHandleKey when key is Escape then callback is called","invocations":1,"location":null,"numPassingAsserts":1,"retryReasons":[],"status":"passed","title":"Given useHandleKey when key is Escape then callback is called"},{"ancestorTitles":["useHandleKey"],"duration":2,"failureDetails":[],"failureMessages":[],"fullName":"useHandleKey Given useHandleKey when there is no key then callback is not called","invocations":1,"location":null,"numPassingAsserts":1,"retryReasons":[],"status":"passed","title":"Given useHandleKey when there is no key then callback is not called"}],"endTime":1708800413762,"message":"","name":"/home/docker/project/react-boilerplate/react-boilerplate-app/src/hook/handle/useHandleKey.test.js","startTime":1708800413513,"status":"passed","summary":""},{"assertionResults":[{"ancestorTitles":["useClickOutside"],"duration":14,"failureDetails":[],"failureMessages":[],"fullName":"useClickOutside Given useClickOutside When click outside Then close method is called","invocations":1,"location":null,"numPassingAsserts":2,"retryReasons":[],"status":"passed","title":"Given useClickOutside When click outside Then close method is called"}],"endTime":1708800413867,"message":"","name":"/home/docker/project/react-boilerplate/react-boilerplate-app/src/hook/click/useClickOutside.test.js","startTime":1708800413610,"status":"passed","summary":""},{"assertionResults":[{"ancestorTitles":["NotFoundPage"],"duration":24,"failureDetails":[],"failureMessages":[],"fullName":"NotFoundPage Given NotFoundPage when its mount then MdCard is shown ","invocations":1,"location":null,"numPassingAsserts":1,"retryReasons":[],"status":"passed","title":"Given NotFoundPage when its mount then MdCard is shown "}],"endTime":1708800413887,"message":"","name":"/home/docker/project/react-boilerplate/react-boilerplate-app/src/module/not-found/page/NotFoundPage.test.js","startTime":1708800413655,"status":"passed","summary":""},{"assertionResults":[{"ancestorTitles":["CustomModale"],"duration":15,"failureDetails":[],"failureMessages":[],"fullName":"CustomModale Given CustomModale when its mount with no data then list is empty","invocations":1,"location":null,"numPassingAsserts":1,"retryReasons":[],"status":"passed","title":"Given CustomModale when its mount with no data then list is empty"}],"endTime":1708800414057,"message":"","name":"/home/docker/project/react-boilerplate/react-boilerplate-app/src/module/custom/modale/component/CustomModale.test.js","startTime":1708800413774,"status":"passed","summary":""},{"assertionResults":[{"ancestorTitles":["CrudPage"],"duration":20,"failureDetails":[],"failureMessages":[],"fullName":"CrudPage Given CrudPage when its mount then ButtonGroup is shown","invocations":1,"location":null,"numPassingAsserts":1,"retryReasons":[],"status":"passed","title":"Given CrudPage when its mount then ButtonGroup is shown"}],"endTime":1708800414239,"message":"","name":"/home/docker/project/react-boilerplate/react-boilerplate-app/src/page/CrudPage.test.js","startTime":1708800413885,"status":"passed","summary":""},{"assertionResults":[{"ancestorTitles":["AppContent"],"duration":16,"failureDetails":[],"failureMessages":[],"fullName":"AppContent Given AppContent when its mount then ButtonGroup is shown","invocations":1,"location":null,"numPassingAsserts":1,"retryReasons":[],"status":"passed","title":"Given AppContent when its mount then ButtonGroup is shown"}],"endTime":1708800414296,"message":"","name":"/home/docker/project/react-boilerplate/react-boilerplate-app/src/app/content/AppContent.test.js","startTime":1708800413895,"status":"passed","summary":""},{"assertionResults":[{"ancestorTitles":["API INTERCEPTOR"],"duration":2,"failureDetails":[],"failureMessages":[],"fullName":"API INTERCEPTOR Given axios request When its called without jwt token Then request is not changed","invocations":1,"location":null,"numPassingAsserts":1,"retryReasons":[],"status":"passed","title":"Given axios request When its called without jwt token Then request is not changed"},{"ancestorTitles":["API INTERCEPTOR"],"duration":0,"failureDetails":[],"failureMessages":[],"fullName":"API INTERCEPTOR Given axios request When its called with a jwt token Then request is upgrade","invocations":1,"location":null,"numPassingAsserts":1,"retryReasons":[],"status":"passed","title":"Given axios request When its called with a jwt token Then request is upgrade"},{"ancestorTitles":["API INTERCEPTOR"],"duration":1,"failureDetails":[],"failureMessages":[],"fullName":"API INTERCEPTOR Given axios request When its on error Then error is keeped","invocations":1,"location":null,"numPassingAsserts":1,"retryReasons":[],"status":"passed","title":"Given axios request When its on error Then error is keeped"},{"ancestorTitles":["API INTERCEPTOR"],"duration":1,"failureDetails":[],"failureMessages":[],"fullName":"API INTERCEPTOR Given axios response When its in success Then response if retrieved","invocations":1,"location":null,"numPassingAsserts":1,"retryReasons":[],"status":"passed","title":"Given axios response When its in success Then response if retrieved"},{"ancestorTitles":["API INTERCEPTOR"],"duration":1,"failureDetails":[],"failureMessages":[],"fullName":"API INTERCEPTOR Given axios response When its in error Then error is keeped","invocations":1,"location":null,"numPassingAsserts":1,"retryReasons":[],"status":"passed","title":"Given axios response When its in error Then error is keeped"},{"ancestorTitles":["API INTERCEPTOR"],"duration":29,"failureDetails":[],"failureMessages":[],"fullName":"API INTERCEPTOR Given axios response When its in error 401 and not retry Then refresh token is called","invocations":1,"location":null,"numPassingAsserts":1,"retryReasons":[],"status":"passed","title":"Given axios response When its in error 401 and not retry Then refresh token is called"},{"ancestorTitles":["API INTERCEPTOR"],"duration":1,"failureDetails":[],"failureMessages":[],"fullName":"API INTERCEPTOR Given axios response When its in error 401 and in retry Then refresh token is not called","invocations":1,"location":null,"numPassingAsserts":1,"retryReasons":[],"status":"passed","title":"Given axios response When its in error 401 and in retry Then refresh token is not called"},{"ancestorTitles":["API INTERCEPTOR"],"duration":0,"failureDetails":[],"failureMessages":[],"fullName":"API INTERCEPTOR Given axios response When its in error 401 and in retry with message Then refresh token is not called","invocations":1,"location":null,"numPassingAsserts":1,"retryReasons":[],"status":"passed","title":"Given axios response When its in error 401 and in retry with message Then refresh token is not called"},{"ancestorTitles":["API INTERCEPTOR"],"duration":1,"failureDetails":[],"failureMessages":[],"fullName":"API INTERCEPTOR Given axios response When its in error 401 and in retry without message Then refresh token is not called","invocations":1,"location":null,"numPassingAsserts":1,"retryReasons":[],"status":"passed","title":"Given axios response When its in error 401 and in retry without message Then refresh token is not called"}],"endTime":1708800414319,"message":"","name":"/home/docker/project/react-boilerplate/react-boilerplate-app/src/api/interceptor/AxiosInterceptor.test.js","startTime":1708800414066,"status":"passed","summary":""},{"assertionResults":[{"ancestorTitles":["ApiService - get"],"duration":2,"failureDetails":[],"failureMessages":[],"fullName":"ApiService - get HTTP GET ","invocations":1,"location":null,"numPassingAsserts":2,"retryReasons":[],"status":"passed","title":"HTTP GET "},{"ancestorTitles":["ApiService - get"],"duration":0,"failureDetails":[],"failureMessages":[],"fullName":"ApiService - get HTTP GET WITHOUT HEADER WITH ERROR","invocations":1,"location":null,"numPassingAsserts":2,"retryReasons":[],"status":"passed","title":"HTTP GET WITHOUT HEADER WITH ERROR"},{"ancestorTitles":["ApiService - put"],"duration":1,"failureDetails":[],"failureMessages":[],"fullName":"ApiService - put HTTP PUT WITHOUT HEADER","invocations":1,"location":null,"numPassingAsserts":2,"retryReasons":[],"status":"passed","title":"HTTP PUT WITHOUT HEADER"},{"ancestorTitles":["ApiService - put"],"duration":0,"failureDetails":[],"failureMessages":[],"fullName":"ApiService - put HTTP PUT WITHOUT HEADER WITH ERROR","invocations":1,"location":null,"numPassingAsserts":2,"retryReasons":[],"status":"passed","title":"HTTP PUT WITHOUT HEADER WITH ERROR"},{"ancestorTitles":["ApiService - patch"],"duration":0,"failureDetails":[],"failureMessages":[],"fullName":"ApiService - patch HTTP PATCH WITHOUT HEADER","invocations":1,"location":null,"numPassingAsserts":2,"retryReasons":[],"status":"passed","title":"HTTP PATCH WITHOUT HEADER"},{"ancestorTitles":["ApiService - patch"],"duration":1,"failureDetails":[],"failureMessages":[],"fullName":"ApiService - patch HTTP PATCH WITHOUT HEADER WITH ERROR","invocations":1,"location":null,"numPassingAsserts":2,"retryReasons":[],"status":"passed","title":"HTTP PATCH WITHOUT HEADER WITH ERROR"},{"ancestorTitles":["ApiService - post"],"duration":1,"failureDetails":[],"failureMessages":[],"fullName":"ApiService - post HTTP POST WITHOUT HEADER","invocations":1,"location":null,"numPassingAsserts":2,"retryReasons":[],"status":"passed","title":"HTTP POST WITHOUT HEADER"},{"ancestorTitles":["ApiService - post"],"duration":0,"failureDetails":[],"failureMessages":[],"fullName":"ApiService - post HTTP POST WITHOUT HEADER WITH ERROR","invocations":1,"location":null,"numPassingAsserts":2,"retryReasons":[],"status":"passed","title":"HTTP POST WITHOUT HEADER WITH ERROR"},{"ancestorTitles":["ApiService - findBy"],"duration":1,"failureDetails":[],"failureMessages":[],"fullName":"ApiService - findBy HTTP GET ","invocations":1,"location":null,"numPassingAsserts":2,"retryReasons":[],"status":"passed","title":"HTTP GET "},{"ancestorTitles":["ApiService - findBy"],"duration":0,"failureDetails":[],"failureMessages":[],"fullName":"ApiService - findBy HTTP GET ","invocations":1,"location":null,"numPassingAsserts":2,"retryReasons":[],"status":"passed","title":"HTTP GET "},{"ancestorTitles":["ApiService - findBy"],"duration":0,"failureDetails":[],"failureMessages":[],"fullName":"ApiService - findBy HTTP GET ","invocations":1,"location":null,"numPassingAsserts":2,"retryReasons":[],"status":"passed","title":"HTTP GET "},{"ancestorTitles":["ApiService - findBy"],"duration":0,"failureDetails":[],"failureMessages":[],"fullName":"ApiService - findBy HTTP GET WITHOUT HEADER WITH ERROR","invocations":1,"location":null,"numPassingAsserts":1,"retryReasons":[],"status":"passed","title":"HTTP GET WITHOUT HEADER WITH ERROR"},{"ancestorTitles":["ApiService - countBy"],"duration":0,"failureDetails":[],"failureMessages":[],"fullName":"ApiService - countBy HTTP countBy ","invocations":1,"location":null,"numPassingAsserts":2,"retryReasons":[],"status":"passed","title":"HTTP countBy "},{"ancestorTitles":["ApiService - countBy"],"duration":1,"failureDetails":[],"failureMessages":[],"fullName":"ApiService - countBy HTTP countBy WITHOUT HEADER WITH ERROR","invocations":1,"location":null,"numPassingAsserts":1,"retryReasons":[],"status":"passed","title":"HTTP countBy WITHOUT HEADER WITH ERROR"},{"ancestorTitles":["ApiService - findById"],"duration":0,"failureDetails":[],"failureMessages":[],"fullName":"ApiService - findById HTTP countBy ","invocations":1,"location":null,"numPassingAsserts":2,"retryReasons":[],"status":"passed","title":"HTTP countBy "},{"ancestorTitles":["ApiService - findById"],"duration":3,"failureDetails":[],"failureMessages":[],"fullName":"ApiService - findById HTTP countBy WITHOUT HEADER WITH ERROR","invocations":1,"location":null,"numPassingAsserts":1,"retryReasons":[],"status":"passed","title":"HTTP countBy WITHOUT HEADER WITH ERROR"},{"ancestorTitles":["ApiService - delete"],"duration":0,"failureDetails":[],"failureMessages":[],"fullName":"ApiService - delete HTTP delete ","invocations":1,"location":null,"numPassingAsserts":2,"retryReasons":[],"status":"passed","title":"HTTP delete "},{"ancestorTitles":["ApiService - delete"],"duration":0,"failureDetails":[],"failureMessages":[],"fullName":"ApiService - delete HTTP delete WITHOUT HEADER WITH ERROR","invocations":1,"location":null,"numPassingAsserts":2,"retryReasons":[],"status":"passed","title":"HTTP delete WITHOUT HEADER WITH ERROR"}],"endTime":1708800414423,"message":"","name":"/home/docker/project/react-boilerplate/react-boilerplate-app/src/api/service/ApiService.test.js","startTime":1708800414258,"status":"passed","summary":""},{"assertionResults":[{"ancestorTitles":["AdminService"],"duration":2,"failureDetails":[],"failureMessages":[],"fullName":"AdminService Given AdminService when findBy then ApiService is called","invocations":1,"location":null,"numPassingAsserts":1,"retryReasons":[],"status":"passed","title":"Given AdminService when findBy then ApiService is called"},{"ancestorTitles":["AdminService"],"duration":1,"failureDetails":[],"failureMessages":[],"fullName":"AdminService Given AdminService when findById then ApiService is called","invocations":1,"location":null,"numPassingAsserts":1,"retryReasons":[],"status":"passed","title":"Given AdminService when findById then ApiService is called"},{"ancestorTitles":["AdminService"],"duration":0,"failureDetails":[],"failureMessages":[],"fullName":"AdminService Given AdminService when create then ApiService is called","invocations":1,"location":null,"numPassingAsserts":1,"retryReasons":[],"status":"passed","title":"Given AdminService when create then ApiService is called"},{"ancestorTitles":["AdminService"],"duration":1,"failureDetails":[],"failureMessages":[],"fullName":"AdminService Given AdminService when update then ApiService is called","invocations":1,"location":null,"numPassingAsserts":1,"retryReasons":[],"status":"passed","title":"Given AdminService when update then ApiService is called"}],"endTime":1708800414435,"message":"","name":"/home/docker/project/react-boilerplate/react-boilerplate-app/src/module/admin/service/AdminService.test.js","startTime":1708800414310,"status":"passed","summary":""},{"assertionResults":[{"ancestorTitles":["NewsService"],"duration":2,"failureDetails":[],"failureMessages":[],"fullName":"NewsService Given NewsService when fetchNews then ApiService is called","invocations":1,"location":null,"numPassingAsserts":1,"retryReasons":[],"status":"passed","title":"Given NewsService when fetchNews then ApiService is called"},{"ancestorTitles":["NewsService"],"duration":1,"failureDetails":[],"failureMessages":[],"fullName":"NewsService Given NewsService when fetchById then ApiService is called","invocations":1,"location":null,"numPassingAsserts":1,"retryReasons":[],"status":"passed","title":"Given NewsService when fetchById then ApiService is called"},{"ancestorTitles":["NewsService"],"duration":0,"failureDetails":[],"failureMessages":[],"fullName":"NewsService Given NewsService when createOrUpdate then ApiService is called","invocations":1,"location":null,"numPassingAsserts":1,"retryReasons":[],"status":"passed","title":"Given NewsService when createOrUpdate then ApiService is called"},{"ancestorTitles":["NewsService"],"duration":1,"failureDetails":[],"failureMessages":[],"fullName":"NewsService Given NewsService when createOrUpdate then ApiService is called","invocations":1,"location":null,"numPassingAsserts":1,"retryReasons":[],"status":"passed","title":"Given NewsService when createOrUpdate then ApiService is called"}],"endTime":1708800414575,"message":"","name":"/home/docker/project/react-boilerplate/react-boilerplate-app/src/module/news/service/NewsService.test.js","startTime":1708800414438,"status":"passed","summary":""},{"assertionResults":[{"ancestorTitles":["YUP UTILS - REQUIRED"],"duration":25,"failureDetails":[],"failureMessages":[],"fullName":"YUP UTILS - REQUIRED Given Json Datas When data is required and there is no Value Then Yup Schema is not valid","invocations":1,"location":null,"numPassingAsserts":1,"retryReasons":[],"status":"passed","title":"Given Json Datas When data is required and there is no Value Then Yup Schema is not valid"},{"ancestorTitles":["YUP UTILS - email"],"duration":1,"failureDetails":[],"failureMessages":[],"fullName":"YUP UTILS - email Given Json Datas When data is not email Then Yup Schema is not valid","invocations":1,"location":null,"numPassingAsserts":1,"retryReasons":[],"status":"passed","title":"Given Json Datas When data is not email Then Yup Schema is not valid"},{"ancestorTitles":["YUP UTILS - regexp"],"duration":1,"failureDetails":[],"failureMessages":[],"fullName":"YUP UTILS - regexp Given Json Datas When data is not email Then Yup Schema is not valid","invocations":1,"location":null,"numPassingAsserts":1,"retryReasons":[],"status":"passed","title":"Given Json Datas When data is not email Then Yup Schema is not valid"},{"ancestorTitles":["YUP UTILS - min"],"duration":1,"failureDetails":[],"failureMessages":[],"fullName":"YUP UTILS - min Given Json Datas When data length is short Then Yup Schema is not valid","invocations":1,"location":null,"numPassingAsserts":1,"retryReasons":[],"status":"passed","title":"Given Json Datas When data length is short Then Yup Schema is not valid"},{"ancestorTitles":["YUP UTILS - max"],"duration":1,"failureDetails":[],"failureMessages":[],"fullName":"YUP UTILS - max Given Json Datas When data length is too long Then Yup Schema is not valid","invocations":1,"location":null,"numPassingAsserts":1,"retryReasons":[],"status":"passed","title":"Given Json Datas When data length is too long Then Yup Schema is not valid"},{"ancestorTitles":["YUP UTILS - same"],"duration":2,"failureDetails":[],"failureMessages":[],"fullName":"YUP UTILS - same Given Json Datas are not the same Then Yup Schema is not valid","invocations":1,"location":null,"numPassingAsserts":1,"retryReasons":[],"status":"passed","title":"Given Json Datas are not the same Then Yup Schema is not valid"},{"ancestorTitles":["YUP UTILS - same"],"duration":2,"failureDetails":[],"failureMessages":[],"fullName":"YUP UTILS - same Given Json Datas are not the same Then Yup Schema is not valid","invocations":1,"location":null,"numPassingAsserts":1,"retryReasons":[],"status":"passed","title":"Given Json Datas are not the same Then Yup Schema is not valid"},{"ancestorTitles":["YUP UTILS - listId"],"duration":19,"failureDetails":[],"failureMessages":[],"fullName":"YUP UTILS - listId Given Json Datas are not the same Then Yup Schema is not valid","invocations":1,"location":null,"numPassingAsserts":1,"retryReasons":[],"status":"passed","title":"Given Json Datas are not the same Then Yup Schema is not valid"},{"ancestorTitles":["YUP UTILS - listId requiredWhen"],"duration":1,"failureDetails":[],"failureMessages":[],"fullName":"YUP UTILS - listId requiredWhen Given Json Datas are not the same Then Yup Schema is not valid","invocations":1,"location":null,"numPassingAsserts":1,"retryReasons":[],"status":"passed","title":"Given Json Datas are not the same Then Yup Schema is not valid"},{"ancestorTitles":["YUP UTILS - listId requiredWhen string"],"duration":1,"failureDetails":[],"failureMessages":[],"fullName":"YUP UTILS - listId requiredWhen string Given Json Datas are not the same Then Yup Schema is not valid","invocations":1,"location":null,"numPassingAsserts":1,"retryReasons":[],"status":"passed","title":"Given Json Datas are not the same Then Yup Schema is not valid"}],"endTime":1708800414620,"message":"","name":"/home/docker/project/react-boilerplate/react-boilerplate-app/src/utils/yup/YupUtils.test.js","startTime":1708800414355,"status":"passed","summary":""},{"assertionResults":[{"ancestorTitles":["AuthService"],"duration":2,"failureDetails":[],"failureMessages":[],"fullName":"AuthService Given AuthService when register then ApiService is called","invocations":1,"location":null,"numPassingAsserts":1,"retryReasons":[],"status":"passed","title":"Given AuthService when register then ApiService is called"},{"ancestorTitles":["AuthService"],"duration":3,"failureDetails":[],"failureMessages":[],"fullName":"AuthService Given AuthService when login then ApiService is called","invocations":1,"location":null,"numPassingAsserts":1,"retryReasons":[],"status":"passed","title":"Given AuthService when login then ApiService is called"},{"ancestorTitles":["AuthService"],"duration":6,"failureDetails":[],"failureMessages":[],"fullName":"AuthService Given AuthService when activation then ApiService is called","invocations":1,"location":null,"numPassingAsserts":1,"retryReasons":[],"status":"passed","title":"Given AuthService when activation then ApiService is called"},{"ancestorTitles":["AuthService"],"duration":2,"failureDetails":[],"failureMessages":[],"fullName":"AuthService Given AuthService when createIdentityToken then ApiService is called","invocations":1,"location":null,"numPassingAsserts":1,"retryReasons":[],"status":"passed","title":"Given AuthService when createIdentityToken then ApiService is called"},{"ancestorTitles":["AuthService"],"duration":3,"failureDetails":[],"failureMessages":[],"fullName":"AuthService Given AuthService when checkIdentityToken then ApiService is called","invocations":1,"location":null,"numPassingAsserts":1,"retryReasons":[],"status":"passed","title":"Given AuthService when checkIdentityToken then ApiService is called"},{"ancestorTitles":["AuthService"],"duration":0,"failureDetails":[],"failureMessages":[],"fullName":"AuthService Given AuthService when resetPassword then ApiService is called","invocations":1,"location":null,"numPassingAsserts":1,"retryReasons":[],"status":"passed","title":"Given AuthService when resetPassword then ApiService is called"},{"ancestorTitles":["AuthService"],"duration":9,"failureDetails":[],"failureMessages":[],"fullName":"AuthService Given AuthService when googleConnect then ApiService is called","invocations":1,"location":null,"numPassingAsserts":1,"retryReasons":[],"status":"passed","title":"Given AuthService when googleConnect then ApiService is called"},{"ancestorTitles":["AuthService"],"duration":0,"failureDetails":[],"failureMessages":[],"fullName":"AuthService Given AuthService when facebookConnect then ApiService is called","invocations":1,"location":null,"numPassingAsserts":1,"retryReasons":[],"status":"passed","title":"Given AuthService when facebookConnect then ApiService is called"},{"ancestorTitles":["AuthService"],"duration":1,"failureDetails":[],"failureMessages":[],"fullName":"AuthService Given AuthService when logout then ","invocations":1,"location":null,"numPassingAsserts":0,"retryReasons":[],"status":"passed","title":"Given AuthService when logout then "},{"ancestorTitles":["AuthService"],"duration":0,"failureDetails":[],"failureMessages":[],"fullName":"AuthService Given AuthService when updateLocalStorage then ","invocations":1,"location":null,"numPassingAsserts":0,"retryReasons":[],"status":"passed","title":"Given AuthService when updateLocalStorage then "}],"endTime":1708800414644,"message":"","name":"/home/docker/project/react-boilerplate/react-boilerplate-app/src/module/auth/service/AuthService.test.js","startTime":1708800414452,"status":"passed","summary":""},{"assertionResults":[{"ancestorTitles":["CommonReducer"],"duration":10,"failureDetails":[],"failureMessages":[],"fullName":"CommonReducer Given CommonReducer When setMessage Then message from state is update","invocations":1,"location":null,"numPassingAsserts":2,"retryReasons":[],"status":"passed","title":"Given CommonReducer When setMessage Then message from state is update"},{"ancestorTitles":["CommonReducer"],"duration":1,"failureDetails":[],"failureMessages":[],"fullName":"CommonReducer Given CommonReducer When clearMessage Then message from state is empty","invocations":1,"location":null,"numPassingAsserts":1,"retryReasons":[],"status":"passed","title":"Given CommonReducer When clearMessage Then message from state is empty"},{"ancestorTitles":["CommonReducer"],"duration":1,"failureDetails":[],"failureMessages":[],"fullName":"CommonReducer Given CommonReducer When setLoading Then loading from state is update","invocations":1,"location":null,"numPassingAsserts":1,"retryReasons":[],"status":"passed","title":"Given CommonReducer When setLoading Then loading from state is update"},{"ancestorTitles":["CommonReducer"],"duration":0,"failureDetails":[],"failureMessages":[],"fullName":"CommonReducer Given CommonReducer When setHistory Then history from state is update","invocations":1,"location":null,"numPassingAsserts":1,"retryReasons":[],"status":"passed","title":"Given CommonReducer When setHistory Then history from state is update"},{"ancestorTitles":["CommonReducer"],"duration":1,"failureDetails":[],"failureMessages":[],"fullName":"CommonReducer Given CommonReducer When addHistory Then history from state is update","invocations":1,"location":null,"numPassingAsserts":1,"retryReasons":[],"status":"passed","title":"Given CommonReducer When addHistory Then history from state is update"},{"ancestorTitles":["CommonReducer"],"duration":1,"failureDetails":[],"failureMessages":[],"fullName":"CommonReducer Given CommonReducer When addHistory Then history from state is update","invocations":1,"location":null,"numPassingAsserts":1,"retryReasons":[],"status":"passed","title":"Given CommonReducer When addHistory Then history from state is update"},{"ancestorTitles":["CommonReducer"],"duration":0,"failureDetails":[],"failureMessages":[],"fullName":"CommonReducer Given CommonReducer When addHistory with existing title in history Then history from state is update","invocations":1,"location":null,"numPassingAsserts":1,"retryReasons":[],"status":"passed","title":"Given CommonReducer When addHistory with existing title in history Then history from state is update"},{"ancestorTitles":["CommonReducer"],"duration":0,"failureDetails":[],"failureMessages":[],"fullName":"CommonReducer Given CommonReducer When sliceHistoryOnce Then history from state is update","invocations":1,"location":null,"numPassingAsserts":1,"retryReasons":[],"status":"passed","title":"Given CommonReducer When sliceHistoryOnce Then history from state is update"},{"ancestorTitles":["CommonReducer"],"duration":1,"failureDetails":[],"failureMessages":[],"fullName":"CommonReducer Given CommonReducer When sliceHistory Then history from state is update","invocations":1,"location":null,"numPassingAsserts":1,"retryReasons":[],"status":"passed","title":"Given CommonReducer When sliceHistory Then history from state is update"},{"ancestorTitles":["CommonReducer"],"duration":0,"failureDetails":[],"failureMessages":[],"fullName":"CommonReducer Given CommonReducer When setScrools Then scroll from state is update","invocations":1,"location":null,"numPassingAsserts":1,"retryReasons":[],"status":"passed","title":"Given CommonReducer When setScrools Then scroll from state is update"}],"endTime":1708800414760,"message":"","name":"/home/docker/project/react-boilerplate/react-boilerplate-app/src/reducer/common/CommonReducer.test.js","startTime":1708800414601,"status":"passed","summary":""},{"assertionResults":[{"ancestorTitles":["NewsReducers"],"duration":3,"failureDetails":[],"failureMessages":[],"fullName":"NewsReducers Given NewsReducers when setLoginSuccess then state is merged","invocations":1,"location":null,"numPassingAsserts":1,"retryReasons":[],"status":"passed","title":"Given NewsReducers when setLoginSuccess then state is merged"}],"endTime":1708800414812,"message":"","name":"/home/docker/project/react-boilerplate/react-boilerplate-app/src/module/news/reducer/NewsReducers.test.js","startTime":1708800414637,"status":"passed","summary":""},{"assertionResults":[{"ancestorTitles":["UserService"],"duration":2,"failureDetails":[],"failureMessages":[],"fullName":"UserService Given UserService when loadUsers then ApiService is called","invocations":1,"location":null,"numPassingAsserts":1,"retryReasons":[],"status":"passed","title":"Given UserService when loadUsers then ApiService is called"},{"ancestorTitles":["UserService"],"duration":1,"failureDetails":[],"failureMessages":[],"fullName":"UserService Given UserService when countUsers then ApiService is called","invocations":1,"location":null,"numPassingAsserts":1,"retryReasons":[],"status":"passed","title":"Given UserService when countUsers then ApiService is called"},{"ancestorTitles":["UserService"],"duration":0,"failureDetails":[],"failureMessages":[],"fullName":"UserService Given UserService when loadUser then ApiService is called","invocations":1,"location":null,"numPassingAsserts":1,"retryReasons":[],"status":"passed","title":"Given UserService when loadUser then ApiService is called"},{"ancestorTitles":["UserService"],"duration":1,"failureDetails":[],"failureMessages":[],"fullName":"UserService Given UserService when create then ApiService is called","invocations":1,"location":null,"numPassingAsserts":1,"retryReasons":[],"status":"passed","title":"Given UserService when create then ApiService is called"},{"ancestorTitles":["UserService"],"duration":0,"failureDetails":[],"failureMessages":[],"fullName":"UserService Given UserService when update then ApiService is called","invocations":1,"location":null,"numPassingAsserts":1,"retryReasons":[],"status":"passed","title":"Given UserService when update then ApiService is called"}],"endTime":1708800414823,"message":"","name":"/home/docker/project/react-boilerplate/react-boilerplate-app/src/module/user/user/service/UserService.test.js","startTime":1708800414679,"status":"passed","summary":""},{"assertionResults":[{"ancestorTitles":["ProfileService"],"duration":2,"failureDetails":[],"failureMessages":[],"fullName":"ProfileService Given ProfileService when loadRoles then ApiService is called","invocations":1,"location":null,"numPassingAsserts":1,"retryReasons":[],"status":"passed","title":"Given ProfileService when loadRoles then ApiService is called"},{"ancestorTitles":["ProfileService"],"duration":1,"failureDetails":[],"failureMessages":[],"fullName":"ProfileService Given ProfileService when countRoles then ApiService is called","invocations":1,"location":null,"numPassingAsserts":1,"retryReasons":[],"status":"passed","title":"Given ProfileService when countRoles then ApiService is called"},{"ancestorTitles":["ProfileService"],"duration":1,"failureDetails":[],"failureMessages":[],"fullName":"ProfileService Given ProfileService when loadRole then ApiService is called","invocations":1,"location":null,"numPassingAsserts":1,"retryReasons":[],"status":"passed","title":"Given ProfileService when loadRole then ApiService is called"},{"ancestorTitles":["ProfileService"],"duration":0,"failureDetails":[],"failureMessages":[],"fullName":"ProfileService Given ProfileService when create then ApiService is called","invocations":1,"location":null,"numPassingAsserts":1,"retryReasons":[],"status":"passed","title":"Given ProfileService when create then ApiService is called"},{"ancestorTitles":["ProfileService"],"duration":1,"failureDetails":[],"failureMessages":[],"fullName":"ProfileService Given ProfileService when update then ApiService is called","invocations":1,"location":null,"numPassingAsserts":1,"retryReasons":[],"status":"passed","title":"Given ProfileService when update then ApiService is called"}],"endTime":1708800414938,"message":"","name":"/home/docker/project/react-boilerplate/react-boilerplate-app/src/module/user/profile/service/ProfileService.test.js","startTime":1708800414771,"status":"passed","summary":""},{"assertionResults":[{"ancestorTitles":["AdminReducer"],"duration":3,"failureDetails":[],"failureMessages":[],"fullName":"AdminReducer Given AdminReducer when setState then state is merged","invocations":1,"location":null,"numPassingAsserts":1,"retryReasons":[],"status":"passed","title":"Given AdminReducer when setState then state is merged"},{"ancestorTitles":["AdminReducer"],"duration":1,"failureDetails":[],"failureMessages":[],"fullName":"AdminReducer Given AdminReducer when setDatas then state is merged","invocations":1,"location":null,"numPassingAsserts":1,"retryReasons":[],"status":"passed","title":"Given AdminReducer when setDatas then state is merged"},{"ancestorTitles":["AdminReducer"],"duration":0,"failureDetails":[],"failureMessages":[],"fullName":"AdminReducer Given AdminReducer when setCount then state is merged","invocations":1,"location":null,"numPassingAsserts":1,"retryReasons":[],"status":"passed","title":"Given AdminReducer when setCount then state is merged"},{"ancestorTitles":["AdminReducer"],"duration":0,"failureDetails":[],"failureMessages":[],"fullName":"AdminReducer Given AdminReducer when setData then state is merged","invocations":1,"location":null,"numPassingAsserts":1,"retryReasons":[],"status":"passed","title":"Given AdminReducer when setData then state is merged"},{"ancestorTitles":["AdminReducer"],"duration":1,"failureDetails":[],"failureMessages":[],"fullName":"AdminReducer Given AdminReducer when setFilter then state is merged","invocations":1,"location":null,"numPassingAsserts":1,"retryReasons":[],"status":"passed","title":"Given AdminReducer when setFilter then state is merged"},{"ancestorTitles":["AdminReducer"],"duration":1,"failureDetails":[],"failureMessages":[],"fullName":"AdminReducer Given AdminReducer when setPage then state is merged","invocations":1,"location":null,"numPassingAsserts":1,"retryReasons":[],"status":"passed","title":"Given AdminReducer when setPage then state is merged"}],"endTime":1708800414960,"message":"","name":"/home/docker/project/react-boilerplate/react-boilerplate-app/src/module/admin/reducer/AdminReducer.test.js","startTime":1708800414843,"status":"passed","summary":""},{"assertionResults":[{"ancestorTitles":["ApiCrudService"],"duration":2,"failureDetails":[],"failureMessages":[],"fullName":"ApiCrudService Given ApiCrudService when createOrUpdate then ApiService is called","invocations":1,"location":null,"numPassingAsserts":1,"retryReasons":[],"status":"passed","title":"Given ApiCrudService when createOrUpdate then ApiService is called"},{"ancestorTitles":["ApiCrudService"],"duration":1,"failureDetails":[],"failureMessages":[],"fullName":"ApiCrudService Given ApiCrudService when createOrUpdate then ApiService is called","invocations":1,"location":null,"numPassingAsserts":1,"retryReasons":[],"status":"passed","title":"Given ApiCrudService when createOrUpdate then ApiService is called"}],"endTime":1708800414960,"message":"","name":"/home/docker/project/react-boilerplate/react-boilerplate-app/src/api/service/crud/ApiCrudService.test.js","startTime":1708800414820,"status":"passed","summary":""},{"assertionResults":[{"ancestorTitles":["i18n"],"duration":2,"failureDetails":[],"failureMessages":[],"fullName":"i18n Given Trans from i18n When component is mount Then he is find in the DOM","invocations":1,"location":null,"numPassingAsserts":1,"retryReasons":[],"status":"passed","title":"Given Trans from i18n When component is mount Then he is find in the DOM"}],"endTime":1708800415075,"message":"","name":"/home/docker/project/react-boilerplate/react-boilerplate-app/src/i18n/i18.test.js","startTime":1708800414953,"status":"passed","summary":""},{"assertionResults":[{"ancestorTitles":["AuthReducers"],"duration":3,"failureDetails":[],"failureMessages":[],"fullName":"AuthReducers Given AuthReducers when setLoginSuccess then state is merged","invocations":1,"location":null,"numPassingAsserts":1,"retryReasons":[],"status":"passed","title":"Given AuthReducers when setLoginSuccess then state is merged"},{"ancestorTitles":["AuthReducers"],"duration":1,"failureDetails":[],"failureMessages":[],"fullName":"AuthReducers Given AuthReducers when setLoginSuccess then state is merged","invocations":1,"location":null,"numPassingAsserts":1,"retryReasons":[],"status":"passed","title":"Given AuthReducers when setLoginSuccess then state is merged"}],"endTime":1708800415088,"message":"","name":"/home/docker/project/react-boilerplate/react-boilerplate-app/src/module/auth/reducer/AuthReducers.test.js","startTime":1708800414975,"status":"passed","summary":""},{"assertionResults":[{"ancestorTitles":["BASE REDUCER"],"duration":4,"failureDetails":[],"failureMessages":[],"fullName":"BASE REDUCER Given ReducersActions When setDatas Then datas from state are update","invocations":1,"location":null,"numPassingAsserts":1,"retryReasons":[],"status":"passed","title":"Given ReducersActions When setDatas Then datas from state are update"},{"ancestorTitles":["BASE REDUCER"],"duration":1,"failureDetails":[],"failureMessages":[],"fullName":"BASE REDUCER Given ReducersActions When addDatas Then datas from state are update","invocations":1,"location":null,"numPassingAsserts":1,"retryReasons":[],"status":"passed","title":"Given ReducersActions When addDatas Then datas from state are update"},{"ancestorTitles":["BASE REDUCER"],"duration":1,"failureDetails":[],"failureMessages":[],"fullName":"BASE REDUCER Given ReducersActions When updataDatas with another id Then datas from state are not update","invocations":1,"location":null,"numPassingAsserts":1,"retryReasons":[],"status":"passed","title":"Given ReducersActions When updataDatas with another id Then datas from state are not update"},{"ancestorTitles":["BASE REDUCER"],"duration":0,"failureDetails":[],"failureMessages":[],"fullName":"BASE REDUCER Given ReducersActions When updataDatas Then datas from state are update","invocations":1,"location":null,"numPassingAsserts":1,"retryReasons":[],"status":"passed","title":"Given ReducersActions When updataDatas Then datas from state are update"},{"ancestorTitles":["BASE REDUCER"],"duration":0,"failureDetails":[],"failureMessages":[],"fullName":"BASE REDUCER Given ReducersActions When setData Then data from state is update","invocations":1,"location":null,"numPassingAsserts":1,"retryReasons":[],"status":"passed","title":"Given ReducersActions When setData Then data from state is update"},{"ancestorTitles":["BASE REDUCER"],"duration":1,"failureDetails":[],"failureMessages":[],"fullName":"BASE REDUCER Given ReducersActions When setCount Then count from state is update","invocations":1,"location":null,"numPassingAsserts":1,"retryReasons":[],"status":"passed","title":"Given ReducersActions When setCount Then count from state is update"},{"ancestorTitles":["BASE REDUCER"],"duration":0,"failureDetails":[],"failureMessages":[],"fullName":"BASE REDUCER Given ReducersActions When setSearch Then search from state is update","invocations":1,"location":null,"numPassingAsserts":1,"retryReasons":[],"status":"passed","title":"Given ReducersActions When setSearch Then search from state is update"},{"ancestorTitles":["BASE REDUCER"],"duration":1,"failureDetails":[],"failureMessages":[],"fullName":"BASE REDUCER Given ReducersActions When setPage Then datas from state is equals to datas","invocations":1,"location":null,"numPassingAsserts":1,"retryReasons":[],"status":"passed","title":"Given ReducersActions When setPage Then datas from state is equals to datas"}],"endTime":1708800415124,"message":"","name":"/home/docker/project/react-boilerplate/react-boilerplate-app/src/reducer/BaseReducer.test.js","startTime":1708800414983,"status":"passed","summary":""},{"assertionResults":[{"ancestorTitles":["StorageUtils setCurrentUser"],"duration":3,"failureDetails":[],"failureMessages":[],"fullName":"StorageUtils setCurrentUser Given StorageUtils When current user is set Then localstorage is called","invocations":1,"location":null,"numPassingAsserts":1,"retryReasons":[],"status":"passed","title":"Given StorageUtils When current user is set Then localstorage is called"},{"ancestorTitles":["StorageUtils removeCurrentUser"],"duration":0,"failureDetails":[],"failureMessages":[],"fullName":"StorageUtils removeCurrentUser Given StorageUtils When current user is removed Then localstorage is called","invocations":1,"location":null,"numPassingAsserts":1,"retryReasons":[],"status":"passed","title":"Given StorageUtils When current user is removed Then localstorage is called"},{"ancestorTitles":["storage getCurrentUser"],"duration":1,"failureDetails":[],"failureMessages":[],"fullName":"storage getCurrentUser Given Storage When current user is get Then localstorage is called","invocations":1,"location":null,"numPassingAsserts":2,"retryReasons":[],"status":"passed","title":"Given Storage When current user is get Then localstorage is called"},{"ancestorTitles":["storage getCurrentUser"],"duration":1,"failureDetails":[],"failureMessages":[],"fullName":"storage getCurrentUser Given StorageUtils When current user is get with data Then localstorage is called","invocations":1,"location":null,"numPassingAsserts":2,"retryReasons":[],"status":"passed","title":"Given StorageUtils When current user is get with data Then localstorage is called"},{"ancestorTitles":["storage getCurrentUser"],"duration":0,"failureDetails":[],"failureMessages":[],"fullName":"storage getCurrentUser Given StorageUtils When current user is get with wrong data Then localstorage is in error","invocations":1,"location":null,"numPassingAsserts":2,"retryReasons":[],"status":"passed","title":"Given StorageUtils When current user is get with wrong data Then localstorage is in error"},{"ancestorTitles":["StorageUtils getJwt"],"duration":1,"failureDetails":[],"failureMessages":[],"fullName":"StorageUtils getJwt Given StorageUtils When jwt is get with data Then localstorage is called","invocations":1,"location":null,"numPassingAsserts":2,"retryReasons":[],"status":"passed","title":"Given StorageUtils When jwt is get with data Then localstorage is called"},{"ancestorTitles":["StorageUtils getJwt"],"duration":0,"failureDetails":[],"failureMessages":[],"fullName":"StorageUtils getJwt Given StorageUtils When empty current user Then jwt is empty","invocations":1,"location":null,"numPassingAsserts":2,"retryReasons":[],"status":"passed","title":"Given StorageUtils When empty current user Then jwt is empty"}],"endTime":1708800415183,"message":"","name":"/home/docker/project/react-boilerplate/react-boilerplate-app/src/utils/storage/StorageUtils.test.js","startTime":1708800415090,"status":"passed","summary":""}],"wasInterrupted":false,"coverageMap":{"/home/docker/project/react-boilerplate/react-boilerplate-app/src/api/service/ApiService.ts":{"path":"/home/docker/project/react-boilerplate/react-boilerplate-app/src/api/service/ApiService.ts","statementMap":{"0":{"start":{"line":4,"column":24},"end":{"line":4,"column":53}},"1":{"start":{"line":6,"column":26},"end":{"line":121,"column":1}},"2":{"start":{"line":8,"column":4},"end":{"line":15,"column":6}},"3":{"start":{"line":10,"column":8},"end":{"line":10,"column":53}},"4":{"start":{"line":13,"column":8},"end":{"line":13,"column":37}},"5":{"start":{"line":19,"column":4},"end":{"line":26,"column":6}},"6":{"start":{"line":21,"column":8},"end":{"line":21,"column":53}},"7":{"start":{"line":24,"column":8},"end":{"line":24,"column":37}},"8":{"start":{"line":36,"column":4},"end":{"line":43,"column":6}},"9":{"start":{"line":38,"column":8},"end":{"line":38,"column":53}},"10":{"start":{"line":41,"column":8},"end":{"line":41,"column":37}},"11":{"start":{"line":47,"column":4},"end":{"line":54,"column":6}},"12":{"start":{"line":49,"column":8},"end":{"line":49,"column":53}},"13":{"start":{"line":52,"column":8},"end":{"line":52,"column":37}},"14":{"start":{"line":58,"column":4},"end":{"line":65,"column":6}},"15":{"start":{"line":60,"column":8},"end":{"line":60,"column":53}},"16":{"start":{"line":63,"column":8},"end":{"line":63,"column":37}},"17":{"start":{"line":69,"column":4},"end":{"line":73,"column":5}},"18":{"start":{"line":70,"column":6},"end":{"line":70,"column":44}},"19":{"start":{"line":72,"column":6},"end":{"line":72,"column":38}},"20":{"start":{"line":77,"column":4},"end":{"line":84,"column":6}},"21":{"start":{"line":79,"column":8},"end":{"line":79,"column":37}},"22":{"start":{"line":82,"column":8},"end":{"line":82,"column":40}},"23":{"start":{"line":96,"column":30},"end":{"line":96,"column":59}},"24":{"start":{"line":97,"column":31},"end":{"line":97,"column":78}},"25":{"start":{"line":98,"column":27},"end":{"line":98,"column":46}},"26":{"start":{"line":99,"column":4},"end":{"line":108,"column":6}},"27":{"start":{"line":103,"column":8},"end":{"line":103,"column":37}},"28":{"start":{"line":106,"column":8},"end":{"line":106,"column":40}},"29":{"start":{"line":112,"column":4},"end":{"line":119,"column":6}},"30":{"start":{"line":114,"column":8},"end":{"line":114,"column":43}},"31":{"start":{"line":117,"column":8},"end":{"line":117,"column":34}}},"fnMap":{"0":{"name":"(anonymous_0)","decl":{"start":{"line":7,"column":7},"end":{"line":7,"column":8}},"loc":{"start":{"line":7,"column":71},"end":{"line":16,"column":3}},"line":7},"1":{"name":"(anonymous_1)","decl":{"start":{"line":9,"column":6},"end":{"line":9,"column":7}},"loc":{"start":{"line":9,"column":35},"end":{"line":11,"column":7}},"line":9},"2":{"name":"(anonymous_2)","decl":{"start":{"line":12,"column":6},"end":{"line":12,"column":7}},"loc":{"start":{"line":12,"column":29},"end":{"line":14,"column":7}},"line":12},"3":{"name":"(anonymous_3)","decl":{"start":{"line":18,"column":7},"end":{"line":18,"column":8}},"loc":{"start":{"line":18,"column":53},"end":{"line":27,"column":3}},"line":18},"4":{"name":"(anonymous_4)","decl":{"start":{"line":20,"column":6},"end":{"line":20,"column":7}},"loc":{"start":{"line":20,"column":35},"end":{"line":22,"column":7}},"line":20},"5":{"name":"(anonymous_5)","decl":{"start":{"line":23,"column":6},"end":{"line":23,"column":7}},"loc":{"start":{"line":23,"column":29},"end":{"line":25,"column":7}},"line":23},"6":{"name":"(anonymous_6)","decl":{"start":{"line":29,"column":8},"end":{"line":29,"column":9}},"loc":{"start":{"line":35,"column":19},"end":{"line":44,"column":3}},"line":35},"7":{"name":"(anonymous_7)","decl":{"start":{"line":37,"column":6},"end":{"line":37,"column":7}},"loc":{"start":{"line":37,"column":35},"end":{"line":39,"column":7}},"line":37},"8":{"name":"(anonymous_8)","decl":{"start":{"line":40,"column":6},"end":{"line":40,"column":7}},"loc":{"start":{"line":40,"column":29},"end":{"line":42,"column":7}},"line":40},"9":{"name":"(anonymous_9)","decl":{"start":{"line":46,"column":9},"end":{"line":46,"column":10}},"loc":{"start":{"line":46,"column":55},"end":{"line":55,"column":3}},"line":46},"10":{"name":"(anonymous_10)","decl":{"start":{"line":48,"column":6},"end":{"line":48,"column":7}},"loc":{"start":{"line":48,"column":35},"end":{"line":50,"column":7}},"line":48},"11":{"name":"(anonymous_11)","decl":{"start":{"line":51,"column":6},"end":{"line":51,"column":7}},"loc":{"start":{"line":51,"column":29},"end":{"line":53,"column":7}},"line":51},"12":{"name":"(anonymous_12)","decl":{"start":{"line":57,"column":10},"end":{"line":57,"column":11}},"loc":{"start":{"line":57,"column":47},"end":{"line":66,"column":3}},"line":57},"13":{"name":"(anonymous_13)","decl":{"start":{"line":59,"column":6},"end":{"line":59,"column":7}},"loc":{"start":{"line":59,"column":35},"end":{"line":61,"column":7}},"line":59},"14":{"name":"(anonymous_14)","decl":{"start":{"line":62,"column":6},"end":{"line":62,"column":7}},"loc":{"start":{"line":62,"column":29},"end":{"line":64,"column":7}},"line":62},"15":{"name":"(anonymous_15)","decl":{"start":{"line":68,"column":17},"end":{"line":68,"column":18}},"loc":{"start":{"line":68,"column":84},"end":{"line":74,"column":3}},"line":68},"16":{"name":"(anonymous_16)","decl":{"start":{"line":76,"column":12},"end":{"line":76,"column":13}},"loc":{"start":{"line":76,"column":57},"end":{"line":85,"column":3}},"line":76},"17":{"name":"(anonymous_17)","decl":{"start":{"line":78,"column":6},"end":{"line":78,"column":7}},"loc":{"start":{"line":78,"column":19},"end":{"line":80,"column":7}},"line":78},"18":{"name":"(anonymous_18)","decl":{"start":{"line":81,"column":6},"end":{"line":81,"column":7}},"loc":{"start":{"line":81,"column":12},"end":{"line":83,"column":7}},"line":81},"19":{"name":"(anonymous_19)","decl":{"start":{"line":87,"column":10},"end":{"line":87,"column":11}},"loc":{"start":{"line":95,"column":7},"end":{"line":109,"column":3}},"line":95},"20":{"name":"(anonymous_20)","decl":{"start":{"line":102,"column":6},"end":{"line":102,"column":7}},"loc":{"start":{"line":102,"column":19},"end":{"line":104,"column":7}},"line":102},"21":{"name":"(anonymous_21)","decl":{"start":{"line":105,"column":6},"end":{"line":105,"column":7}},"loc":{"start":{"line":105,"column":12},"end":{"line":107,"column":7}},"line":105},"22":{"name":"(anonymous_22)","decl":{"start":{"line":111,"column":11},"end":{"line":111,"column":12}},"loc":{"start":{"line":111,"column":65},"end":{"line":120,"column":3}},"line":111},"23":{"name":"(anonymous_23)","decl":{"start":{"line":113,"column":6},"end":{"line":113,"column":7}},"loc":{"start":{"line":113,"column":35},"end":{"line":115,"column":7}},"line":113},"24":{"name":"(anonymous_24)","decl":{"start":{"line":116,"column":6},"end":{"line":116,"column":7}},"loc":{"start":{"line":116,"column":12},"end":{"line":118,"column":7}},"line":116}},"branchMap":{"0":{"loc":{"start":{"line":7,"column":29},"end":{"line":7,"column":54}},"type":"default-arg","locations":[{"start":{"line":7,"column":47},"end":{"line":7,"column":54}}],"line":7},"1":{"loc":{"start":{"line":3
[...]
6,"column":59},"end":{"line":26,"column":60}},"loc":{"start":{"line":26,"column":65},"end":{"line":33,"column":5}},"line":26},"5":{"name":"(anonymous_5)","decl":{"start":{"line":38,"column":4},"end":{"line":38,"column":5}},"loc":{"start":{"line":38,"column":44},"end":{"line":43,"column":5}},"line":38},"6":{"name":"(anonymous_6)","decl":{"start":{"line":38,"column":44},"end":{"line":38,"column":45}},"loc":{"start":{"line":38,"column":90},"end":{"line":43,"column":5}},"line":38}},"branchMap":{"0":{"loc":{"start":{"line":18,"column":17},"end":{"line":18,"column":28}},"type":"binary-expr","locations":[{"start":{"line":18,"column":17},"end":{"line":18,"column":22}},{"start":{"line":18,"column":26},"end":{"line":18,"column":28}}],"line":18},"1":{"loc":{"start":{"line":27,"column":6},"end":{"line":32,"column":7}},"type":"if","locations":[{"start":{"line":27,"column":6},"end":{"line":32,"column":7}},{"start":{"line":30,"column":13},"end":{"line":32,"column":7}}],"line":27},"2":{"loc":{"start":{"line":27,"column":10},"end":{"line":27,"column":31}},"type":"binary-expr","locations":[{"start":{"line":27,"column":10},"end":{"line":27,"column":15}},{"start":{"line":27,"column":19},"end":{"line":27,"column":31}}],"line":27},"3":{"loc":{"start":{"line":31,"column":19},"end":{"line":31,"column":53}},"type":"binary-expr","locations":[{"start":{"line":31,"column":19},"end":{"line":31,"column":32}},{"start":{"line":31,"column":36},"end":{"line":31,"column":53}}],"line":31},"4":{"loc":{"start":{"line":39,"column":6},"end":{"line":42,"column":7}},"type":"if","locations":[{"start":{"line":39,"column":6},"end":{"line":42,"column":7}},{"start":{},"end":{}}],"line":39},"5":{"loc":{"start":{"line":39,"column":10},"end":{"line":39,"column":39}},"type":"binary-expr","locations":[{"start":{"line":39,"column":10},"end":{"line":39,"column":16}},{"start":{"line":39,"column":20},"end":{"line":39,"column":39}}],"line":39},"6":{"loc":{"start":{"line":51,"column":15},"end":{"line":51,"column":30}},"type":"binary-expr","locations":[{"start":{"line":51,"column":15},"end":{"line":51,"column":20}},{"start":{"line":51,"column":24},"end":{"line":51,"column":30}}],"line":51},"7":{"loc":{"start":{"line":52,"column":14},"end":{"line":52,"column":28}},"type":"binary-expr","locations":[{"start":{"line":52,"column":14},"end":{"line":52,"column":18}},{"start":{"line":52,"column":22},"end":{"line":52,"column":28}}],"line":52}},"s":{"0":1,"1":3,"2":3,"3":3,"4":1,"5":3,"6":1,"7":3,"8":3,"9":2,"10":1,"11":1,"12":1,"13":3,"14":3,"15":1,"16":1,"17":1,"18":3},"f":{"0":3,"1":1,"2":1,"3":3,"4":2,"5":3,"6":1},"b":{"0":[1,1],"1":[1,1],"2":[2,1],"3":[1,0],"4":[1,0],"5":[1,1],"6":[3,3],"7":[3,3]},"_coverageSchema":"1a1c01bbd47fc00a2c39e90264f33305004495a9","hash":"31ef8a61b282e61af50b88071a86eea635f4950e"},"/home/docker/project/react-boilerplate/react-boilerplate-app/src/suspence/SuspenceLoader.tsx":{"path":"/home/docker/project/react-boilerplate/react-boilerplate-app/src/suspence/SuspenceLoader.tsx","statementMap":{"0":{"start":{"line":3,"column":30},"end":{"line":14,"column":1}},"1":{"start":{"line":4,"column":2},"end":{"line":13,"column":4}}},"fnMap":{"0":{"name":"(anonymous_0)","decl":{"start":{"line":3,"column":30},"end":{"line":3,"column":31}},"loc":{"start":{"line":3,"column":56},"end":{"line":14,"column":1}},"line":3}},"branchMap":{},"s":{"0":1,"1":1},"f":{"0":1},"b":{},"_coverageSchema":"1a1c01bbd47fc00a2c39e90264f33305004495a9","hash":"12aecf734ff78982b74d3292fabac15b7517f073"},"/home/docker/project/react-boilerplate/react-boilerplate-app/src/app/button/component/refresh/AppButtonRefresh.tsx":{"path":"/home/docker/project/react-boilerplate/react-boilerplate-app/src/app/button/component/refresh/AppButtonRefresh.tsx","statementMap":{"0":{"start":{"line":7,"column":59},"end":{"line":20,"column":1}},"1":{"start":{"line":8,"column":2},"end":{"line":19,"column":4}}},"fnMap":{"0":{"name":"(anonymous_0)","decl":{"start":{"line":7,"column":59},"end":{"line":7,"column":60}},"loc":{"start":{"line":7,"column":77},"end":{"line":20,"column":1}},"line":7}},"branchMap":{"0":{"loc":{"start":{"line":10,"column":7},"end":{"line":17,"column":7}},"type":"binary-expr","locations":[{"start":{"line":10,"column":7},"end":{"line":10,"column":15}},{"start":{"line":11,"column":8},"end":{"line":16,"column":10}}],"line":10}},"s":{"0":1,"1":1},"f":{"0":1},"b":{"0":[1,1]},"_coverageSchema":"1a1c01bbd47fc00a2c39e90264f33305004495a9","hash":"fca9f8ee8c637cc16cda800fb7e45ed2d348c33d"},"/home/docker/project/react-boilerplate/react-boilerplate-app/src/hook/handle/useHandleKey.tsx":{"path":"/home/docker/project/react-boilerplate/react-boilerplate-app/src/hook/handle/useHandleKey.tsx","statementMap":{"0":{"start":{"line":3,"column":28},"end":{"line":14,"column":1}},"1":{"start":{"line":4,"column":27},"end":{"line":11,"column":3}},"2":{"start":{"line":5,"column":30},"end":{"line":9,"column":5}},"3":{"start":{"line":6,"column":6},"end":{"line":8,"column":7}},"4":{"start":{"line":7,"column":8},"end":{"line":7,"column":19}},"5":{"start":{"line":13,"column":2},"end":{"line":13,"column":30}}},"fnMap":{"0":{"name":"(anonymous_0)","decl":{"start":{"line":3,"column":28},"end":{"line":3,"column":29}},"loc":{"start":{"line":3,"column":34},"end":{"line":14,"column":1}},"line":3},"1":{"name":"(anonymous_1)","decl":{"start":{"line":5,"column":4},"end":{"line":5,"column":5}},"loc":{"start":{"line":5,"column":30},"end":{"line":9,"column":5}},"line":5},"2":{"name":"(anonymous_2)","decl":{"start":{"line":5,"column":30},"end":{"line":5,"column":31}},"loc":{"start":{"line":5,"column":75},"end":{"line":9,"column":5}},"line":5}},"branchMap":{"0":{"loc":{"start":{"line":6,"column":6},"end":{"line":8,"column":7}},"type":"if","locations":[{"start":{"line":6,"column":6},"end":{"line":8,"column":7}},{"start":{},"end":{}}],"line":6}},"s":{"0":1,"1":2,"2":2,"3":2,"4":1,"5":2},"f":{"0":2,"1":2,"2":2},"b":{"0":[1,1]},"_coverageSchema":"1a1c01bbd47fc00a2c39e90264f33305004495a9","hash":"cac6e0583aa7880add2867212e5b9b7531163b6d"},"/home/docker/project/react-boilerplate/react-boilerplate-app/src/hook/click/useClickOutside.tsx":{"path":"/home/docker/project/react-boilerplate/react-boilerplate-app/src/hook/click/useClickOutside.tsx","statementMap":{"0":{"start":{"line":3,"column":31},"end":{"line":17,"column":1}},"1":{"start":{"line":4,"column":2},"end":{"line":16,"column":22}},"2":{"start":{"line":5,"column":31},"end":{"line":11,"column":5}},"3":{"start":{"line":6,"column":6},"end":{"line":10,"column":7}},"4":{"start":{"line":7,"column":8},"end":{"line":9,"column":16}},"5":{"start":{"line":8,"column":10},"end":{"line":8,"column":21}},"6":{"start":{"line":12,"column":4},"end":{"line":12,"column":63}},"7":{"start":{"line":13,"column":4},"end":{"line":15,"column":6}},"8":{"start":{"line":14,"column":6},"end":{"line":14,"column":68}}},"fnMap":{"0":{"name":"(anonymous_0)","decl":{"start":{"line":3,"column":31},"end":{"line":3,"column":32}},"loc":{"start":{"line":3,"column":105},"end":{"line":17,"column":1}},"line":3},"1":{"name":"(anonymous_1)","decl":{"start":{"line":4,"column":12},"end":{"line":4,"column":13}},"loc":{"start":{"line":4,"column":18},"end":{"line":16,"column":3}},"line":4},"2":{"name":"(anonymous_2)","decl":{"start":{"line":5,"column":31},"end":{"line":5,"column":32}},"loc":{"start":{"line":5,"column":54},"end":{"line":11,"column":5}},"line":5},"3":{"name":"(anonymous_3)","decl":{"start":{"line":7,"column":19},"end":{"line":7,"column":20}},"loc":{"start":{"line":7,"column":25},"end":{"line":9,"column":9}},"line":7},"4":{"name":"(anonymous_4)","decl":{"start":{"line":13,"column":11},"end":{"line":13,"column":12}},"loc":{"start":{"line":13,"column":17},"end":{"line":15,"column":5}},"line":13}},"branchMap":{"0":{"loc":{"start":{"line":6,"column":6},"end":{"line":10,"column":7}},"type":"if","locations":[{"start":{"line":6,"column":6},"end":{"line":10,"column":7}},{"start":{},"end":{}}],"line":6},"1":{"loc":{"start":{"line":6,"column":10},"end":{"line":6,"column":68}},"type":"binary-expr","locations":[{"start":{"line":6,"column":10},"end":{"line":6,"column":21}},{"start":{"line":6,"column":25},"end":{"line":6,"column":68}}],"line":6}},"s":{"0":1,"1":1,"2":1,"3":2,"4":1,"5":1,"6":1,"7":1,"8":1},"f":{"0":1,"1":1,"2":2,"3":1,"4":1},"b":{"0":[1,1],"1":[2,2]},"_coverageSchema":"1a1c01bbd47fc00a2c39e90264f33305004495a9","hash":"6be2dc2549e274f7f3f20affe299ede8318539a0"},"/home/docker/project/react-boilerplate/react-boilerplate-app/src/module/not-found/page/NotFoundPage.tsx":{"path":"/home/docker/project/react-boilerplate/react-boilerplate-app/src/module/not-found/page/NotFoundPage.tsx","statementMap":{"0":{"start":{"line":12,"column":22},"end":{"line":12,"column":57}},"1":{"start":{"line":16,"column":51},"end":{"line":44,"column":1}},"2":{"start":{"line":17,"column":20},"end":{"line":17,"column":37}},"3":{"start":{"line":19,"column":2},"end":{"line":43,"column":4}}},"fnMap":{"0":{"name":"(anonymous_0)","decl":{"start":{"line":16,"column":51},"end":{"line":16,"column":52}},"loc":{"start":{"line":16,"column":57},"end":{"line":44,"column":1}},"line":16}},"branchMap":{},"s":{"0":1,"1":1,"2":1,"3":1},"f":{"0":1},"b":{},"_coverageSchema":"1a1c01bbd47fc00a2c39e90264f33305004495a9","hash":"6dbb85b2ce209eb038fd1606b3bb4363e52d75e3"},"/home/docker/project/react-boilerplate/react-boilerplate-app/src/page/CrudPage.tsx":{"path":"/home/docker/project/react-boilerplate/react-boilerplate-app/src/page/CrudPage.tsx","statementMap":{"0":{"start":{"line":10,"column":42},"end":{"line":19,"column":1}},"1":{"start":{"line":11,"column":2},"end":{"line":18,"column":4}}},"fnMap":{"0":{"name":"(anonymous_0)","decl":{"start":{"line":10,"column":42},"end":{"line":10,"column":43}},"loc":{"start":{"line":10,"column":76},"end":{"line":19,"column":1}},"line":10}},"branchMap":{"0":{"loc":{"start":{"line":10,"column":45},"end":{"line":10,"column":59}},"type":"default-arg","locations":[{"start":{"line":10,"column":57},"end":{"line":10,"column":59}}],"line":10}},"s":{"0":1,"1":1},"f":{"0":1},"b":{"0":[0]},"_coverageSchema":"1a1c01bbd47fc00a2c39e90264f33305004495a9","hash":"7fa50e5d90294393de190af4bc37ce19bb2be3a3"},"/home/docker/project/react-boilerplate/react-boilerplate-app/src/api/interceptor/AxiosInterceptor.ts":{"path":"/home/docker/project/react-boilerplate/react-boilerplate-app/src/api/interceptor/AxiosInterceptor.ts","statementMap":{"0":{"start":{"line":9,"column":19},"end":{"line":9,"column":32}},"1":{"start":{"line":11,"column":32},"end":{"line":92,"column":1}},"2":{"start":{"line":18,"column":2},"end":{"line":42,"column":4}},"3":{"start":{"line":20,"column":6},"end":{"line":20,"column":52}},"4":{"start":{"line":21,"column":6},"end":{"line":21,"column":50}},"5":{"start":{"line":23,"column":20},"end":{"line":23,"column":41}},"6":{"start":{"line":24,"column":6},"end":{"line":34,"column":7}},"7":{"start":{"line":33,"column":8},"end":{"line":33,"column":111}},"8":{"start":{"line":35,"column":6},"end":{"line":35,"column":20}},"9":{"start":{"line":38,"column":6},"end":{"line":38,"column":27}},"10":{"start":{"line":39,"column":6},"end":{"line":39,"column":53}},"11":{"start":{"line":40,"column":6},"end":{"line":40,"column":19}},"12":{"start":{"line":44,"column":2},"end":{"line":91,"column":4}},"13":{"start":{"line":46,"column":6},"end":{"line":46,"column":53}},"14":{"start":{"line":48,"column":6},"end":{"line":52,"column":7}},"15":{"start":{"line":49,"column":8},"end":{"line":49,"column":48}},"16":{"start":{"line":51,"column":8},"end":{"line":51,"column":36}},"17":{"start":{"line":53,"column":6},"end":{"line":53,"column":77}},"18":{"start":{"line":54,"column":6},"end":{"line":54,"column":22}},"19":{"start":{"line":57,"column":6},"end":{"line":57,"column":53}},"20":{"start":{"line":58,"column":70},"end":{"line":58,"column":82}},"21":{"start":{"line":60,"column":30},"end":{"line":62,"column":40}},"22":{"start":{"line":64,"column":6},"end":{"line":89,"column":7}},"23":{"start":{"line":71,"column":8},"end":{"line":71,"column":79}},"24":{"start":{"line":73,"column":48},"end":{"line":73,"column":80}},"25":{"start":{"line":74,"column":8},"end":{"line":82,"column":9}},"26":{"start":{"line":75,"column":10},"end":{"line":75,"column":62}},"27":{"start":{"line":76,"column":23},"end":{"line":78,"column":12}},"28":{"start":{"line":79,"column":10},"end":{"line":79,"column":85}},"29":{"start":{"line":80,"column":10},"end":{"line":80,"column":49}},"30":{"start":{"line":81,"column":10},"end":{"line":81,"column":40}},"31":{"start":{"line":83,"column":13},"end":{"line":89,"column":7}},"32":{"start":{"line":84,"column":8},"end":{"line":84,"column":52}},"33":{"start":{"line":85,"column":8},"end":{"line":85,"column":42}},"34":{"start":{"line":87,"column":8},"end":{"line":87,"column":104}},"35":{"start":{"line":88,"column":8},"end":{"line":88,"column":21}}},"fnMap":{"0":{"name":"(anonymous_0)","decl":{"start":{"line":11,"column":32},"end":{"line":11,"column":33}},"loc":{"start":{"line":17,"column":5},"end":{"line":92,"column":1}},"line":17},"1":{"name":"(anonymous_1)","decl":{"start":{"line":19,"column":4},"end":{"line":19,"column":5}},"loc":{"start":{"line":19,"column":44},"end":{"line":36,"column":5}},"line":19},"2":{"name":"(anonymous_2)","decl":{"start":{"line":37,"column":4},"end":{"line":37,"column":5}},"loc":{"start":{"line":37,"column":27},"end":{"line":41,"column":5}},"line":37},"3":{"name":"(anonymous_3)","decl":{"start":{"line":45,"column":4},"end":{"line":45,"column":5}},"loc":{"start":{"line":45,"column":33},"end":{"line":55,"column":5}},"line":45},"4":{"name":"(anonymous_4)","decl":{"start":{"line":56,"column":4},"end":{"line":56,"column":5}},"loc":{"start":{"line":56,"column":36},"end":{"line":90,"column":5}},"line":56}},"branchMap":{"0":{"loc":{"start":{"line":24,"column":6},"end":{"line":34,"column":7}},"type":"if","locations":[{"start":{"line":24,"column":6},"end":{"line":34,"column":7}},{"start":{},"end":{}}],"line":24},"1":{"loc":{"start":{"line":25,"column":8},"end":{"line":31,"column":38}},"type":"binary-expr","locations":[{"start":{"line":25,"column":8},"end":{"line":25,"column":13}},{"start":{"line":26,"column":8},"end":{"line":26,"column":22}},{"start":{"line":27,"column":8},"end":{"line":27,"column":39}},{"start":{"line":28,"column":8},"end":{"line":28,"column":43}},{"start":{"line":29,"column":8},"end":{"line":29,"column":51}},{"start":{"line":30,"column":8},"end":{"line":30,"column":40}},{"start":{"line":31,"column":8},"end":{"line":31,"column":38}}],"line":25},"2":{"loc":{"start":{"line":60,"column":31},"end":{"line":62,"column":29}},"type":"binary-expr","locations":[{"start":{"line":60,"column":32},"end":{"line":60,"column":52}},{"start":{"line":60,"column":56},"end":{"line":60,"column":103}},{"start":{"line":61,"column":8},"end":{"line":61,"column":21}},{"start":{"line":62,"column":8},"end":{"line":62,"column":29}}],"line":60},"3":{"loc":{"start":{"line":64,"column":6},"end":{"line":89,"column":7}},"type":"if","locations":[{"start":{"line":64,"column":6},"end":{"line":89,"column":7}},{"start":{"line":83,"column":13},"end":{"line":89,"column":7}}],"line":64},"4":{"loc":{"start":{"line":65,"column":8},"end":{"line":69,"column":70}},"type":"binary-expr","locations":[{"start":{"line":65,"column":8},"end":{"line":65,"column":22}},{"start":{"line":66,"column":8},"end":{"line":66,"column":37}},{"start":{"line":67,"column":8},"end":{"line":67,"column":23}},{"start":{"line":68,"column":8},"end":{"line":68,"column":53}},{"start":{"line":69,"column":8},"end":{"line":69,"column":70}}],"line":65},"5":{"loc":{"start":{"line":74,"column":8},"end":{"line":82,"column":9}},"type":"if","locations":[{"start":{"line":74,"column":8},"end":{"line":82,"column":9}},{"start":{},"end":{}}],"line":74},"6":{"loc":{"start":{"line":83,"column":13},"end":{"line":89,"column":7}},"type":"if","locations":[{"start":{"line":83,"column":13},"end":{"line":89,"column":7}},{"start":{"line":86,"column":13},"end":{"line":89,"column":7}}],"line":83},"7":{"loc":{"start":{"line":83,"column":17},"end":{"line":83,"column":64}},"type":"binary-expr","locations":[{"start":{"line":83,"column":17},"end":{"line":83,"column":31}},{"start":{"line":83,"column":35},"end":{"line":83,"column":64}}],"line":83}},"s":{"0":1,"1":1,"2":1,"3":3,"4":3,"5":3,"6":3,"7":1,"8":3,"9":1,"10":1,"11":1,"12":1,"13":1,"14":1,"15":1,"16":1,"17":1,"18":1,"19":5,"20":5,"21":5,"22":5,"23":2,"24":2,"25":2,"26":1,"27":1,"28":1,"29":1,"30":1,"31":3,"32":0,"33":0,"34":3,"35":3},"f":{"0":1,"1":3,"2":1,"3":1,"4":5},"b":{"0":[1,2],"1":[3,1,1,1,1,1,1],"2":[5,1,4,3],"3":[2,3],"4":[5,3,2,2,2],"5":[1,1],"6":[0,3],"7":[3,1]},"_coverageSchema":"1a1c01bbd47fc00a2c39e90264f33305004495a9","hash":"f1624399c0d3393335145b63041bc6369f2efe40"},"/home/docker/project/react-boilerplate/react-boilerplate-app/src/module/user/profile/service/ProfileService.ts":{"path":"/home/docker/project/react-boilerplate/react-boilerplate-app/src/module/user/profile/service/ProfileService.ts","statementMap":{"0":{"start":{"line":7,"column":23},"end":{"line":45,"column":1}},"1":{"start":{"line":15,"column":4},"end":{"line":23,"column":6}},"2":{"start":{"line":27,"column":4},"end":{"line":27,"column":73}},"3":{"start":{"line":31,"column":4},"end":{"line":31,"column":69}},"4":{"start":{"line":34,"column":33},"end":{"line":38,"column":3}},"5":{"start":{"line":35,"column":4},"end":{"line":37,"column":7}},"6":{"start":{"line":36,"column":6},"end":{"line":36,"column":113}},"7":{"start":{"line":40,"column":33},"end":{"line":44,"column":3}},"8":{"start":{"line":41,"column":4},"end":{"line":43,"column":7}},"9":{"start":{"line":42,"column":6},"end":{"line":42,"column":111}}},"fnMap":{"0":{"name":"(anonymous_0)","decl":{"start":{"line":8,"column":13},"end":{"line":8,"column":14}},"loc":{"start":{"line":14,"column":31},"end":{"line":24,"column":3}},"line":14},"1":{"name":"(anonymous_1)","decl":{"start":{"line":26,"column":14},"end":{"line":26,"column":15}},"loc":{"start":{"line":26,"column":51},"end":{"line":28,"column":3}},"line":26},"2":{"name":"(anonymous_2)","decl":{"start":{"line":30,"column":12},"end":{"line":30,"column":13}},"loc":{"start":{"line":30,"column":62},"end":{"line":32,"column":3}},"line":30},"3":{"name":"(anonymous_3)","decl":{"start":{"line":34,"column":10},"end":{"line":34,"column":11}},"loc":{"start":{"line":34,"column":33},"end":{"line":38,"column":3}},"line":34},"4":{"name":"(anonymous_4)","decl":{"start":{"line":34,"column":33},"end":{"line":34,"column":34}},"loc":{"start":{"line":34,"column":57},"end":{"line":38,"column":3}},"line":34},"5":{"name":"(anonymous_5)","decl":{"start":{"line":35,"column":59},"end":{"line":35,"column":60}},"loc":{"start":{"line":35,"column":65},"end":{"line":37,"column":5}},"line":35},"6":{"name":"(anonymous_6)","decl":{"start":{"line":40,"column":10},"end":{"line":40,"column":11}},"loc":{"start":{"line":40,"column":33},"end":{"line":44,"column":3}},"line":40},"7":{"name":"(anonymous_7)","decl":{"start":{"line":40,"column":33},"end":{"line":40,"column":34}},"loc":{"start":{"line":40,"column":57},"end":{"line":44,"column":3}},"line":40},"8":{"name":"(anonymous_8)","decl":{"start":{"line":41,"column":58},"end":{"line":41,"column":59}},"loc":{"start":{"line":41,"column":64},"end":{"line":43,"column":5}},"line":41}},"branchMap":{},"s":{"0":1,"1":1,"2":1,"3":1,"4":1,"5":1,"6":1,"7":1,"8":1,"9":1},"f":{"0":1,"1":1,"2":1,"3":1,"4":1,"5":1,"6":1,"7":1,"8":1},"b":{},"_coverageSchema":"1a1c01bbd47fc00a2c39e90264f33305004495a9","hash":"0c3195492ef90a0b47174df8e497e43ced3b04b4"},"/home/docker/project/react-boilerplate/react-boilerplate-app/src/i18n/i18n.js":{"path":"/home/docker/project/react-boilerplate/react-boilerplate-app/src/i18n/i18n.js","statementMap":{"0":{"start":{"line":5,"column":18},"end":{"line":5,"column":20}},"1":{"start":{"line":7,"column":0},"end":{"line":15,"column":5}}},"fnMap":{},"branchMap":{},"s":{"0":1,"1":1},"f":{},"b":{},"_coverageSchema":"1a1c01bbd47fc00a2c39e90264f33305004495a9","hash":"cd5a5b66a52ed139d020476926fe8b8d372dc486"}}}
